DEBUG 2022-02-16 01:05:12.633 UTC: 	 CRAB Client version: v3.211130
DEBUG 2022-02-16 01:05:12.634 UTC: 	 Running on: Linux tamsa2 3.10.0-1160.15.2.el7.x86_64 #1 SMP Wed Feb 3 15:06:38 UTC 2021 x86_64 x86_64 x86_64 GNU/Linux - CentOS Linux 7 (Core)
DEBUG 2022-02-16 01:05:12.634 UTC: 	 Executing command: 'submit'
DEBUG 2022-02-16 01:05:12.634 UTC: 	 Found CRAB cache file /home/youngwan/.crab3
DEBUG 2022-02-16 01:05:12.636 UTC: 	 Will use CRAB Analysis plugin (i.e. will run an analysis job type).
DEBUG 2022-02-16 01:05:13.046 UTC: 	 Checking credentials
DEBUG 2022-02-16 01:05:13.046 UTC: 	 Found proxy file /tmp/x509up_u5587
DEBUG 2022-02-16 01:05:13.046 UTC: 	 Getting proxy life time left
DEBUG 2022-02-16 01:05:13.046 UTC: 	 Executing command :
 voms-proxy-info --actimeleft --timeleft --file /tmp/x509up_u5587
DEBUG 2022-02-16 01:05:13.140 UTC: 	 output : 689922
689922

 error: 
 retcode : 0
DEBUG 2022-02-16 01:05:13.141 UTC: 	 Proxy valid for 191:38:42 hours
DEBUG 2022-02-16 01:05:13.301 UTC: 	 Encoded data for curl request: subresource=delegatedn
DEBUG 2022-02-16 01:05:13.303 UTC: 	 Executing command :
 curl -v -X GET -H "User-Agent: CRABClient/v3.211130" -H "Accept: */*" --data @/tmp/curlDataIiDrXx --cert "/tmp/x509up_u5587" --key "/tmp/x509up_u5587" --capath "/etc/grid-security/certificates/" "https://cmsweb.cern.ch:8443/crabserver/prod/info?subresource=delegatedn" | tee /dev/stderr 
DEBUG 2022-02-16 01:05:14.874 UTC: 	 output : {"result": [
 {"services": ["/DC=ch/DC=cern/OU=computers/CN=crab-(preprod|prod|dev)-tw(02|01).cern.ch|/DC=ch/DC=cern/OU=computers/CN=stefanov(m|m2).cern.ch|/DC=ch/DC=cern/OU=computers/CN=dciangot-tw.cern.ch"]}
]}

 error:   % Total    % Received % Xferd  Average Speed   Time    Time     Time  Current
                                 Dload  Upload   Total   Spent    Left  Speed
  0     0    0     0    0     0      0      0 --:--:-- --:--:-- --:--:--     0*   Trying 188.184.75.95...
* TCP_NODELAY set
* Connected to cmsweb.cern.ch (188.184.75.95) port 8443 (#0)
* ALPN, offering http/1.1
* Cipher selection: ALL:!EXPORT:!EXPORT40:!EXPORT56:!aNULL:!LOW:!RC4:@STRENGTH
* successfully set certificate verify locations:
  CAfile: /etc/pki/tls/certs/ca-bundle.crt
  CApath: /etc/grid-security/certificates/
* TLSv1.2 (OUT), TLS header, Certificate Status (22):
} [5 bytes data]
* TLSv1.2 (OUT), TLS handshake, Client hello (1):
} [512 bytes data]
* TLSv1.2 (IN), TLS handshake, Server hello (2):
{ [109 bytes data]
* TLSv1.2 (IN), TLS handshake, Certificate (11):
{ [6224 bytes data]
* TLSv1.2 (IN), TLS handshake, Server key exchange (12):
{ [333 bytes data]
* TLSv1.2 (IN), TLS handshake, Request CERT (13):
{ [13495 bytes data]
* TLSv1.2 (IN), TLS handshake, Server finished (14):
{ [4 bytes data]
* TLSv1.2 (OUT), TLS handshake, Certificate (11):
} [6578 bytes data]
* TLSv1.2 (OUT), TLS handshake, Client key exchange (16):
} [70 bytes data]
* TLSv1.2 (OUT), TLS handshake, CERT verify (15):
} [136 bytes data]
* TLSv1.2 (OUT), TLS change cipher, Client hello (1):
} [1 bytes data]
* TLSv1.2 (OUT), TLS handshake, Finished (20):
} [16 bytes data]
  0     0    0     0    0     0      0      0 --:--:-- --:--:-- --:--:--     0* TLSv1.2 (IN), TLS change cipher, Client hello (1):
{ [1 bytes data]
* TLSv1.2 (IN), TLS handshake, Finished (20):
{ [16 bytes data]
* SSL connection using TLSv1.2 / ECDHE-RSA-AES128-GCM-SHA256
* ALPN, server accepted to use http/1.1
* Server certificate:
*  subject: DC=ch; DC=cern; OU=computers; CN=cmsweb.cern.ch
*  start date: Feb  2 08:08:53 2021 GMT
*  expire date: Mar  9 08:08:53 2022 GMT
*  subjectAltName: host "cmsweb.cern.ch" matched cert's "cmsweb.cern.ch"
*  issuer: DC=ch; DC=cern; CN=CERN Grid Certification Authority
*  SSL certificate verify ok.
} [5 bytes data]
> GET /crabserver/prod/info?subresource=delegatedn HTTP/1.1
> Host: cmsweb.cern.ch:8443
> User-Agent: CRABClient/v3.211130
> Accept: */*
> Content-Length: 22
> Content-Type: application/x-www-form-urlencoded
> 
} [22 bytes data]
* upload completely sent off: 22 out of 22 bytes
{ [5 bytes data]
< HTTP/1.1 200 OK
< Date: Wed, 16 Feb 2022 01:05:14 GMT
< Server: nginx/1.17.10
< Content-Type: application/json
< Content-Length: 213
< Vary: Accept
< Cache-Control: max-age=3600
< X-Rest-Status: 100
< Etag: "de92dcb56f87dabbe30965e60a433c3f1b873eab"
< X-Rest-Time: 2408.743 us
< CMS-Server-Time: D=16209 t=1644973514707504
< 
{ [5 bytes data]
100   235  100   213  100    22    138     14  0:00:01  0:00:01 --:--:--   153
* Connection #0 to host cmsweb.cern.ch left intact
{"result": [
 {"services": ["/DC=ch/DC=cern/OU=computers/CN=crab-(preprod|prod|dev)-tw(02|01).cern.ch|/DC=ch/DC=cern/OU=computers/CN=stefanov(m|m2).cern.ch|/DC=ch/DC=cern/OU=computers/CN=dciangot-tw.cern.ch"]}
]}

 retcode : 0
DEBUG 2022-02-16 01:05:14.876 UTC: 	 Registering user credentials on myproxy for /DC=ch/DC=cern/OU=computers/CN=crab-(preprod|prod|dev)-tw(02|01).cern.ch|/DC=ch/DC=cern/OU=computers/CN=stefanov(m|m2).cern.ch|/DC=ch/DC=cern/OU=computers/CN=dciangot-tw.cern.ch
DEBUG 2022-02-16 01:05:14.877 UTC: 	 Executing command :
 voms-proxy-info --identity --file /tmp/x509up_u5587
DEBUG 2022-02-16 01:05:14.959 UTC: 	 output : /DC=ch/DC=cern/OU=Organic Units/OU=Users/CN=youngwan/CN=848372/CN=Youngwan Kim

 error: 
 retcode : 0
DEBUG 2022-02-16 01:05:14.960 UTC: 	 Getting myproxy life time left for 28ee36cca2c7520b5a2cacb662bf2ed5cc017f9c
DEBUG 2022-02-16 01:05:14.960 UTC: 	 Executing command :
 myproxy-info -s myproxy.cern.ch -l 28ee36cca2c7520b5a2cacb662bf2ed5cc017f9c
DEBUG 2022-02-16 01:05:17.324 UTC: 	 output : username: 28ee36cca2c7520b5a2cacb662bf2ed5cc017f9c
owner: /DC=ch/DC=cern/OU=Organic Units/OU=Users/CN=youngwan/CN=848372/CN=Youngwan Kim
  renewal policy: /DC=ch/DC=cern/OU=computers/CN=crab-(preprod|prod|dev)-tw(02|01).cern.ch|/DC=ch/DC=cern/OU=computers/CN=stefanov(m|m2).cern.ch|/DC=ch/DC=cern/OU=computers/CN=dciangot-tw.cern.ch
  trusted retrieval policy: /DC=ch/DC=cern/OU=computers/CN=crab-(preprod|prod|dev)-tw(02|01).cern.ch|/DC=ch/DC=cern/OU=computers/CN=stefanov(m|m2).cern.ch|/DC=ch/DC=cern/OU=computers/CN=dciangot-tw.cern.ch
  timeleft: 719:39:17  (30.0 days)

 error: 
 retcode : 0
DEBUG 2022-02-16 01:05:17.324 UTC: 	 Myproxy is valid: 2590740
DEBUG 2022-02-16 01:05:17.324 UTC: 	 Result of myproxy credential check:
  Credential exists on myproxy: username: 28ee36cca2c7520b5a2cacb662bf2ed5cc017f9c  - validity: 29 days, 23:39:00
DEBUG 2022-02-16 01:05:17.325 UTC: 	 Command use: submit
DEBUG 2022-02-16 01:05:17.325 UTC: 	 Options use: ['--config', <WMCore.Configuration.Configuration object at 0x7f5ea5d2cdd0>]
DEBUG 2022-02-16 01:05:17.325 UTC: 	 Encoded data for curl request: subresource=version
DEBUG 2022-02-16 01:05:17.326 UTC: 	 Executing command :
 curl -v -X GET -H "User-Agent: CRABClient/v3.211130" -H "Accept: */*" --data @/tmp/curlDataOdylEi --cert "/tmp/x509up_u5587" --key "/tmp/x509up_u5587" --capath "/etc/grid-security/certificates/" "https://cmsweb.cern.ch:8443/crabserver/prod/info?subresource=version" | tee /dev/stderr 
DEBUG 2022-02-16 01:05:18.844 UTC: 	 output : {"result": [
 ["3.3.19", "3.3.20", "v3", "development", "py3.220124"]
]}

 error:   % Total    % Received % Xferd  Average Speed   Time    Time     Time  Current
                                 Dload  Upload   Total   Spent    Left  Speed
  0     0    0     0    0     0      0      0 --:--:-- --:--:-- --:--:--     0*   Trying 188.185.88.214...
* TCP_NODELAY set
* Connected to cmsweb.cern.ch (188.185.88.214) port 8443 (#0)
* ALPN, offering http/1.1
* Cipher selection: ALL:!EXPORT:!EXPORT40:!EXPORT56:!aNULL:!LOW:!RC4:@STRENGTH
* successfully set certificate verify locations:
  CAfile: /etc/pki/tls/certs/ca-bundle.crt
  CApath: /etc/grid-security/certificates/
* TLSv1.2 (OUT), TLS header, Certificate Status (22):
} [5 bytes data]
* TLSv1.2 (OUT), TLS handshake, Client hello (1):
} [512 bytes data]
* TLSv1.2 (IN), TLS handshake, Server hello (2):
{ [109 bytes data]
* TLSv1.2 (IN), TLS handshake, Certificate (11):
{ [6224 bytes data]
* TLSv1.2 (IN), TLS handshake, Server key exchange (12):
{ [333 bytes data]
* TLSv1.2 (IN), TLS handshake, Request CERT (13):
{ [13495 bytes data]
* TLSv1.2 (IN), TLS handshake, Server finished (14):
{ [4 bytes data]
* TLSv1.2 (OUT), TLS handshake, Certificate (11):
} [6578 bytes data]
* TLSv1.2 (OUT), TLS handshake, Client key exchange (16):
} [70 bytes data]
* TLSv1.2 (OUT), TLS handshake, CERT verify (15):
} [136 bytes data]
* TLSv1.2 (OUT), TLS change cipher, Client hello (1):
} [1 bytes data]
* TLSv1.2 (OUT), TLS handshake, Finished (20):
} [16 bytes data]
  0     0    0     0    0     0      0      0 --:--:-- --:--:-- --:--:--     0* TLSv1.2 (IN), TLS change cipher, Client hello (1):
{ [1 bytes data]
* TLSv1.2 (IN), TLS handshake, Finished (20):
{ [16 bytes data]
* SSL connection using TLSv1.2 / ECDHE-RSA-AES128-GCM-SHA256
* ALPN, server accepted to use http/1.1
* Server certificate:
*  subject: DC=ch; DC=cern; OU=computers; CN=cmsweb.cern.ch
*  start date: Feb  2 08:08:53 2021 GMT
*  expire date: Mar  9 08:08:53 2022 GMT
*  subjectAltName: host "cmsweb.cern.ch" matched cert's "cmsweb.cern.ch"
*  issuer: DC=ch; DC=cern; CN=CERN Grid Certification Authority
*  SSL certificate verify ok.
} [5 bytes data]
> GET /crabserver/prod/info?subresource=version HTTP/1.1
> Host: cmsweb.cern.ch:8443
> User-Agent: CRABClient/v3.211130
> Accept: */*
> Content-Length: 19
> Content-Type: application/x-www-form-urlencoded
> 
} [19 bytes data]
* upload completely sent off: 19 out of 19 bytes
{ [5 bytes data]
< HTTP/1.1 200 OK
< Date: Wed, 16 Feb 2022 01:05:18 GMT
< Server: nginx/1.17.10
< Content-Type: application/json
< Content-Length: 73
< Vary: Accept
< Cache-Control: max-age=3600
< X-Rest-Status: 100
< Etag: "3309a93c90cdb00bd297a532c9c67f645a0b4b24"
< X-Rest-Time: 2560.139 us
< CMS-Server-Time: D=11616 t=1644973518682622
< 
{ [5 bytes data]
100    92  100    73  100    19     49     12  0:00:01  0:00:01 --:--:--    62
* Connection #0 to host cmsweb.cern.ch left intact
{"result": [
 ["3.3.19", "3.3.20", "v3", "development", "py3.220124"]
]}

 retcode : 0
DEBUG 2022-02-16 01:05:18.846 UTC: 	 CRABClient version: v3.211130
DEBUG 2022-02-16 01:05:18.846 UTC: 	 Instance is prod
DEBUG 2022-02-16 01:05:18.846 UTC: 	 Server base url is cmsweb.cern.ch
DEBUG 2022-02-16 01:05:18.846 UTC: 	 Command api workflow
DEBUG 2022-02-16 01:05:18.846 UTC: 	 Started submission
DEBUG 2022-02-16 01:05:18.847 UTC: 	 Working on /data9/Users/youngwan/work/HNTypeI_TnP/CMSSW_10_6_13/src/EgammaAnalysis/TnPTreeProducer/crab/crab_ElectronTnP_HNtypeI_UL/crab_UL2017_Run2017F
DEBUG 2022-02-16 01:05:18.847 UTC: 	 Encoded data for curl request: subresource=backendurls
DEBUG 2022-02-16 01:05:18.848 UTC: 	 Executing command :
 curl -v -X GET -H "User-Agent: CRABClient/v3.211130" -H "Accept: */*" --data @/tmp/curlDataxSzJ0f --cert "/tmp/x509up_u5587" --key "/tmp/x509up_u5587" --capath "/etc/grid-security/certificates/" "https://cmsweb.cern.ch:8443/crabserver/prod/info?subresource=backendurls" | tee /dev/stderr 
DEBUG 2022-02-16 01:05:20.385 UTC: 	 output : {"result": [
 {"cacheSSL": "https://cmsweb.cern.ch/S3/crabcache_prod", "htcondorSchedds": {"crab3@vocms059.cern.ch": {"proxiedurl": "https://cmsweb.cern.ch:8443/scheddmon/059", "weightfactor": 0}, "crab3@vocms068.cern.ch": {"proxiedurl": "https://cmsweb.cern.ch:8443/scheddmon/068", "weightfactor": 1}, "crab3@vocms069.cern.ch": {"proxiedurl": "https://cmsweb.cern.ch:8443/scheddmon/069", "weightfactor": 1}, "crab3@vocms0106.cern.ch": {"proxiedurl": "https://cmsweb.cern.ch:8443/scheddmon/0106", "weightfactor": 1}, "crab3@vocms0107.cern.ch": {"proxiedurl": "https://cmsweb.cern.ch:8443/scheddmon/0107", "weightfactor": 1}, "crab3@vocms0119.cern.ch": {"proxiedurl": "https://cmsweb.cern.ch:8443/scheddmon/0119", "weightfactor": 1}, "crab3@vocms0120.cern.ch": {"proxiedurl": "https://cmsweb.cern.ch:8443/scheddmon/0120", "weightfactor": 1}, "crab3@vocms0121.cern.ch": {"proxiedurl": "https://cmsweb.cern.ch:8443/scheddmon/0121", "weightfactor": 1}, "crab3@vocms0122.cern.ch": {"proxiedurl": "https://cmsweb.cern.ch:8443/scheddmon/0122", "weightfactor": 1}, "crab3@vocms0137.cern.ch": {"proxiedurl": "https://cmsweb.cern.ch:8443/scheddmon/0137", "weightfactor": 1}, "crab3@vocms0144.cern.ch": {"proxiedurl": "https://cmsweb.cern.ch:8443/scheddmon/0144", "weightfactor": 1}, "crab3@vocms0155.cern.ch": {"proxiedurl": "https://cmsweb.cern.ch:8443/scheddmon/0155", "weightfactor": 1}, "crab3@vocms0194.cern.ch": {"proxiedurl": "https://cmsweb.cern.ch:8443/scheddmon/0194", "weightfactor": 1}, "crab3@vocms0195.cern.ch": {"proxiedurl": "https://cmsweb.cern.ch:8443/scheddmon/0195", "weightfactor": 1}, "crab3@vocms0196.cern.ch": {"proxiedurl": "https://cmsweb.cern.ch:8443/scheddmon/0196", "weightfactor": 1}, "crab3@vocms0197.cern.ch": {"proxiedurl": "https://cmsweb.cern.ch:8443/scheddmon/0197", "weightfactor": 1}, "crab3@vocms0198.cern.ch": {"proxiedurl": "https://cmsweb.cern.ch:8443/scheddmon/0198", "weightfactor": 1}, "crab3@vocms0199.cern.ch": {"proxiedurl": "https://cmsweb.cern.ch:8443/scheddmon/0199", "weightfactor": 1}}, "asoConfig": [{"couchURL": "https://cmsweb.cern.ch/crabserver/prod", "couchDBName": "filetransfers"}], "htcondorPool": "cmsgwms-collector-global.cern.ch:9620,cmsgwms-collector-global.fnal.gov:9620"}
]}

 error:   % Total    % Received % Xferd  Average Speed   Time    Time     Time  Current
                                 Dload  Upload   Total   Spent    Left  Speed
  0     0    0     0    0     0      0      0 --:--:-- --:--:-- --:--:--     0*   Trying 188.184.75.95...
* TCP_NODELAY set
* Connected to cmsweb.cern.ch (188.184.75.95) port 8443 (#0)
  0     0    0     0    0     0      0      0 --:--:-- --:--:-- --:--:--     0* ALPN, offering http/1.1
* Cipher selection: ALL:!EXPORT:!EXPORT40:!EXPORT56:!aNULL:!LOW:!RC4:@STRENGTH
* successfully set certificate verify locations:
  CAfile: /etc/pki/tls/certs/ca-bundle.crt
  CApath: /etc/grid-security/certificates/
* TLSv1.2 (OUT), TLS header, Certificate Status (22):
} [5 bytes data]
* TLSv1.2 (OUT), TLS handshake, Client hello (1):
} [512 bytes data]
* TLSv1.2 (IN), TLS handshake, Server hello (2):
{ [109 bytes data]
* TLSv1.2 (IN), TLS handshake, Certificate (11):
{ [6224 bytes data]
* TLSv1.2 (IN), TLS handshake, Server key exchange (12):
{ [333 bytes data]
* TLSv1.2 (IN), TLS handshake, Request CERT (13):
{ [13495 bytes data]
* TLSv1.2 (IN), TLS handshake, Server finished (14):
{ [4 bytes data]
* TLSv1.2 (OUT), TLS handshake, Certificate (11):
} [6578 bytes data]
* TLSv1.2 (OUT), TLS handshake, Client key exchange (16):
} [70 bytes data]
* TLSv1.2 (OUT), TLS handshake, CERT verify (15):
} [136 bytes data]
* TLSv1.2 (OUT), TLS change cipher, Client hello (1):
} [1 bytes data]
* TLSv1.2 (OUT), TLS handshake, Finished (20):
} [16 bytes data]
* TLSv1.2 (IN), TLS change cipher, Client hello (1):
{ [1 bytes data]
* TLSv1.2 (IN), TLS handshake, Finished (20):
{ [16 bytes data]
* SSL connection using TLSv1.2 / ECDHE-RSA-AES128-GCM-SHA256
* ALPN, server accepted to use http/1.1
* Server certificate:
*  subject: DC=ch; DC=cern; OU=computers; CN=cmsweb.cern.ch
*  start date: Feb  2 08:08:53 2021 GMT
*  expire date: Mar  9 08:08:53 2022 GMT
*  subjectAltName: host "cmsweb.cern.ch" matched cert's "cmsweb.cern.ch"
*  issuer: DC=ch; DC=cern; CN=CERN Grid Certification Authority
*  SSL certificate verify ok.
} [5 bytes data]
> GET /crabserver/prod/info?subresource=backendurls HTTP/1.1
> Host: cmsweb.cern.ch:8443
> User-Agent: CRABClient/v3.211130
> Accept: */*
> Content-Length: 23
> Content-Type: application/x-www-form-urlencoded
> 
} [23 bytes data]
* upload completely sent off: 23 out of 23 bytes
{ [5 bytes data]
< HTTP/1.1 200 OK
< Date: Wed, 16 Feb 2022 01:05:20 GMT
< Server: nginx/1.17.10
< Content-Type: application/json
< Content-Length: 2232
< Vary: Accept-Encoding,Accept
< Cache-Control: max-age=3600
< X-Rest-Status: 100
< Etag: "33581c872b594825cd6b153efac3e8632410185f"
< X-Rest-Time: 2466.440 us
< CMS-Server-Time: D=12750 t=1644973520221199
< 
  1  2255    0     0  100    23      0     15  0:00:01  0:00:01 --:--:--    15{ [5 bytes data]
100  2255  100  2232  100    23   1486     15  0:00:01  0:00:01 --:--:--  1501
* Connection #0 to host cmsweb.cern.ch left intact
{"result": [
 {"cacheSSL": "https://cmsweb.cern.ch/S3/crabcache_prod", "htcondorSchedds": {"crab3@vocms059.cern.ch": {"proxiedurl": "https://cmsweb.cern.ch:8443/scheddmon/059", "weightfactor": 0}, "crab3@vocms068.cern.ch": {"proxiedurl": "https://cmsweb.cern.ch:8443/scheddmon/068", "weightfactor": 1}, "crab3@vocms069.cern.ch": {"proxiedurl": "https://cmsweb.cern.ch:8443/scheddmon/069", "weightfactor": 1}, "crab3@vocms0106.cern.ch": {"proxiedurl": "https://cmsweb.cern.ch:8443/scheddmon/0106", "weightfactor": 1}, "crab3@vocms0107.cern.ch": {"proxiedurl": "https://cmsweb.cern.ch:8443/scheddmon/0107", "weightfactor": 1}, "crab3@vocms0119.cern.ch": {"proxiedurl": "https://cmsweb.cern.ch:8443/scheddmon/0119", "weightfactor": 1}, "crab3@vocms0120.cern.ch": {"proxiedurl": "https://cmsweb.cern.ch:8443/scheddmon/0120", "weightfactor": 1}, "crab3@vocms0121.cern.ch": {"proxiedurl": "https://cmsweb.cern.ch:8443/scheddmon/0121", "weightfactor": 1}, "crab3@vocms0122.cern.ch": {"proxiedurl": "https://cmsweb.cern.ch:8443/scheddmon/0122", "weightfactor": 1}, "crab3@vocms0137.cern.ch": {"proxiedurl": "https://cmsweb.cern.ch:8443/scheddmon/0137", "weightfactor": 1}, "crab3@vocms0144.cern.ch": {"proxiedurl": "https://cmsweb.cern.ch:8443/scheddmon/0144", "weightfactor": 1}, "crab3@vocms0155.cern.ch": {"proxiedurl": "https://cmsweb.cern.ch:8443/scheddmon/0155", "weightfactor": 1}, "crab3@vocms0194.cern.ch": {"proxiedurl": "https://cmsweb.cern.ch:8443/scheddmon/0194", "weightfactor": 1}, "crab3@vocms0195.cern.ch": {"proxiedurl": "https://cmsweb.cern.ch:8443/scheddmon/0195", "weightfactor": 1}, "crab3@vocms0196.cern.ch": {"proxiedurl": "https://cmsweb.cern.ch:8443/scheddmon/0196", "weightfactor": 1}, "crab3@vocms0197.cern.ch": {"proxiedurl": "https://cmsweb.cern.ch:8443/scheddmon/0197", "weightfactor": 1}, "crab3@vocms0198.cern.ch": {"proxiedurl": "https://cmsweb.cern.ch:8443/scheddmon/0198", "weightfactor": 1}, "crab3@vocms0199.cern.ch": {"proxiedurl": "https://cmsweb.cern.ch:8443/scheddmon/0199", "weightfactor": 1}}, "asoConfig": [{"couchURL": "https://cmsweb.cern.ch/crabserver/prod", "couchDBName": "filetransfers"}], "htcondorPool": "cmsgwms-collector-global.cern.ch:9620,cmsgwms-collector-global.fnal.gov:9620"}
]}

 retcode : 0
DEBUG 2022-02-16 01:05:20.469 UTC: 	 Loading required information from the environment
DEBUG 2022-02-16 01:05:20.470 UTC: 	 Found CMSSW_10_6_13 for slc7_amd64_gcc820 with base /data9/Users/youngwan/work/HNTypeI_TnP/CMSSW_10_6_13
DEBUG 2022-02-16 01:05:20.470 UTC: 	 Loading required information from the environment
DEBUG 2022-02-16 01:05:20.470 UTC: 	 Found CMSSW_10_6_13 for slc7_amd64_gcc820 with base /data9/Users/youngwan/work/HNTypeI_TnP/CMSSW_10_6_13
DEBUG 2022-02-16 01:05:20.470 UTC: 	 UNIQUE NAME: tarUUID f0f4c736-946d-479f-9e70-6c27c955ecc6 
DEBUG 2022-02-16 01:05:20.471 UTC: 	 self.config: from WMCore.Configuration import Configuration
config = Configuration()
config.section_('General')
config.General.workArea = 'crab_ElectronTnP_HNtypeI_UL'
config.General.transferLogs = False
config.General.requestName = 'UL2017_Run2017F'
config.section_('JobType')
config.JobType.psetName = '../python/TnPTreeProducer_cfg.py'
config.JobType.pluginName = 'Analysis'
config.JobType.pyCfgParams = ['doEleID=True', 'doPhoID=False', 'doTrigger=True', 'isMC=False', 'era=UL2017']
config.JobType.sendExternalFolder = True
config.JobType.allowUndistributedCMSSW = True
config.section_('Data')
config.Data.inputDataset = '/SingleElectron/Run2017F-09Aug2019_UL2017_EcalRecovery-v1/MINIAOD'
config.Data.allowNonValidInputDataset = True
config.Data.publication = False
config.Data.unitsPerJob = 25
config.Data.splitting = 'LumiBased'
config.Data.inputDBS = 'global'
config.Data.outLFNDirBase = '/store/user/youngwan/ElectronTnP_HNtypeI_UL/UL2017/data/'
config.Data.lumiMask = '/data9/Users/youngwan/work/HNTypeI_TnP/CMSSW_10_6_13/src/EgammaAnalysis/TnPTreeProducer/crab/JSON/Cert_294927-306462_13TeV_UL2017_Collisions17_GoldenJSON.txt'
config.section_('Site')
config.Site.storageSite = 'T3_KR_KISTI'
config.section_('User')
config.section_('Debug')

DEBUG 2022-02-16 01:05:20.471 UTC: 	 self.config.JobType.psetName: ../python/TnPTreeProducer_cfg.py
INFO 2022-02-16 01:05:20.471 UTC: 	 Importing CMSSW configuration ../python/TnPTreeProducer_cfg.py
DEBUG 2022-02-16 01:05:20.471 UTC: 	 Additional parameters for the CMSSW configuration are: ['doEleID=True', 'doPhoID=False', 'doTrigger=True', 'isMC=False', 'era=UL2017']
INFO 2022-02-16 01:05:23.570 UTC: 	 Finished importing CMSSW configuration ../python/TnPTreeProducer_cfg.py
DEBUG 2022-02-16 01:05:23.571 UTC: 	 Writing CMSSW configuration to /data9/Users/youngwan/work/HNTypeI_TnP/CMSSW_10_6_13/src/EgammaAnalysis/TnPTreeProducer/crab/crab_ElectronTnP_HNtypeI_UL/crab_UL2017_Run2017F/inputs/PSet.py
DEBUG 2022-02-16 01:05:24.514 UTC: 	 The following EDM output files will be collected: []
DEBUG 2022-02-16 01:05:24.515 UTC: 	 The following TFile output files will be collected: ['TnPTree_data.root']
DEBUG 2022-02-16 01:05:24.515 UTC: 	 The following user output files (not listed as PoolOuputModule or TFileService in the CMSSW PSet) will be collected: 
DEBUG 2022-02-16 01:05:24.515 UTC: 	 Loading required information from the environment
DEBUG 2022-02-16 01:05:24.515 UTC: 	 Found CMSSW_10_6_13 for slc7_amd64_gcc820 with base /data9/Users/youngwan/work/HNTypeI_TnP/CMSSW_10_6_13
DEBUG 2022-02-16 01:05:24.515 UTC: 	 Making tarball in /data9/Users/youngwan/work/HNTypeI_TnP/CMSSW_10_6_13/src/EgammaAnalysis/TnPTreeProducer/crab/crab_ElectronTnP_HNtypeI_UL/crab_UL2017_Run2017F/inputs/f0f4c736-946d-479f-9e70-6c27c955ecc6default.tgz
DEBUG 2022-02-16 01:05:24.535 UTC: 	 Checking directory /data9/Users/youngwan/work/HNTypeI_TnP/CMSSW_10_6_13/lib
DEBUG 2022-02-16 01:05:24.535 UTC: 	 Adding directory /data9/Users/youngwan/work/HNTypeI_TnP/CMSSW_10_6_13/lib to tarball
DEBUG 2022-02-16 01:05:24.661 UTC: 	 Checking directory /data9/Users/youngwan/work/HNTypeI_TnP/CMSSW_10_6_13/biglib
DEBUG 2022-02-16 01:05:24.662 UTC: 	 Adding directory /data9/Users/youngwan/work/HNTypeI_TnP/CMSSW_10_6_13/biglib to tarball
DEBUG 2022-02-16 01:05:24.662 UTC: 	 Checking directory /data9/Users/youngwan/work/HNTypeI_TnP/CMSSW_10_6_13/module
DEBUG 2022-02-16 01:05:24.662 UTC: 	 Checking directory /data9/Users/youngwan/work/HNTypeI_TnP/CMSSW_10_6_13/external
DEBUG 2022-02-16 01:05:24.662 UTC: 	 Adding directory /data9/Users/youngwan/work/HNTypeI_TnP/CMSSW_10_6_13/external to tarball
DEBUG 2022-02-16 01:05:26.022 UTC: 	 Adding data directory /data9/Users/youngwan/work/HNTypeI_TnP/CMSSW_10_6_13/src/EgammaAnalysis/TnPTreeProducer/data to tarball
DEBUG 2022-02-16 01:05:31.382 UTC: 	 Uploading archive /data9/Users/youngwan/work/HNTypeI_TnP/CMSSW_10_6_13/src/EgammaAnalysis/TnPTreeProducer/crab/crab_ElectronTnP_HNtypeI_UL/crab_UL2017_Run2017F/inputs/f0f4c736-946d-479f-9e70-6c27c955ecc6default.tgz (6.645508.1 MB) to the CRAB cache. Using URI https://cmsweb.cern.ch/S3/crabcache_prod
DEBUG 2022-02-16 01:05:35.244 UTC: 	 Encoded data for curl request: tarballname=0341e97bbd86ccfb155d9f0a79728d784f7fe1833aa93ac3c7e1e791d264b786.tar.gz&subresource=upload&objecttype=sandbox
DEBUG 2022-02-16 01:05:35.244 UTC: 	 Executing command :
 curl -v -X GET -H "User-Agent: CRABClient/v3.211130" -H "Accept: */*" --data @/tmp/curlDataCQkvNi --cert "/tmp/x509up_u5587" --key "/tmp/x509up_u5587" --capath "/etc/grid-security/certificates/" "https://cmsweb.cern.ch:8443/crabserver/prod/cache?tarballname=0341e97bbd86ccfb155d9f0a79728d784f7fe1833aa93ac3c7e1e791d264b786.tar.gz&subresource=upload&objecttype=sandbox" | tee /dev/stderr 
DEBUG 2022-02-16 01:05:37.059 UTC: 	 output : {"result": [
 ""
,{}
]}

 error:   % Total    % Received % Xferd  Average Speed   Time    Time     Time  Current
                                 Dload  Upload   Total   Spent    Left  Speed
  0     0    0     0    0     0      0      0 --:--:-- --:--:-- --:--:--     0*   Trying 188.185.120.166...
* TCP_NODELAY set
* Connected to cmsweb.cern.ch (188.185.120.166) port 8443 (#0)
* ALPN, offering http/1.1
* Cipher selection: ALL:!EXPORT:!EXPORT40:!EXPORT56:!aNULL:!LOW:!RC4:@STRENGTH
* successfully set certificate verify locations:
  CAfile: /etc/pki/tls/certs/ca-bundle.crt
  CApath: /etc/grid-security/certificates/
* TLSv1.2 (OUT), TLS header, Certificate Status (22):
} [5 bytes data]
* TLSv1.2 (OUT), TLS handshake, Client hello (1):
} [512 bytes data]
* TLSv1.2 (IN), TLS handshake, Server hello (2):
{ [109 bytes data]
* TLSv1.2 (IN), TLS handshake, Certificate (11):
{ [6224 bytes data]
* TLSv1.2 (IN), TLS handshake, Server key exchange (12):
{ [333 bytes data]
* TLSv1.2 (IN), TLS handshake, Request CERT (13):
{ [13495 bytes data]
* TLSv1.2 (IN), TLS handshake, Server finished (14):
{ [4 bytes data]
* TLSv1.2 (OUT), TLS handshake, Certificate (11):
} [6578 bytes data]
* TLSv1.2 (OUT), TLS handshake, Client key exchange (16):
} [70 bytes data]
* TLSv1.2 (OUT), TLS handshake, CERT verify (15):
} [136 bytes data]
* TLSv1.2 (OUT), TLS change cipher, Client hello (1):
} [1 bytes data]
* TLSv1.2 (OUT), TLS handshake, Finished (20):
} [16 bytes data]
  0     0    0     0    0     0      0      0 --:--:--  0:00:01 --:--:--     0* TLSv1.2 (IN), TLS change cipher, Client hello (1):
{ [1 bytes data]
* TLSv1.2 (IN), TLS handshake, Finished (20):
{ [16 bytes data]
* SSL connection using TLSv1.2 / ECDHE-RSA-AES128-GCM-SHA256
* ALPN, server accepted to use http/1.1
* Server certificate:
*  subject: DC=ch; DC=cern; OU=computers; CN=cmsweb.cern.ch
*  start date: Feb  2 08:08:53 2021 GMT
*  expire date: Mar  9 08:08:53 2022 GMT
*  subjectAltName: host "cmsweb.cern.ch" matched cert's "cmsweb.cern.ch"
*  issuer: DC=ch; DC=cern; CN=CERN Grid Certification Authority
*  SSL certificate verify ok.
} [5 bytes data]
> GET /crabserver/prod/cache?tarballname=0341e97bbd86ccfb155d9f0a79728d784f7fe1833aa93ac3c7e1e791d264b786.tar.gz&subresource=upload&objecttype=sandbox HTTP/1.1
> Host: cmsweb.cern.ch:8443
> User-Agent: CRABClient/v3.211130
> Accept: */*
> Content-Length: 121
> Content-Type: application/x-www-form-urlencoded
> 
} [121 bytes data]
* upload completely sent off: 121 out of 121 bytes
{ [5 bytes data]
< HTTP/1.1 200 OK
< Date: Wed, 16 Feb 2022 01:05:36 GMT
< Server: nginx/1.17.10
< Content-Type: application/json
< Content-Length: 24
< Vary: Accept
< Cache-Control: max-age=3600
< X-Rest-Status: 100
< Etag: "556ce43763b116622238c65d89d24dd485f20666"
< X-Rest-Time: 10698.318 us
< CMS-Server-Time: D=17986 t=1644973536891058
< 
{ [5 bytes data]
100   145  100    24  100   121     13     68  0:00:01  0:00:01 --:--:--    81
* Connection #0 to host cmsweb.cern.ch left intact
{"result": [
 ""
,{}
]}

 retcode : 0
DEBUG 2022-02-16 01:05:37.061 UTC: 	 sandbox 0341e97bbd86ccfb155d9f0a79728d784f7fe1833aa93ac3c7e1e791d264b786.tar.gz is already in the S3 store, will not upload again
DEBUG 2022-02-16 01:05:37.061 UTC: 	 Loading required information from the environment
DEBUG 2022-02-16 01:05:37.061 UTC: 	 Found CMSSW_10_6_13 for slc7_amd64_gcc820 with base /data9/Users/youngwan/work/HNTypeI_TnP/CMSSW_10_6_13
DEBUG 2022-02-16 01:05:37.061 UTC: 	 Making tarball in /data9/Users/youngwan/work/HNTypeI_TnP/CMSSW_10_6_13/src/EgammaAnalysis/TnPTreeProducer/crab/crab_ElectronTnP_HNtypeI_UL/crab_UL2017_Run2017F/inputs/debugFiles.tgz
DEBUG 2022-02-16 01:05:37.140 UTC: 	 Uploading archive /data9/Users/youngwan/work/HNTypeI_TnP/CMSSW_10_6_13/src/EgammaAnalysis/TnPTreeProducer/crab/crab_ElectronTnP_HNtypeI_UL/crab_UL2017_Run2017F/inputs/debugFiles.tgz (4 KB) to the CRAB cache. Using URI https://cmsweb.cern.ch/S3/crabcache_prod
DEBUG 2022-02-16 01:05:37.147 UTC: 	 Encoded data for curl request: tarballname=a4783db505d3ad70875bba61e58f585e8490a1838532c3e5e8dde65a868c2405.tar.gz&subresource=upload&objecttype=sandbox
DEBUG 2022-02-16 01:05:37.147 UTC: 	 Executing command :
 curl -v -X GET -H "User-Agent: CRABClient/v3.211130" -H "Accept: */*" --data @/tmp/curlDatajB8STe --cert "/tmp/x509up_u5587" --key "/tmp/x509up_u5587" --capath "/etc/grid-security/certificates/" "https://cmsweb.cern.ch:8443/crabserver/prod/cache?tarballname=a4783db505d3ad70875bba61e58f585e8490a1838532c3e5e8dde65a868c2405.tar.gz&subresource=upload&objecttype=sandbox" | tee /dev/stderr 
DEBUG 2022-02-16 01:05:38.732 UTC: 	 output : {"result": [
 "https://s3.cern.ch/crabcache_prod"
,{"key": "youngwan/sandboxes/a4783db505d3ad70875bba61e58f585e8490a1838532c3e5e8dde65a868c2405.tar.gz", "AWSAccessKeyId": "d542228b5cc74605885bd10e80fe3e8f", "policy": "eyJleHBpcmF0aW9uIjogIjIwMjItMDItMTZUMDI6MDU6MzhaIiwgImNvbmRpdGlvbnMiOiBbeyJidWNrZXQiOiAiY3JhYmNhY2hlX3Byb2QifSwgeyJrZXkiOiAieW91bmd3YW4vc2FuZGJveGVzL2E0NzgzZGI1MDVkM2FkNzA4NzViYmE2MWU1OGY1ODVlODQ5MGExODM4NTMyYzNlNWU4ZGRlNjVhODY4YzI0MDUudGFyLmd6In1dfQ==", "signature": "DFKtg2zyJzDLgg/emuSjF3z0owU="}
]}

 error:   % Total    % Received % Xferd  Average Speed   Time    Time     Time  Current
                                 Dload  Upload   Total   Spent    Left  Speed
  0     0    0     0    0     0      0      0 --:--:-- --:--:-- --:--:--     0*   Trying 188.184.98.213...
* TCP_NODELAY set
* Connected to cmsweb.cern.ch (188.184.98.213) port 8443 (#0)
* ALPN, offering http/1.1
* Cipher selection: ALL:!EXPORT:!EXPORT40:!EXPORT56:!aNULL:!LOW:!RC4:@STRENGTH
* successfully set certificate verify locations:
  CAfile: /etc/pki/tls/certs/ca-bundle.crt
  CApath: /etc/grid-security/certificates/
* TLSv1.2 (OUT), TLS header, Certificate Status (22):
} [5 bytes data]
* TLSv1.2 (OUT), TLS handshake, Client hello (1):
} [512 bytes data]
* TLSv1.2 (IN), TLS handshake, Server hello (2):
{ [109 bytes data]
* TLSv1.2 (IN), TLS handshake, Certificate (11):
{ [6224 bytes data]
* TLSv1.2 (IN), TLS handshake, Server key exchange (12):
{ [333 bytes data]
* TLSv1.2 (IN), TLS handshake, Request CERT (13):
{ [13495 bytes data]
* TLSv1.2 (IN), TLS handshake, Server finished (14):
{ [4 bytes data]
* TLSv1.2 (OUT), TLS handshake, Certificate (11):
} [6578 bytes data]
* TLSv1.2 (OUT), TLS handshake, Client key exchange (16):
} [70 bytes data]
* TLSv1.2 (OUT), TLS handshake, CERT verify (15):
} [136 bytes data]
* TLSv1.2 (OUT), TLS change cipher, Client hello (1):
} [1 bytes data]
* TLSv1.2 (OUT), TLS handshake, Finished (20):
} [16 bytes data]
* TLSv1.2 (IN), TLS change cipher, Client hello (1):
{ [1 bytes data]
* TLSv1.2 (IN), TLS handshake, Finished (20):
{ [16 bytes data]
* SSL connection using TLSv1.2 / ECDHE-RSA-AES128-GCM-SHA256
* ALPN, server accepted to use http/1.1
* Server certificate:
*  subject: DC=ch; DC=cern; OU=computers; CN=cmsweb.cern.ch
*  start date: Feb  2 08:08:53 2021 GMT
*  expire date: Mar  9 08:08:53 2022 GMT
*  subjectAltName: host "cmsweb.cern.ch" matched cert's "cmsweb.cern.ch"
*  issuer: DC=ch; DC=cern; CN=CERN Grid Certification Authority
*  SSL certificate verify ok.
  0     0    0     0    0     0      0      0 --:--:--  0:00:01 --:--:--     0} [5 bytes data]
> GET /crabserver/prod/cache?tarballname=a4783db505d3ad70875bba61e58f585e8490a1838532c3e5e8dde65a868c2405.tar.gz&subresource=upload&objecttype=sandbox HTTP/1.1
> Host: cmsweb.cern.ch:8443
> User-Agent: CRABClient/v3.211130
> Accept: */*
> Content-Length: 121
> Content-Type: application/x-www-form-urlencoded
> 
} [121 bytes data]
* upload completely sent off: 121 out of 121 bytes
{ [5 bytes data]
< HTTP/1.1 200 OK
< Date: Wed, 16 Feb 2022 01:05:38 GMT
< Server: nginx/1.17.10
< Content-Type: application/json
< Content-Length: 521
< Vary: Accept-Encoding,Accept
< Cache-Control: max-age=3600
< X-Rest-Status: 100
< Etag: "bf2b37ad64c6993220b05b02114a90a031c5247d"
< X-Rest-Time: 22448.063 us
< CMS-Server-Time: D=81961 t=1644973538499640
< 
{ [5 bytes data]
100   642  100   521  100   121    336     78  0:00:01  0:00:01 --:--:--   414
* Connection #0 to host cmsweb.cern.ch left intact
{"result": [
 "https://s3.cern.ch/crabcache_prod"
,{"key": "youngwan/sandboxes/a4783db505d3ad70875bba61e58f585e8490a1838532c3e5e8dde65a868c2405.tar.gz", "AWSAccessKeyId": "d542228b5cc74605885bd10e80fe3e8f", "policy": "eyJleHBpcmF0aW9uIjogIjIwMjItMDItMTZUMDI6MDU6MzhaIiwgImNvbmRpdGlvbnMiOiBbeyJidWNrZXQiOiAiY3JhYmNhY2hlX3Byb2QifSwgeyJrZXkiOiAieW91bmd3YW4vc2FuZGJveGVzL2E0NzgzZGI1MDVkM2FkNzA4NzViYmE2MWU1OGY1ODVlODQ5MGExODM4NTMyYzNlNWU4ZGRlNjVhODY4YzI0MDUudGFyLmd6In1dfQ==", "signature": "DFKtg2zyJzDLgg/emuSjF3z0owU="}
]}

 retcode : 0
DEBUG 2022-02-16 01:05:38.733 UTC: 	 Will execute:
curl -f -v -X POST  -H "User-Agent: CRAB" -F "key=youngwan/sandboxes/a4783db505d3ad70875bba61e58f585e8490a1838532c3e5e8dde65a868c2405.tar.gz" -F "AWSAccessKeyId=d542228b5cc74605885bd10e80fe3e8f" -F "policy=eyJleHBpcmF0aW9uIjogIjIwMjItMDItMTZUMDI6MDU6MzhaIiwgImNvbmRpdGlvbnMiOiBbeyJidWNrZXQiOiAiY3JhYmNhY2hlX3Byb2QifSwgeyJrZXkiOiAieW91bmd3YW4vc2FuZGJveGVzL2E0NzgzZGI1MDVkM2FkNzA4NzViYmE2MWU1OGY1ODVlODQ5MGExODM4NTMyYzNlNWU4ZGRlNjVhODY4YzI0MDUudGFyLmd6In1dfQ==" -F "signature=DFKtg2zyJzDLgg/emuSjF3z0owU=" -F "file=@/data9/Users/youngwan/work/HNTypeI_TnP/CMSSW_10_6_13/src/EgammaAnalysis/TnPTreeProducer/crab/crab_ElectronTnP_HNtypeI_UL/crab_UL2017_Run2017F/inputs/debugFiles.tgz" "https://s3.cern.ch/crabcache_prod"
DEBUG 2022-02-16 01:05:41.462 UTC: 	 exitcode: 0
stdout: 
DEBUG 2022-02-16 01:05:41.465 UTC: 	 sandbox /data9/Users/youngwan/work/HNTypeI_TnP/CMSSW_10_6_13/src/EgammaAnalysis/TnPTreeProducer/crab/crab_ElectronTnP_HNtypeI_UL/crab_UL2017_Run2017F/inputs/debugFiles.tgz successully uploaded to S3
DEBUG 2022-02-16 01:05:41.465 UTC: 	 Result uploading input files: 0341e97bbd86ccfb155d9f0a79728d784f7fe1833aa93ac3c7e1e791d264b786.tar.gz 
DEBUG 2022-02-16 01:05:41.465 UTC: 	 Attaching lumi mask /data9/Users/youngwan/work/HNTypeI_TnP/CMSSW_10_6_13/src/EgammaAnalysis/TnPTreeProducer/crab/JSON/Cert_294927-306462_13TeV_UL2017_Collisions17_GoldenJSON.txt to the request
DEBUG 2022-02-16 01:05:41.466 UTC: 	 Reading lumi-mask from /data9/Users/youngwan/work/HNTypeI_TnP/CMSSW_10_6_13/src/EgammaAnalysis/TnPTreeProducer/crab/JSON/Cert_294927-306462_13TeV_UL2017_Collisions17_GoldenJSON.txt
INFO 2022-02-16 01:05:41.477 UTC: 	 Sending the request to the server at cmsweb.cern.ch
DEBUG 2022-02-16 01:05:41.478 UTC: 	 Submitting {'maxjobruntime': 1250, 'extrajdl': [], 'ignorelocality': 0, 'savelogsflag': 0, 'useparent': 0, 'asyncdest': 'T3_KR_KISTI', 'algoargs': 25, 'cachefilename': '0341e97bbd86ccfb155d9f0a79728d784f7fe1833aa93ac3c7e1e791d264b786.tar.gz', 'numcores': 1, 'addoutputfiles': [], 'generator': 'pythia', 'maxmemory': 2000, 'publishdbsurl': 'https://cmsweb.cern.ch/dbs/prod/phys03/DBSWriter', 'priority': 10, 'jobsw': 'CMSSW_10_6_13', 'edmoutfiles': [], 'userfiles': [], 'primarydataset': '', 'inputdata': '/SingleElectron/Run2017F-09Aug2019_UL2017_EcalRecovery-v1/MINIAOD', 'lfn': '/store/user/youngwan/ElectronTnP_HNtypeI_UL/UL2017/data/', 'dryrun': 0, 'workflow': 'crab_UL2017_Run2017F', 'cacheurl': u'https://cmsweb.cern.ch/S3/crabcache_prod', 'runs': [u'297050', u'297056', u'297057', u'297099', u'297100', u'297101', u'297113', u'297114', u'297175', u'297176', u'297177', u'297178', u'297179', u'297215', u'297218', u'297219', u'297224', u'297225', u'297227', u'297292', u'297293', u'297296', u'297308', u'297359', u'297411', u'297424', u'297425', u'297426', u'297429', u'297430', u'297431', u'297432', u'297433', u'297434', u'297435', u'297467', u'297468', u'297469', u'297483', u'297484', u'297485', u'297486', u'297487', u'297488', u'297503', u'297504', u'297505', u'297557', u'297558', u'297562', u'297563', u'297598', u'297599', u'297603', u'297604', u'297605', u'297606', u'297620', u'297656', u'297665', u'297666', u'297670', u'297674', u'297675', u'297722', u'297723', u'298996', u'298997', u'299000', u'299042', u'299061', u'299062', u'299064', u'299065', u'299067', u'299096', u'299149', u'299178', u'299180', u'299184', u'299185', u'299327', u'299329', u'299368', u'299369', u'299370', u'299380', u'299381', u'299394', u'299395', u'299396', u'299420', u'299443', u'299450', u'299477', u'299478', u'299479', u'299480', u'299481', u'299593', u'299594', u'299595', u'299597', u'299649', u'300087', u'300105', u'300106', u'300107', u'300117', u'300122', u'300123', u'300155', u'300156', u'300157', u'300226', u'300233', u'300234', u'300235', u'300236', u'300237', u'300238', u'300239', u'300240', u'300280', u'300281', u'300282', u'300283', u'300284', u'300364', u'300372', u'300375', u'300389', u'300399', u'300400', u'300401', u'300459', u'300461', u'300462', u'300463', u'300464', u'300466', u'300467', u'300497', u'300514', u'300515', u'300516', u'300517', u'300558', u'300560', u'300574', u'300575', u'300576', u'300631', u'300632', u'300633', u'300635', u'300636', u'300673', u'300674', u'300675', u'300676', u'300742', u'300777', u'300780', u'300785', u'300806', u'300811', u'300812', u'300816', u'300817', u'301046', u'301141', u'301142', u'301161', u'301165', u'301179', u'301180', u'301183', u'301281', u'301283', u'301298', u'301323', u'301330', u'301359', u'301384', u'301391', u'301392', u'301393', u'301396', u'301397', u'301398', u'301399', u'301417', u'301447', u'301448', u'301449', u'301450', u'301461', u'301472', u'301475', u'301476', u'301519', u'301524', u'301529', u'301530', u'301531', u'301532', u'301567', u'301627', u'301664', u'301665', u'301694', u'301912', u'301913', u'301914', u'301941', u'301959', u'301960', u'301970', u'301984', u'301985', u'301986', u'301987', u'301997', u'301998', u'302019', u'302026', u'302029', u'302031', u'302033', u'302034', u'302037', u'302038', u'302040', u'302041', u'302042', u'302043', u'302131', u'302159', u'302163', u'302165', u'302166', u'302225', u'302228', u'302229', u'302240', u'302262', u'302263', u'302277', u'302279', u'302280', u'302322', u'302328', u'302337', u'302342', u'302343', u'302344', u'302350', u'302388', u'302392', u'302393', u'302448', u'302472', u'302473', u'302474', u'302475', u'302476', u'302479', u'302484', u'302485', u'302492', u'302493', u'302494', u'302509', u'302513', u'302522', u'302523', u'302525', u'302526', u'302548', u'302551', u'302553', u'302554', u'302555', u'302563', u'302565', u'302572', u'302573', u'302596', u'302597', u'302634', u'302635', u'302651', u'302654', u'302661', u'302663', u'303825', u'303832', u'303838', u'303885', u'303948', u'303998', u'303999', u'304000', u'304062', u'304119', u'304120', u'304125', u'304144', u'304158', u'304169', u'304170', u'304199', u'304200', u'304204', u'304209', u'304291', u'304292', u'304333', u'304354', u'304366', u'304446', u'304447', u'304451', u'304505', u'304506', u'304507', u'304508', u'304562', u'304616', u'304625', u'304626', u'304654', u'304655', u'304661', u'304662', u'304663', u'304671', u'304672', u'304737', u'304738', u'304739', u'304740', u'304776', u'304777', u'304778', u'304797', u'305044', u'305045', u'305046', u'305059', u'305062', u'305063', u'305064', u'305081', u'305112', u'305113', u'305114', u'305178', u'305179', u'305180', u'305181', u'305182', u'305183', u'305184', u'305186', u'305188', u'305202', u'305204', u'305207', u'305208', u'305234', u'305236', u'305237', u'305247', u'305248', u'305252', u'305282', u'305310', u'305311', u'305312', u'305313', u'305314', u'305336', u'305338', u'305341', u'305349', u'305350', u'305351', u'305358', u'305364', u'305365', u'305366', u'305376', u'305377', u'305405', u'305406', u'305440', u'305441', u'305516', u'305517', u'305518', u'305586', u'305589', u'305590', u'305636', u'305766', u'305809', u'305814', u'305821', u'305832', u'305840', u'305842', u'305862', u'305898', u'305902', u'305967', u'306029', u'306030', u'306036', u'306037', u'306038', u'306041', u'306042', u'306048', u'306049', u'306051', u'306091', u'306092', u'306095', u'306121', u'306122', u'306125', u'306126', u'306134', u'306135', u'306138', u'306139', u'306153', u'306154', u'306155', u'306169', u'306170', u'306171', u'306418', u'306419', u'306420', u'306422', u'306423', u'306432', u'306454', u'306455', u'306456', u'306457', u'306458', u'306459', u'306460'], 'lumis': ['12,137,193,776', '12,203', '1,4,14,105,112,377,385,418,424,509,516,906', '24,62', '1,15,21,369,375,381', '1,668,673,697,700,856,862,937,943,1101', '1,204,211,252', '1,99,106,161', '1,85', '11,120,125,214', '1,162', '1,54,59,334,342,749,754,967,972,1037,1043,1264,1272,1282,1290,1385', '1,6,12,97', '1,47', '1,27', '1,80,85,281,288,579,585,916,921,1429,1436,2004,2010,2638', '10,19,24,138', '1,32', '9,192', '1,125,130,131,136,667,675,753', '1,121,127,150', '1,236,240,401,406,418,425,497', '1,44', '39,70,164,180', '32,737,740,800,807,950', '32,149', '1,107,112,157', '1,28,34,84,90,111', '1,72', '1,199', '1,49,55,64,71,188', '1,112', '1,159', '1,161', '1,94', '50,138', '1,74', '1,4,9,70', '37,68,71,201,206,214', '1,47,53,208,214,214', '1,16,23,253,258,299,302,314,321,420', '1,74,79,598,603,625', '1,433,439,491,495,603,609,613', '1,73,80,424', '5,275,282,559,566,606,612,635,642,772,777,779', '1,41,125,136', '1,394', '8,28,67,113,119,167,173,174,180,394', '9,266', '1,69,120,369', '1,254,260,264', '17,17,22,33', '1,169,211,225,230,312,319,385,395,407', '1,420', '1,126,131,272,279,375,381,407', '1,6,13,20,24,89,95,223,257,407', '1,94,99,231', '32,318', '64,116,123,135,140,230,269,307,313,330,341,388,393,433', '1,153,159,209,214,279', '1,11,17,81,86,121', '21,34', '3,102,108,188', '1,123,129,239,244,328,334,467,470,471', '55,160,165,353', '1,13,51,222', '33,216', '1,37,47,47', '4,77', '33,55', '38,355', '1,163,166,303', '7,85', '13,248,251,342', '1,459', '2,97', '29,470', '37,56,58,111', '5,98', '1,561', '1,120', '1,72', '1,172', '37,175', '1,303', '1,7,47,705', '34,227', '1,45', '5,33', '1,187', '1,81', '2,50', '145,164', '39,88', '39,42,82,87', '1,175', '1,123', '1,6,8,715', '1,196,199,236,260,479,487,940,943,1037,1061,1257', '95,177,179,896', '1,317', '1,134,138,138', '3,91,93,540', '151,332', '36,59,61,126,128,216,218,239', '1,21', '1,74', '1,28,30,47', '35,67', '46,730,735,924,927,1295', '1,384,387,612', '35,1229', '1,72', '9,1107', '43,448', '43,162', '1,59', '1,187', '11,187', '1,713,716,717', '30,58,62,329', '1,145,148,167,171,213', '1,7,11,46,51,362', '52,56,61,69,73,150,155,165,178,198,207,222,226,251,255,268,275,345,349,370,381,548,553,607,617,639,663,691', '3,8', '1,9,13,59,73,92,97,114,142,151,156,186', '1,34', '1,22,38,47,50,82,90,98,108,130,133,152,156,250,260,414,420,561,568,585,590,680,691,751', '27,46', '1,8', '1,93', '1,1,4,5,8,8,11,20,23,39,60,149', '1,20', '1,677', '19,673', '40,332', '1,98', '1,97', '1,124', '1,103,126,265', '1,650', '1,563', '26,175', '38,150', '1,838,957,1013', '1,111', '1,8,103,623', '8,548', '1,640,645,844', '15,111', '1,82', '7,123,125,1206', '41,49,63,66,75,226', '1,21', '1,447', '1,23,26,176', '1,335,338,1572', '41,47,49,49,52,56,59,66', '1,33', '1,33', '1,26', '56,343', '21,509', '3,341', '1,549,552,750,752,1201,1219,1272', '36,214', '6,508', '1,59', '6,161', '1,33,36,74,80,383,410,493', '162,223', '25,31', '1,897', '36,805', '1,145', '35,59', '1,97', '3,10,13,303', '38,157', '3,886', '45,949', '35,474,477,990', '22,353', '33,319', '1,476', '38,214', '1,627', '2,18', '1,33', '1,228,231,517,519,728', '1,9', '1,108', '50,367', '86,96,99,400,404,512', '1,329', '1,404', '1,173', '28,581', '35,830', '1,18', '1,844', '42,250', '1,110,117,263', '1,49', '1,110', '1,394', '1,611', '14,372', '57,943', '28,445', '1,294,319,487', '36,102', '43,52,101,422', '1,58', '1,350', '31,568', '30,1938', '1,147', '6,123', '17,317', '1,367', '1,381', '1,1128', '37,407', '1,1704', '34,86', '24,53,66,72', '1,98', '1,401,403,446,448,675,678,818', '1,40,44,46', '1,20', '18,20', '10,10', '1,174', '1,72', '1,523', '1,228', '71,943', '33,140', '32,671,674,1230', '1,85', '1,16', '54,133,136,923', '58,78,81,293', '1,457', '1,960', '37,471', '1,1250', '15,17,22,192,194,391', '1,71', '1,152', '33,870', '42,722', '27,162', '19,72', '1,98', '3,482', '1,136', '27,157,164,717', '45,407', '1,887', '21,312,317,442,445,483,486,1926', '28,808', '1,368,398,406', '1,305', '1,7', '1,259', '30,222,225,340', '8,176', '1,922', '10,21,23,59', '1,7', '1,618', '73,92', '37,89', '29,46', '1,59', '1,677,747,778', '1,582', '40,124', '1,7', '1,188', '1,7', '1,11', '40,46', '1,7', '6,291', '1,693,730,1285', '47,534,545,705,710,986', '1,1054', '37,73,75,123,125,129,133,165,168,175,177,216,218,358,361,375,378,404,407,423,425,503,505,578,581,594,596,638', '1,22,24,28,30,39,41,53,55,132,134,144,146,265,267,271,274,344,347,357,359,375,378,384,386,414,416,494,497,608,611,634,637,684,687,706,708,724,726,901,904,954,957,982,984,1072,1075,1124,1126,1129,1132,1206,1209,1234,1236,1291', '1,149', '1,317', '1,72', '1,706', '1,180', '54,1334,1338,1913', '54,54,83,2044', '60,2052', '55,1678', '58,319', '1,751', '1,56', '54,2014', '71,138,143,150', '1,253', '1,1769', '76,2596,2598,2656', '165,1750,1752,2087', '50,1714,1731,1733', '1,620', '10,18', '1,321', '55,607', '52,98,100,133,135,157,176,253,255,477', '56,85', '1,1125,1183,1779,1781,1811', '74,1653', '82,295', '44,1387,1390,1396,1399,1402,1404,1407,1409,1412,1414,1416,1419,1421,1424,1873', '40,92,110,111', '1,534,540,1644', '1,60', '60,86', '1,370', '1,239', '1,1324', '52,56,60,848', '52,223,227,740,747,1002', '73,536', '1,8', '53,704', '1,1194', '53,67,69,143,147,173,175,198,237,240', '1,150', '1,689', '51,1193', '1,60', '69,149', '1,1681', '3,16', '1,278', '49,98', '1,431,438,510', '4,1300', '28,87,91,306,308,377,385,1202,1205,2950', '3,203,302,306,309,310,313,313,318,330', '1,873', '1,667,671,686', '63,518,520,575', '1,8', '1,35', '1,2045', '52,1107', '68,1527', '9,72', '1,526', '69,124', '1,21', '1,9', '1,8', '1,8', '1,231,262,266', '1,8', '1,112,120,422', '1,1002', '74,132,136,729', '1,1229', '52,1077', '1,372', '52,99', '1,23', '1,16,18,1147', '57,433', '1,957', '1,548', '75,207', '60,157,163,458', '1,153', '1,227', '1,741', '1,404', '36,241', '1,107', '1,503', '1,34', '1,21', '1,868', '91,231,233,253', '50,147', '1,668,676,832', '1,721,724,756,769,934,936,1254', '71,168', '9,1292,1294,1383,1386,1525', '44,536,573,575', '1,394,401,520,528,535,540,1475', '20,291', '1,121', '46,518,558,639', '1,163', '1,1134', '53,583', '1,691', '1,500,517,1020', '60,339,342,667,671,2390', '55,902', '56,197', '85,689,692,978,980,1074,1077,1912', '59,830', '87,266', '1,1144', '1,862', '81,705', '70,780', '53,521', '1,32', '63,96', '1,110', '60,63', '1,49', '1,139', '1,320', '1,371', '1,140', '1,358', '1,415', '422,629', '1,588,593,976', '1,300', '57,152', '1,127', '1,756,770,2642,2667,3007', '1,497', '53,84', '1,1095', '1,1298', '1,1112', '78,165', '1,251,253,691,709,1233', '1,1440', '1,745', '1,22', '1,503', '1,33,35,75', '1,62', '1,108', '9,126', '1,333', '1,339', '13,101', '1,11', '1,237,239,787', '1,31', '1,17,20,35,37,41,43,47,49,53,56,60,62,66,68,72,74,77,79,83,85,89,93,102,104,108,110,114,116,120,122,126,129,139,141,145,147,151,153,166,169,173,175,179,181,185,187,191,193,197,200,210,212,216,218,222,225,229,231,235,237,241,243,247,249,249,252,256,258,268', '1,512,514,2275', '1,73'], 'nonprodsw': 1, 'tfileoutfiles': ['TnPTree_data.root'], 'oneEventMode': 0, 'debugfilename': 'a4783db505d3ad70875bba61e58f585e8490a1838532c3e5e8dde65a868c2405.tar.gz', 'saveoutput': 1, 'publication': 0, 'jobarch': 'slc7_amd64_gcc820', 'totalunits': 0, 'splitalgo': 'LumiBased', 'ignoreglobalblacklist': 0, 'nonvaliddata': 1, 'dbsurl': 'https://cmsweb.cern.ch/dbs/prod/global/DBSReader', 'publishgroupname': 0, 'jobtype': 'Analysis', 'publishname2': ''} 
DEBUG 2022-02-16 01:05:41.484 UTC: 	 Encoded submit request: maxjobruntime=1250&ignorelocality=0&savelogsflag=0&useparent=0&asyncdest=T3_KR_KISTI&algoargs=25&cachefilename=0341e97bbd86ccfb155d9f0a79728d784f7fe1833aa93ac3c7e1e791d264b786.tar.gz&numcores=1&generator=pythia&maxmemory=2000&publishdbsurl=https%3A%2F%2Fcmsweb.cern.ch%2Fdbs%2Fprod%2Fphys03%2FDBSWriter&priority=10&jobsw=CMSSW_10_6_13&primarydataset=&inputdata=%2FSingleElectron%2FRun2017F-09Aug2019_UL2017_EcalRecovery-v1%2FMINIAOD&lfn=%2Fstore%2Fuser%2Fyoungwan%2FElectronTnP_HNtypeI_UL%2FUL2017%2Fdata%2F&dryrun=0&workflow=crab_UL2017_Run2017F&cacheurl=https%3A%2F%2Fcmsweb.cern.ch%2FS3%2Fcrabcache_prod&nonprodsw=1&oneEventMode=0&debugfilename=a4783db505d3ad70875bba61e58f585e8490a1838532c3e5e8dde65a868c2405.tar.gz&saveoutput=1&publication=0&jobarch=slc7_amd64_gcc820&totalunits=0&splitalgo=LumiBased&ignoreglobalblacklist=0&nonvaliddata=1&dbsurl=https%3A%2F%2Fcmsweb.cern.ch%2Fdbs%2Fprod%2Fglobal%2FDBSReader&publishgroupname=0&jobtype=Analysis&publishname2=&tfileoutfiles=TnPTree_data.root&runs=297050&runs=297056&runs=297057&runs=297099&runs=297100&runs=297101&runs=297113&runs=297114&runs=297175&runs=297176&runs=297177&runs=297178&runs=297179&runs=297215&runs=297218&runs=297219&runs=297224&runs=297225&runs=297227&runs=297292&runs=297293&runs=297296&runs=297308&runs=297359&runs=297411&runs=297424&runs=297425&runs=297426&runs=297429&runs=297430&runs=297431&runs=297432&runs=297433&runs=297434&runs=297435&runs=297467&runs=297468&runs=297469&runs=297483&runs=297484&runs=297485&runs=297486&runs=297487&runs=297488&runs=297503&runs=297504&runs=297505&runs=297557&runs=297558&runs=297562&runs=297563&runs=297598&runs=297599&runs=297603&runs=297604&runs=297605&runs=297606&runs=297620&runs=297656&runs=297665&runs=297666&runs=297670&runs=297674&runs=297675&runs=297722&runs=297723&runs=298996&runs=298997&runs=299000&runs=299042&runs=299061&runs=299062&runs=299064&runs=299065&runs=299067&runs=299096&runs=299149&runs=299178&runs=299180&runs=299184&runs=299185&runs=299327&runs=299329&runs=299368&runs=299369&runs=299370&runs=299380&runs=299381&runs=299394&runs=299395&runs=299396&runs=299420&runs=299443&runs=299450&runs=299477&runs=299478&runs=299479&runs=299480&runs=299481&runs=299593&runs=299594&runs=299595&runs=299597&runs=299649&runs=300087&runs=300105&runs=300106&runs=300107&runs=300117&runs=300122&runs=300123&runs=300155&runs=300156&runs=300157&runs=300226&runs=300233&runs=300234&runs=300235&runs=300236&runs=300237&runs=300238&runs=300239&runs=300240&runs=300280&runs=300281&runs=300282&runs=300283&runs=300284&runs=300364&runs=300372&runs=300375&runs=300389&runs=300399&runs=300400&runs=300401&runs=300459&runs=300461&runs=300462&runs=300463&runs=300464&runs=300466&runs=300467&runs=300497&runs=300514&runs=300515&runs=300516&runs=300517&runs=300558&runs=300560&runs=300574&runs=300575&runs=300576&runs=300631&runs=300632&runs=300633&runs=300635&runs=300636&runs=300673&runs=300674&runs=300675&runs=300676&runs=300742&runs=300777&runs=300780&runs=300785&runs=300806&runs=300811&runs=300812&runs=300816&runs=300817&runs=301046&runs=301141&runs=301142&runs=301161&runs=301165&runs=301179&runs=301180&runs=301183&runs=301281&runs=301283&runs=301298&runs=301323&runs=301330&runs=301359&runs=301384&runs=301391&runs=301392&runs=301393&runs=301396&runs=301397&runs=301398&runs=301399&runs=301417&runs=301447&runs=301448&runs=301449&runs=301450&runs=301461&runs=301472&runs=301475&runs=301476&runs=301519&runs=301524&runs=301529&runs=301530&runs=301531&runs=301532&runs=301567&runs=301627&runs=301664&runs=301665&runs=301694&runs=301912&runs=301913&runs=301914&runs=301941&runs=301959&runs=301960&runs=301970&runs=301984&runs=301985&runs=301986&runs=301987&runs=301997&runs=301998&runs=302019&runs=302026&runs=302029&runs=302031&runs=302033&runs=302034&runs=302037&runs=302038&runs=302040&runs=302041&runs=302042&runs=302043&runs=302131&runs=302159&runs=302163&runs=302165&runs=302166&runs=302225&runs=302228&runs=302229&runs=302240&runs=302262&runs=302263&runs=302277&runs=302279&runs=302280&runs=302322&runs=302328&runs=302337&runs=302342&runs=302343&runs=302344&runs=302350&runs=302388&runs=302392&runs=302393&runs=302448&runs=302472&runs=302473&runs=302474&runs=302475&runs=302476&runs=302479&runs=302484&runs=302485&runs=302492&runs=302493&runs=302494&runs=302509&runs=302513&runs=302522&runs=302523&runs=302525&runs=302526&runs=302548&runs=302551&runs=302553&runs=302554&runs=302555&runs=302563&runs=302565&runs=302572&runs=302573&runs=302596&runs=302597&runs=302634&runs=302635&runs=302651&runs=302654&runs=302661&runs=302663&runs=303825&runs=303832&runs=303838&runs=303885&runs=303948&runs=303998&runs=303999&runs=304000&runs=304062&runs=304119&runs=304120&runs=304125&runs=304144&runs=304158&runs=304169&runs=304170&runs=304199&runs=304200&runs=304204&runs=304209&runs=304291&runs=304292&runs=304333&runs=304354&runs=304366&runs=304446&runs=304447&runs=304451&runs=304505&runs=304506&runs=304507&runs=304508&runs=304562&runs=304616&runs=304625&runs=304626&runs=304654&runs=304655&runs=304661&runs=304662&runs=304663&runs=304671&runs=304672&runs=304737&runs=304738&runs=304739&runs=304740&runs=304776&runs=304777&runs=304778&runs=304797&runs=305044&runs=305045&runs=305046&runs=305059&runs=305062&runs=305063&runs=305064&runs=305081&runs=305112&runs=305113&runs=305114&runs=305178&runs=305179&runs=305180&runs=305181&runs=305182&runs=305183&runs=305184&runs=305186&runs=305188&runs=305202&runs=305204&runs=305207&runs=305208&runs=305234&runs=305236&runs=305237&runs=305247&runs=305248&runs=305252&runs=305282&runs=305310&runs=305311&runs=305312&runs=305313&runs=305314&runs=305336&runs=305338&runs=305341&runs=305349&runs=305350&runs=305351&runs=305358&runs=305364&runs=305365&runs=305366&runs=305376&runs=305377&runs=305405&runs=305406&runs=305440&runs=305441&runs=305516&runs=305517&runs=305518&runs=305586&runs=305589&runs=305590&runs=305636&runs=305766&runs=305809&runs=305814&runs=305821&runs=305832&runs=305840&runs=305842&runs=305862&runs=305898&runs=305902&runs=305967&runs=306029&runs=306030&runs=306036&runs=306037&runs=306038&runs=306041&runs=306042&runs=306048&runs=306049&runs=306051&runs=306091&runs=306092&runs=306095&runs=306121&runs=306122&runs=306125&runs=306126&runs=306134&runs=306135&runs=306138&runs=306139&runs=306153&runs=306154&runs=306155&runs=306169&runs=306170&runs=306171&runs=306418&runs=306419&runs=306420&runs=306422&runs=306423&runs=306432&runs=306454&runs=306455&runs=306456&runs=306457&runs=306458&runs=306459&runs=306460&lumis=12%2C137%2C193%2C776&lumis=12%2C203&lumis=1%2C4%2C14%2C105%2C112%2C377%2C385%2C418%2C424%2C509%2C516%2C906&lumis=24%2C62&lumis=1%2C15%2C21%2C369%2C375%2C381&lumis=1%2C668%2C673%2C697%2C700%2C856%2C862%2C937%2C943%2C1101&lumis=1%2C204%2C211%2C252&lumis=1%2C99%2C106%2C161&lumis=1%2C85&lumis=11%2C120%2C125%2C214&lumis=1%2C162&lumis=1%2C54%2C59%2C334%2C342%2C749%2C754%2C967%2C972%2C1037%2C1043%2C1264%2C1272%2C1282%2C1290%2C1385&lumis=1%2C6%2C12%2C97&lumis=1%2C47&lumis=1%2C27&lumis=1%2C80%2C85%2C281%2C288%2C579%2C585%2C916%2C921%2C1429%2C1436%2C2004%2C2010%2C2638&lumis=10%2C19%2C24%2C138&lumis=1%2C32&lumis=9%2C192&lumis=1%2C125%2C130%2C131%2C136%2C667%2C675%2C753&lumis=1%2C121%2C127%2C150&lumis=1%2C236%2C240%2C401%2C406%2C418%2C425%2C497&lumis=1%2C44&lumis=39%2C70%2C164%2C180&lumis=32%2C737%2C740%2C800%2C807%2C950&lumis=32%2C149&lumis=1%2C107%2C112%2C157&lumis=1%2C28%2C34%2C84%2C90%2C111&lumis=1%2C72&lumis=1%2C199&lumis=1%2C49%2C55%2C64%2C71%2C188&lumis=1%2C112&lumis=1%2C159&lumis=1%2C161&lumis=1%2C94&lumis=50%2C138&lumis=1%2C74&lumis=1%2C4%2C9%2C70&lumis=37%2C68%2C71%2C201%2C206%2C214&lumis=1%2C47%2C53%2C208%2C214%2C214&lumis=1%2C16%2C23%2C253%2C258%2C299%2C302%2C314%2C321%2C420&lumis=1%2C74%2C79%2C598%2C603%2C625&lumis=1%2C433%2C439%2C491%2C495%2C603%2C609%2C613&lumis=1%2C73%2C80%2C424&lumis=5%2C275%2C282%2C559%2C566%2C606%2C612%2C635%2C642%2C772%2C777%2C779&lumis=1%2C41%2C125%2C136&lumis=1%2C394&lumis=8%2C28%2C67%2C113%2C119%2C167%2C173%2C174%2C180%2C394&lumis=9%2C266&lumis=1%2C69%2C120%2C369&lumis=1%2C254%2C260%2C264&lumis=17%2C17%2C22%2C33&lumis=1%2C169%2C211%2C225%2C230%2C312%2C319%2C385%2C395%2C407&lumis=1%2C420&lumis=1%2C126%2C131%2C272%2C279%2C375%2C381%2C407&lumis=1%2C6%2C13%2C20%2C24%2C89%2C95%2C223%2C257%2C407&lumis=1%2C94%2C99%2C231&lumis=32%2C318&lumis=64%2C116%2C123%2C135%2C140%2C230%2C269%2C307%2C313%2C330%2C341%2C388%2C393%2C433&lumis=1%2C153%2C159%2C209%2C214%2C279&lumis=1%2C11%2C17%2C81%2C86%2C121&lumis=21%2C34&lumis=3%2C102%2C108%2C188&lumis=1%2C123%2C129%2C239%2C244%2C328%2C334%2C467%2C470%2C471&lumis=55%2C160%2C165%2C353&lumis=1%2C13%2C51%2C222&lumis=33%2C216&lumis=1%2C37%2C47%2C47&lumis=4%2C77&lumis=33%2C55&lumis=38%2C355&lumis=1%2C163%2C166%2C303&lumis=7%2C85&lumis=13%2C248%2C251%2C342&lumis=1%2C459&lumis=2%2C97&lumis=29%2C470&lumis=37%2C56%2C58%2C111&lumis=5%2C98&lumis=1%2C561&lumis=1%2C120&lumis=1%2C72&lumis=1%2C172&lumis=37%2C175&lumis=1%2C303&lumis=1%2C7%2C47%2C705&lumis=34%2C227&lumis=1%2C45&lumis=5%2C33&lumis=1%2C187&lumis=1%2C81&lumis=2%2C50&lumis=145%2C164&lumis=39%2C88&lumis=39%2C42%2C82%2C87&lumis=1%2C175&lumis=1%2C123&lumis=1%2C6%2C8%2C715&lumis=1%2C196%2C199%2C236%2C260%2C479%2C487%2C940%2C943%2C1037%2C1061%2C1257&lumis=95%2C177%2C179%2C896&lumis=1%2C317&lumis=1%2C134%2C138%2C138&lumis=3%2C91%2C93%2C540&lumis=151%2C332&lumis=36%2C59%2C61%2C126%2C128%2C216%2C218%2C239&lumis=1%2C21&lumis=1%2C74&lumis=1%2C28%2C30%2C47&lumis=35%2C67&lumis=46%2C730%2C735%2C924%2C927%2C1295&lumis=1%2C384%2C387%2C612&lumis=35%2C1229&lumis=1%2C72&lumis=9%2C1107&lumis=43%2C448&lumis=43%2C162&lumis=1%2C59&lumis=1%2C187&lumis=11%2C187&lumis=1%2C713%2C716%2C717&lumis=30%2C58%2C62%2C329&lumis=1%2C145%2C148%2C167%2C171%2C213&lumis=1%2C7%2C11%2C46%2C51%2C362&lumis=52%2C56%2C61%2C69%2C73%2C150%2C155%2C165%2C178%2C198%2C207%2C222%2C226%2C251%2C255%2C268%2C275%2C345%2C349%2C370%2C381%2C548%2C553%2C607%2C617%2C639%2C663%2C691&lumis=3%2C8&lumis=1%2C9%2C13%2C59%2C73%2C92%2C97%2C114%2C142%2C151%2C156%2C186&lumis=1%2C34&lumis=1%2C22%2C38%2C47%2C50%2C82%2C90%2C98%2C108%2C130%2C133%2C152%2C156%2C250%2C260%2C414%2C420%2C561%2C568%2C585%2C590%2C680%2C691%2C751&lumis=27%2C46&lumis=1%2C8&lumis=1%2C93&lumis=1%2C1%2C4%2C5%2C8%2C8%2C11%2C20%2C23%2C39%2C60%2C149&lumis=1%2C20&lumis=1%2C677&lumis=19%2C673&lumis=40%2C332&lumis=1%2C98&lumis=1%2C97&lumis=1%2C124&lumis=1%2C103%2C126%2C265&lumis=1%2C650&lumis=1%2C563&lumis=26%2C175&lumis=38%2C150&lumis=1%2C838%2C957%2C1013&lumis=1%2C111&lumis=1%2C8%2C103%2C623&lumis=8%2C548&lumis=1%2C640%2C645%2C844&lumis=15%2C111&lumis=1%2C82&lumis=7%2C123%2C125%2C1206&lumis=41%2C49%2C63%2C66%2C75%2C226&lumis=1%2C21&lumis=1%2C447&lumis=1%2C23%2C26%2C176&lumis=1%2C335%2C338%2C1572&lumis=41%2C47%2C49%2C49%2C52%2C56%2C59%2C66&lumis=1%2C33&lumis=1%2C33&lumis=1%2C26&lumis=56%2C343&lumis=21%2C509&lumis=3%2C341&lumis=1%2C549%2C552%2C750%2C752%2C1201%2C1219%2C1272&lumis=36%2C214&lumis=6%2C508&lumis=1%2C59&lumis=6%2C161&lumis=1%2C33%2C36%2C74%2C80%2C383%2C410%2C493&lumis=162%2C223&lumis=25%2C31&lumis=1%2C897&lumis=36%2C805&lumis=1%2C145&lumis=35%2C59&lumis=1%2C97&lumis=3%2C10%2C13%2C303&lumis=38%2C157&lumis=3%2C886&lumis=45%2C949&lumis=35%2C474%2C477%2C990&lumis=22%2C353&lumis=33%2C319&lumis=1%2C476&lumis=38%2C214&lumis=1%2C627&lumis=2%2C18&lumis=1%2C33&lumis=1%2C228%2C231%2C517%2C519%2C728&lumis=1%2C9&lumis=1%2C108&lumis=50%2C367&lumis=86%2C96%2C99%2C400%2C404%2C512&lumis=1%2C329&lumis=1%2C404&lumis=1%2C173&lumis=28%2C581&lumis=35%2C830&lumis=1%2C18&lumis=1%2C844&lumis=42%2C250&lumis=1%2C110%2C117%2C263&lumis=1%2C49&lumis=1%2C110&lumis=1%2C394&lumis=1%2C611&lumis=14%2C372&lumis=57%2C943&lumis=28%2C445&lumis=1%2C294%2C319%2C487&lumis=36%2C102&lumis=43%2C52%2C101%2C422&lumis=1%2C58&lumis=1%2C350&lumis=31%2C568&lumis=30%2C1938&lumis=1%2C147&lumis=6%2C123&lumis=17%2C317&lumis=1%2C367&lumis=1%2C381&lumis=1%2C1128&lumis=37%2C407&lumis=1%2C1704&lumis=34%2C86&lumis=24%2C53%2C66%2C72&lumis=1%2C98&lumis=1%2C401%2C403%2C446%2C448%2C675%2C678%2C818&lumis=1%2C40%2C44%2C46&lumis=1%2C20&lumis=18%2C20&lumis=10%2C10&lumis=1%2C174&lumis=1%2C72&lumis=1%2C523&lumis=1%2C228&lumis=71%2C943&lumis=33%2C140&lumis=32%2C671%2C674%2C1230&lumis=1%2C85&lumis=1%2C16&lumis=54%2C133%2C136%2C923&lumis=58%2C78%2C81%2C293&lumis=1%2C457&lumis=1%2C960&lumis=37%2C471&lumis=1%2C1250&lumis=15%2C17%2C22%2C192%2C194%2C391&lumis=1%2C71&lumis=1%2C152&lumis=33%2C870&lumis=42%2C722&lumis=27%2C162&lumis=19%2C72&lumis=1%2C98&lumis=3%2C482&lumis=1%2C136&lumis=27%2C157%2C164%2C717&lumis=45%2C407&lumis=1%2C887&lumis=21%2C312%2C317%2C442%2C445%2C483%2C486%2C1926&lumis=28%2C808&lumis=1%2C368%2C398%2C406&lumis=1%2C305&lumis=1%2C7&lumis=1%2C259&lumis=30%2C222%2C225%2C340&lumis=8%2C176&lumis=1%2C922&lumis=10%2C21%2C23%2C59&lumis=1%2C7&lumis=1%2C618&lumis=73%2C92&lumis=37%2C89&lumis=29%2C46&lumis=1%2C59&lumis=1%2C677%2C747%2C778&lumis=1%2C582&lumis=40%2C124&lumis=1%2C7&lumis=1%2C188&lumis=1%2C7&lumis=1%2C11&lumis=40%2C46&lumis=1%2C7&lumis=6%2C291&lumis=1%2C693%2C730%2C1285&lumis=47%2C534%2C545%2C705%2C710%2C986&lumis=1%2C1054&lumis=37%2C73%2C75%2C123%2C125%2C129%2C133%2C165%2C168%2C175%2C177%2C216%2C218%2C358%2C361%2C375%2C378%2C404%2C407%2C423%2C425%2C503%2C505%2C578%2C581%2C594%2C596%2C638&lumis=1%2C22%2C24%2C28%2C30%2C39%2C41%2C53%2C55%2C132%2C134%2C144%2C146%2C265%2C267%2C271%2C274%2C344%2C347%2C357%2C359%2C375%2C378%2C384%2C386%2C414%2C416%2C494%2C497%2C608%2C611%2C634%2C637%2C684%2C687%2C706%2C708%2C724%2C726%2C901%2C904%2C954%2C957%2C982%2C984%2C1072%2C1075%2C1124%2C1126%2C1129%2C1132%2C1206%2C1209%2C1234%2C1236%2C1291&lumis=1%2C149&lumis=1%2C317&lumis=1%2C72&lumis=1%2C706&lumis=1%2C180&lumis=54%2C1334%2C1338%2C1913&lumis=54%2C54%2C83%2C2044&lumis=60%2C2052&lumis=55%2C1678&lumis=58%2C319&lumis=1%2C751&lumis=1%2C56&lumis=54%2C2014&lumis=71%2C138%2C143%2C150&lumis=1%2C253&lumis=1%2C1769&lumis=76%2C2596%2C2598%2C2656&lumis=165%2C1750%2C1752%2C2087&lumis=50%2C1714%2C1731%2C1733&lumis=1%2C620&lumis=10%2C18&lumis=1%2C321&lumis=55%2C607&lumis=52%2C98%2C100%2C133%2C135%2C157%2C176%2C253%2C255%2C477&lumis=56%2C85&lumis=1%2C1125%2C1183%2C1779%2C1781%2C1811&lumis=74%2C1653&lumis=82%2C295&lumis=44%2C1387%2C1390%2C1396%2C1399%2C1402%2C1404%2C1407%2C1409%2C1412%2C1414%2C1416%2C1419%2C1421%2C1424%2C1873&lumis=40%2C92%2C110%2C111&lumis=1%2C534%2C540%2C1644&lumis=1%2C60&lumis=60%2C86&lumis=1%2C370&lumis=1%2C239&lumis=1%2C1324&lumis=52%2C56%2C60%2C848&lumis=52%2C223%2C227%2C740%2C747%2C1002&lumis=73%2C536&lumis=1%2C8&lumis=53%2C704&lumis=1%2C1194&lumis=53%2C67%2C69%2C143%2C147%2C173%2C175%2C198%2C237%2C240&lumis=1%2C150&lumis=1%2C689&lumis=51%2C1193&lumis=1%2C60&lumis=69%2C149&lumis=1%2C1681&lumis=3%2C16&lumis=1%2C278&lumis=49%2C98&lumis=1%2C431%2C438%2C510&lumis=4%2C1300&lumis=28%2C87%2C91%2C306%2C308%2C377%2C385%2C1202%2C1205%2C2950&lumis=3%2C203%2C302%2C306%2C309%2C310%2C313%2C313%2C318%2C330&lumis=1%2C873&lumis=1%2C667%2C671%2C686&lumis=63%2C518%2C520%2C575&lumis=1%2C8&lumis=1%2C35&lumis=1%2C2045&lumis=52%2C1107&lumis=68%2C1527&lumis=9%2C72&lumis=1%2C526&lumis=69%2C124&lumis=1%2C21&lumis=1%2C9&lumis=1%2C8&lumis=1%2C8&lumis=1%2C231%2C262%2C266&lumis=1%2C8&lumis=1%2C112%2C120%2C422&lumis=1%2C1002&lumis=74%2C132%2C136%2C729&lumis=1%2C1229&lumis=52%2C1077&lumis=1%2C372&lumis=52%2C99&lumis=1%2C23&lumis=1%2C16%2C18%2C1147&lumis=57%2C433&lumis=1%2C957&lumis=1%2C548&lumis=75%2C207&lumis=60%2C157%2C163%2C458&lumis=1%2C153&lumis=1%2C227&lumis=1%2C741&lumis=1%2C404&lumis=36%2C241&lumis=1%2C107&lumis=1%2C503&lumis=1%2C34&lumis=1%2C21&lumis=1%2C868&lumis=91%2C231%2C233%2C253&lumis=50%2C147&lumis=1%2C668%2C676%2C832&lumis=1%2C721%2C724%2C756%2C769%2C934%2C936%2C1254&lumis=71%2C168&lumis=9%2C1292%2C1294%2C1383%2C1386%2C1525&lumis=44%2C536%2C573%2C575&lumis=1%2C394%2C401%2C520%2C528%2C535%2C540%2C1475&lumis=20%2C291&lumis=1%2C121&lumis=46%2C518%2C558%2C639&lumis=1%2C163&lumis=1%2C1134&lumis=53%2C583&lumis=1%2C691&lumis=1%2C500%2C517%2C1020&lumis=60%2C339%2C342%2C667%2C671%2C2390&lumis=55%2C902&lumis=56%2C197&lumis=85%2C689%2C692%2C978%2C980%2C1074%2C1077%2C1912&lumis=59%2C830&lumis=87%2C266&lumis=1%2C1144&lumis=1%2C862&lumis=81%2C705&lumis=70%2C780&lumis=53%2C521&lumis=1%2C32&lumis=63%2C96&lumis=1%2C110&lumis=60%2C63&lumis=1%2C49&lumis=1%2C139&lumis=1%2C320&lumis=1%2C371&lumis=1%2C140&lumis=1%2C358&lumis=1%2C415&lumis=422%2C629&lumis=1%2C588%2C593%2C976&lumis=1%2C300&lumis=57%2C152&lumis=1%2C127&lumis=1%2C756%2C770%2C2642%2C2667%2C3007&lumis=1%2C497&lumis=53%2C84&lumis=1%2C1095&lumis=1%2C1298&lumis=1%2C1112&lumis=78%2C165&lumis=1%2C251%2C253%2C691%2C709%2C1233&lumis=1%2C1440&lumis=1%2C745&lumis=1%2C22&lumis=1%2C503&lumis=1%2C33%2C35%2C75&lumis=1%2C62&lumis=1%2C108&lumis=9%2C126&lumis=1%2C333&lumis=1%2C339&lumis=13%2C101&lumis=1%2C11&lumis=1%2C237%2C239%2C787&lumis=1%2C31&lumis=1%2C17%2C20%2C35%2C37%2C41%2C43%2C47%2C49%2C53%2C56%2C60%2C62%2C66%2C68%2C72%2C74%2C77%2C79%2C83%2C85%2C89%2C93%2C102%2C104%2C108%2C110%2C114%2C116%2C120%2C122%2C126%2C129%2C139%2C141%2C145%2C147%2C151%2C153%2C166%2C169%2C173%2C175%2C179%2C181%2C185%2C187%2C191%2C193%2C197%2C200%2C210%2C212%2C216%2C218%2C222%2C225%2C229%2C231%2C235%2C237%2C241%2C243%2C247%2C249%2C249%2C252%2C256%2C258%2C268&lumis=1%2C512%2C514%2C2275&lumis=1%2C73
DEBUG 2022-02-16 01:05:41.484 UTC: 	 Encoded data for curl request: maxjobruntime=1250&ignorelocality=0&savelogsflag=0&useparent=0&asyncdest=T3_KR_KISTI&algoargs=25&cachefilename=0341e97bbd86ccfb155d9f0a79728d784f7fe1833aa93ac3c7e1e791d264b786.tar.gz&numcores=1&generator=pythia&maxmemory=2000&publishdbsurl=https%3A%2F%2Fcmsweb.cern.ch%2Fdbs%2Fprod%2Fphys03%2FDBSWriter&priority=10&jobsw=CMSSW_10_6_13&primarydataset=&inputdata=%2FSingleElectron%2FRun2017F-09Aug2019_UL2017_EcalRecovery-v1%2FMINIAOD&lfn=%2Fstore%2Fuser%2Fyoungwan%2FElectronTnP_HNtypeI_UL%2FUL2017%2Fdata%2F&dryrun=0&workflow=crab_UL2017_Run2017F&cacheurl=https%3A%2F%2Fcmsweb.cern.ch%2FS3%2Fcrabcache_prod&nonprodsw=1&oneEventMode=0&debugfilename=a4783db505d3ad70875bba61e58f585e8490a1838532c3e5e8dde65a868c2405.tar.gz&saveoutput=1&publication=0&jobarch=slc7_amd64_gcc820&totalunits=0&splitalgo=LumiBased&ignoreglobalblacklist=0&nonvaliddata=1&dbsurl=https%3A%2F%2Fcmsweb.cern.ch%2Fdbs%2Fprod%2Fglobal%2FDBSReader&publishgroupname=0&jobtype=Analysis&publishname2=&tfileoutfiles=TnPTree_data.root&runs=297050&runs=297056&runs=297057&runs=297099&runs=297100&runs=297101&runs=297113&runs=297114&runs=297175&runs=297176&runs=297177&runs=297178&runs=297179&runs=297215&runs=297218&runs=297219&runs=297224&runs=297225&runs=297227&runs=297292&runs=297293&runs=297296&runs=297308&runs=297359&runs=297411&runs=297424&runs=297425&runs=297426&runs=297429&runs=297430&runs=297431&runs=297432&runs=297433&runs=297434&runs=297435&runs=297467&runs=297468&runs=297469&runs=297483&runs=297484&runs=297485&runs=297486&runs=297487&runs=297488&runs=297503&runs=297504&runs=297505&runs=297557&runs=297558&runs=297562&runs=297563&runs=297598&runs=297599&runs=297603&runs=297604&runs=297605&runs=297606&runs=297620&runs=297656&runs=297665&runs=297666&runs=297670&runs=297674&runs=297675&runs=297722&runs=297723&runs=298996&runs=298997&runs=299000&runs=299042&runs=299061&runs=299062&runs=299064&runs=299065&runs=299067&runs=299096&runs=299149&runs=299178&runs=299180&runs=299184&runs=299185&runs=299327&runs=299329&runs=299368&runs=299369&runs=299370&runs=299380&runs=299381&runs=299394&runs=299395&runs=299396&runs=299420&runs=299443&runs=299450&runs=299477&runs=299478&runs=299479&runs=299480&runs=299481&runs=299593&runs=299594&runs=299595&runs=299597&runs=299649&runs=300087&runs=300105&runs=300106&runs=300107&runs=300117&runs=300122&runs=300123&runs=300155&runs=300156&runs=300157&runs=300226&runs=300233&runs=300234&runs=300235&runs=300236&runs=300237&runs=300238&runs=300239&runs=300240&runs=300280&runs=300281&runs=300282&runs=300283&runs=300284&runs=300364&runs=300372&runs=300375&runs=300389&runs=300399&runs=300400&runs=300401&runs=300459&runs=300461&runs=300462&runs=300463&runs=300464&runs=300466&runs=300467&runs=300497&runs=300514&runs=300515&runs=300516&runs=300517&runs=300558&runs=300560&runs=300574&runs=300575&runs=300576&runs=300631&runs=300632&runs=300633&runs=300635&runs=300636&runs=300673&runs=300674&runs=300675&runs=300676&runs=300742&runs=300777&runs=300780&runs=300785&runs=300806&runs=300811&runs=300812&runs=300816&runs=300817&runs=301046&runs=301141&runs=301142&runs=301161&runs=301165&runs=301179&runs=301180&runs=301183&runs=301281&runs=301283&runs=301298&runs=301323&runs=301330&runs=301359&runs=301384&runs=301391&runs=301392&runs=301393&runs=301396&runs=301397&runs=301398&runs=301399&runs=301417&runs=301447&runs=301448&runs=301449&runs=301450&runs=301461&runs=301472&runs=301475&runs=301476&runs=301519&runs=301524&runs=301529&runs=301530&runs=301531&runs=301532&runs=301567&runs=301627&runs=301664&runs=301665&runs=301694&runs=301912&runs=301913&runs=301914&runs=301941&runs=301959&runs=301960&runs=301970&runs=301984&runs=301985&runs=301986&runs=301987&runs=301997&runs=301998&runs=302019&runs=302026&runs=302029&runs=302031&runs=302033&runs=302034&runs=302037&runs=302038&runs=302040&runs=302041&runs=302042&runs=302043&runs=302131&runs=302159&runs=302163&runs=302165&runs=302166&runs=302225&runs=302228&runs=302229&runs=302240&runs=302262&runs=302263&runs=302277&runs=302279&runs=302280&runs=302322&runs=302328&runs=302337&runs=302342&runs=302343&runs=302344&runs=302350&runs=302388&runs=302392&runs=302393&runs=302448&runs=302472&runs=302473&runs=302474&runs=302475&runs=302476&runs=302479&runs=302484&runs=302485&runs=302492&runs=302493&runs=302494&runs=302509&runs=302513&runs=302522&runs=302523&runs=302525&runs=302526&runs=302548&runs=302551&runs=302553&runs=302554&runs=302555&runs=302563&runs=302565&runs=302572&runs=302573&runs=302596&runs=302597&runs=302634&runs=302635&runs=302651&runs=302654&runs=302661&runs=302663&runs=303825&runs=303832&runs=303838&runs=303885&runs=303948&runs=303998&runs=303999&runs=304000&runs=304062&runs=304119&runs=304120&runs=304125&runs=304144&runs=304158&runs=304169&runs=304170&runs=304199&runs=304200&runs=304204&runs=304209&runs=304291&runs=304292&runs=304333&runs=304354&runs=304366&runs=304446&runs=304447&runs=304451&runs=304505&runs=304506&runs=304507&runs=304508&runs=304562&runs=304616&runs=304625&runs=304626&runs=304654&runs=304655&runs=304661&runs=304662&runs=304663&runs=304671&runs=304672&runs=304737&runs=304738&runs=304739&runs=304740&runs=304776&runs=304777&runs=304778&runs=304797&runs=305044&runs=305045&runs=305046&runs=305059&runs=305062&runs=305063&runs=305064&runs=305081&runs=305112&runs=305113&runs=305114&runs=305178&runs=305179&runs=305180&runs=305181&runs=305182&runs=305183&runs=305184&runs=305186&runs=305188&runs=305202&runs=305204&runs=305207&runs=305208&runs=305234&runs=305236&runs=305237&runs=305247&runs=305248&runs=305252&runs=305282&runs=305310&runs=305311&runs=305312&runs=305313&runs=305314&runs=305336&runs=305338&runs=305341&runs=305349&runs=305350&runs=305351&runs=305358&runs=305364&runs=305365&runs=305366&runs=305376&runs=305377&runs=305405&runs=305406&runs=305440&runs=305441&runs=305516&runs=305517&runs=305518&runs=305586&runs=305589&runs=305590&runs=305636&runs=305766&runs=305809&runs=305814&runs=305821&runs=305832&runs=305840&runs=305842&runs=305862&runs=305898&runs=305902&runs=305967&runs=306029&runs=306030&runs=306036&runs=306037&runs=306038&runs=306041&runs=306042&runs=306048&runs=306049&runs=306051&runs=306091&runs=306092&runs=306095&runs=306121&runs=306122&runs=306125&runs=306126&runs=306134&runs=306135&runs=306138&runs=306139&runs=306153&runs=306154&runs=306155&runs=306169&runs=306170&runs=306171&runs=306418&runs=306419&runs=306420&runs=306422&runs=306423&runs=306432&runs=306454&runs=306455&runs=306456&runs=306457&runs=306458&runs=306459&runs=306460&lumis=12%2C137%2C193%2C776&lumis=12%2C203&lumis=1%2C4%2C14%2C105%2C112%2C377%2C385%2C418%2C424%2C509%2C516%2C906&lumis=24%2C62&lumis=1%2C15%2C21%2C369%2C375%2C381&lumis=1%2C668%2C673%2C697%2C700%2C856%2C862%2C937%2C943%2C1101&lumis=1%2C204%2C211%2C252&lumis=1%2C99%2C106%2C161&lumis=1%2C85&lumis=11%2C120%2C125%2C214&lumis=1%2C162&lumis=1%2C54%2C59%2C334%2C342%2C749%2C754%2C967%2C972%2C1037%2C1043%2C1264%2C1272%2C1282%2C1290%2C1385&lumis=1%2C6%2C12%2C97&lumis=1%2C47&lumis=1%2C27&lumis=1%2C80%2C85%2C281%2C288%2C579%2C585%2C916%2C921%2C1429%2C1436%2C2004%2C2010%2C2638&lumis=10%2C19%2C24%2C138&lumis=1%2C32&lumis=9%2C192&lumis=1%2C125%2C130%2C131%2C136%2C667%2C675%2C753&lumis=1%2C121%2C127%2C150&lumis=1%2C236%2C240%2C401%2C406%2C418%2C425%2C497&lumis=1%2C44&lumis=39%2C70%2C164%2C180&lumis=32%2C737%2C740%2C800%2C807%2C950&lumis=32%2C149&lumis=1%2C107%2C112%2C157&lumis=1%2C28%2C34%2C84%2C90%2C111&lumis=1%2C72&lumis=1%2C199&lumis=1%2C49%2C55%2C64%2C71%2C188&lumis=1%2C112&lumis=1%2C159&lumis=1%2C161&lumis=1%2C94&lumis=50%2C138&lumis=1%2C74&lumis=1%2C4%2C9%2C70&lumis=37%2C68%2C71%2C201%2C206%2C214&lumis=1%2C47%2C53%2C208%2C214%2C214&lumis=1%2C16%2C23%2C253%2C258%2C299%2C302%2C314%2C321%2C420&lumis=1%2C74%2C79%2C598%2C603%2C625&lumis=1%2C433%2C439%2C491%2C495%2C603%2C609%2C613&lumis=1%2C73%2C80%2C424&lumis=5%2C275%2C282%2C559%2C566%2C606%2C612%2C635%2C642%2C772%2C777%2C779&lumis=1%2C41%2C125%2C136&lumis=1%2C394&lumis=8%2C28%2C67%2C113%2C119%2C167%2C173%2C174%2C180%2C394&lumis=9%2C266&lumis=1%2C69%2C120%2C369&lumis=1%2C254%2C260%2C264&lumis=17%2C17%2C22%2C33&lumis=1%2C169%2C211%2C225%2C230%2C312%2C319%2C385%2C395%2C407&lumis=1%2C420&lumis=1%2C126%2C131%2C272%2C279%2C375%2C381%2C407&lumis=1%2C6%2C13%2C20%2C24%2C89%2C95%2C223%2C257%2C407&lumis=1%2C94%2C99%2C231&lumis=32%2C318&lumis=64%2C116%2C123%2C135%2C140%2C230%2C269%2C307%2C313%2C330%2C341%2C388%2C393%2C433&lumis=1%2C153%2C159%2C209%2C214%2C279&lumis=1%2C11%2C17%2C81%2C86%2C121&lumis=21%2C34&lumis=3%2C102%2C108%2C188&lumis=1%2C123%2C129%2C239%2C244%2C328%2C334%2C467%2C470%2C471&lumis=55%2C160%2C165%2C353&lumis=1%2C13%2C51%2C222&lumis=33%2C216&lumis=1%2C37%2C47%2C47&lumis=4%2C77&lumis=33%2C55&lumis=38%2C355&lumis=1%2C163%2C166%2C303&lumis=7%2C85&lumis=13%2C248%2C251%2C342&lumis=1%2C459&lumis=2%2C97&lumis=29%2C470&lumis=37%2C56%2C58%2C111&lumis=5%2C98&lumis=1%2C561&lumis=1%2C120&lumis=1%2C72&lumis=1%2C172&lumis=37%2C175&lumis=1%2C303&lumis=1%2C7%2C47%2C705&lumis=34%2C227&lumis=1%2C45&lumis=5%2C33&lumis=1%2C187&lumis=1%2C81&lumis=2%2C50&lumis=145%2C164&lumis=39%2C88&lumis=39%2C42%2C82%2C87&lumis=1%2C175&lumis=1%2C123&lumis=1%2C6%2C8%2C715&lumis=1%2C196%2C199%2C236%2C260%2C479%2C487%2C940%2C943%2C1037%2C1061%2C1257&lumis=95%2C177%2C179%2C896&lumis=1%2C317&lumis=1%2C134%2C138%2C138&lumis=3%2C91%2C93%2C540&lumis=151%2C332&lumis=36%2C59%2C61%2C126%2C128%2C216%2C218%2C239&lumis=1%2C21&lumis=1%2C74&lumis=1%2C28%2C30%2C47&lumis=35%2C67&lumis=46%2C730%2C735%2C924%2C927%2C1295&lumis=1%2C384%2C387%2C612&lumis=35%2C1229&lumis=1%2C72&lumis=9%2C1107&lumis=43%2C448&lumis=43%2C162&lumis=1%2C59&lumis=1%2C187&lumis=11%2C187&lumis=1%2C713%2C716%2C717&lumis=30%2C58%2C62%2C329&lumis=1%2C145%2C148%2C167%2C171%2C213&lumis=1%2C7%2C11%2C46%2C51%2C362&lumis=52%2C56%2C61%2C69%2C73%2C150%2C155%2C165%2C178%2C198%2C207%2C222%2C226%2C251%2C255%2C268%2C275%2C345%2C349%2C370%2C381%2C548%2C553%2C607%2C617%2C639%2C663%2C691&lumis=3%2C8&lumis=1%2C9%2C13%2C59%2C73%2C92%2C97%2C114%2C142%2C151%2C156%2C186&lumis=1%2C34&lumis=1%2C22%2C38%2C47%2C50%2C82%2C90%2C98%2C108%2C130%2C133%2C152%2C156%2C250%2C260%2C414%2C420%2C561%2C568%2C585%2C590%2C680%2C691%2C751&lumis=27%2C46&lumis=1%2C8&lumis=1%2C93&lumis=1%2C1%2C4%2C5%2C8%2C8%2C11%2C20%2C23%2C39%2C60%2C149&lumis=1%2C20&lumis=1%2C677&lumis=19%2C673&lumis=40%2C332&lumis=1%2C98&lumis=1%2C97&lumis=1%2C124&lumis=1%2C103%2C126%2C265&lumis=1%2C650&lumis=1%2C563&lumis=26%2C175&lumis=38%2C150&lumis=1%2C838%2C957%2C1013&lumis=1%2C111&lumis=1%2C8%2C103%2C623&lumis=8%2C548&lumis=1%2C640%2C645%2C844&lumis=15%2C111&lumis=1%2C82&lumis=7%2C123%2C125%2C1206&lumis=41%2C49%2C63%2C66%2C75%2C226&lumis=1%2C21&lumis=1%2C447&lumis=1%2C23%2C26%2C176&lumis=1%2C335%2C338%2C1572&lumis=41%2C47%2C49%2C49%2C52%2C56%2C59%2C66&lumis=1%2C33&lumis=1%2C33&lumis=1%2C26&lumis=56%2C343&lumis=21%2C509&lumis=3%2C341&lumis=1%2C549%2C552%2C750%2C752%2C1201%2C1219%2C1272&lumis=36%2C214&lumis=6%2C508&lumis=1%2C59&lumis=6%2C161&lumis=1%2C33%2C36%2C74%2C80%2C383%2C410%2C493&lumis=162%2C223&lumis=25%2C31&lumis=1%2C897&lumis=36%2C805&lumis=1%2C145&lumis=35%2C59&lumis=1%2C97&lumis=3%2C10%2C13%2C303&lumis=38%2C157&lumis=3%2C886&lumis=45%2C949&lumis=35%2C474%2C477%2C990&lumis=22%2C353&lumis=33%2C319&lumis=1%2C476&lumis=38%2C214&lumis=1%2C627&lumis=2%2C18&lumis=1%2C33&lumis=1%2C228%2C231%2C517%2C519%2C728&lumis=1%2C9&lumis=1%2C108&lumis=50%2C367&lumis=86%2C96%2C99%2C400%2C404%2C512&lumis=1%2C329&lumis=1%2C404&lumis=1%2C173&lumis=28%2C581&lumis=35%2C830&lumis=1%2C18&lumis=1%2C844&lumis=42%2C250&lumis=1%2C110%2C117%2C263&lumis=1%2C49&lumis=1%2C110&lumis=1%2C394&lumis=1%2C611&lumis=14%2C372&lumis=57%2C943&lumis=28%2C445&lumis=1%2C294%2C319%2C487&lumis=36%2C102&lumis=43%2C52%2C101%2C422&lumis=1%2C58&lumis=1%2C350&lumis=31%2C568&lumis=30%2C1938&lumis=1%2C147&lumis=6%2C123&lumis=17%2C317&lumis=1%2C367&lumis=1%2C381&lumis=1%2C1128&lumis=37%2C407&lumis=1%2C1704&lumis=34%2C86&lumis=24%2C53%2C66%2C72&lumis=1%2C98&lumis=1%2C401%2C403%2C446%2C448%2C675%2C678%2C818&lumis=1%2C40%2C44%2C46&lumis=1%2C20&lumis=18%2C20&lumis=10%2C10&lumis=1%2C174&lumis=1%2C72&lumis=1%2C523&lumis=1%2C228&lumis=71%2C943&lumis=33%2C140&lumis=32%2C671%2C674%2C1230&lumis=1%2C85&lumis=1%2C16&lumis=54%2C133%2C136%2C923&lumis=58%2C78%2C81%2C293&lumis=1%2C457&lumis=1%2C960&lumis=37%2C471&lumis=1%2C1250&lumis=15%2C17%2C22%2C192%2C194%2C391&lumis=1%2C71&lumis=1%2C152&lumis=33%2C870&lumis=42%2C722&lumis=27%2C162&lumis=19%2C72&lumis=1%2C98&lumis=3%2C482&lumis=1%2C136&lumis=27%2C157%2C164%2C717&lumis=45%2C407&lumis=1%2C887&lumis=21%2C312%2C317%2C442%2C445%2C483%2C486%2C1926&lumis=28%2C808&lumis=1%2C368%2C398%2C406&lumis=1%2C305&lumis=1%2C7&lumis=1%2C259&lumis=30%2C222%2C225%2C340&lumis=8%2C176&lumis=1%2C922&lumis=10%2C21%2C23%2C59&lumis=1%2C7&lumis=1%2C618&lumis=73%2C92&lumis=37%2C89&lumis=29%2C46&lumis=1%2C59&lumis=1%2C677%2C747%2C778&lumis=1%2C582&lumis=40%2C124&lumis=1%2C7&lumis=1%2C188&lumis=1%2C7&lumis=1%2C11&lumis=40%2C46&lumis=1%2C7&lumis=6%2C291&lumis=1%2C693%2C730%2C1285&lumis=47%2C534%2C545%2C705%2C710%2C986&lumis=1%2C1054&lumis=37%2C73%2C75%2C123%2C125%2C129%2C133%2C165%2C168%2C175%2C177%2C216%2C218%2C358%2C361%2C375%2C378%2C404%2C407%2C423%2C425%2C503%2C505%2C578%2C581%2C594%2C596%2C638&lumis=1%2C22%2C24%2C28%2C30%2C39%2C41%2C53%2C55%2C132%2C134%2C144%2C146%2C265%2C267%2C271%2C274%2C344%2C347%2C357%2C359%2C375%2C378%2C384%2C386%2C414%2C416%2C494%2C497%2C608%2C611%2C634%2C637%2C684%2C687%2C706%2C708%2C724%2C726%2C901%2C904%2C954%2C957%2C982%2C984%2C1072%2C1075%2C1124%2C1126%2C1129%2C1132%2C1206%2C1209%2C1234%2C1236%2C1291&lumis=1%2C149&lumis=1%2C317&lumis=1%2C72&lumis=1%2C706&lumis=1%2C180&lumis=54%2C1334%2C1338%2C1913&lumis=54%2C54%2C83%2C2044&lumis=60%2C2052&lumis=55%2C1678&lumis=58%2C319&lumis=1%2C751&lumis=1%2C56&lumis=54%2C2014&lumis=71%2C138%2C143%2C150&lumis=1%2C253&lumis=1%2C1769&lumis=76%2C2596%2C2598%2C2656&lumis=165%2C1750%2C1752%2C2087&lumis=50%2C1714%2C1731%2C1733&lumis=1%2C620&lumis=10%2C18&lumis=1%2C321&lumis=55%2C607&lumis=52%2C98%2C100%2C133%2C135%2C157%2C176%2C253%2C255%2C477&lumis=56%2C85&lumis=1%2C1125%2C1183%2C1779%2C1781%2C1811&lumis=74%2C1653&lumis=82%2C295&lumis=44%2C1387%2C1390%2C1396%2C1399%2C1402%2C1404%2C1407%2C1409%2C1412%2C1414%2C1416%2C1419%2C1421%2C1424%2C1873&lumis=40%2C92%2C110%2C111&lumis=1%2C534%2C540%2C1644&lumis=1%2C60&lumis=60%2C86&lumis=1%2C370&lumis=1%2C239&lumis=1%2C1324&lumis=52%2C56%2C60%2C848&lumis=52%2C223%2C227%2C740%2C747%2C1002&lumis=73%2C536&lumis=1%2C8&lumis=53%2C704&lumis=1%2C1194&lumis=53%2C67%2C69%2C143%2C147%2C173%2C175%2C198%2C237%2C240&lumis=1%2C150&lumis=1%2C689&lumis=51%2C1193&lumis=1%2C60&lumis=69%2C149&lumis=1%2C1681&lumis=3%2C16&lumis=1%2C278&lumis=49%2C98&lumis=1%2C431%2C438%2C510&lumis=4%2C1300&lumis=28%2C87%2C91%2C306%2C308%2C377%2C385%2C1202%2C1205%2C2950&lumis=3%2C203%2C302%2C306%2C309%2C310%2C313%2C313%2C318%2C330&lumis=1%2C873&lumis=1%2C667%2C671%2C686&lumis=63%2C518%2C520%2C575&lumis=1%2C8&lumis=1%2C35&lumis=1%2C2045&lumis=52%2C1107&lumis=68%2C1527&lumis=9%2C72&lumis=1%2C526&lumis=69%2C124&lumis=1%2C21&lumis=1%2C9&lumis=1%2C8&lumis=1%2C8&lumis=1%2C231%2C262%2C266&lumis=1%2C8&lumis=1%2C112%2C120%2C422&lumis=1%2C1002&lumis=74%2C132%2C136%2C729&lumis=1%2C1229&lumis=52%2C1077&lumis=1%2C372&lumis=52%2C99&lumis=1%2C23&lumis=1%2C16%2C18%2C1147&lumis=57%2C433&lumis=1%2C957&lumis=1%2C548&lumis=75%2C207&lumis=60%2C157%2C163%2C458&lumis=1%2C153&lumis=1%2C227&lumis=1%2C741&lumis=1%2C404&lumis=36%2C241&lumis=1%2C107&lumis=1%2C503&lumis=1%2C34&lumis=1%2C21&lumis=1%2C868&lumis=91%2C231%2C233%2C253&lumis=50%2C147&lumis=1%2C668%2C676%2C832&lumis=1%2C721%2C724%2C756%2C769%2C934%2C936%2C1254&lumis=71%2C168&lumis=9%2C1292%2C1294%2C1383%2C1386%2C1525&lumis=44%2C536%2C573%2C575&lumis=1%2C394%2C401%2C520%2C528%2C535%2C540%2C1475&lumis=20%2C291&lumis=1%2C121&lumis=46%2C518%2C558%2C639&lumis=1%2C163&lumis=1%2C1134&lumis=53%2C583&lumis=1%2C691&lumis=1%2C500%2C517%2C1020&lumis=60%2C339%2C342%2C667%2C671%2C2390&lumis=55%2C902&lumis=56%2C197&lumis=85%2C689%2C692%2C978%2C980%2C1074%2C1077%2C1912&lumis=59%2C830&lumis=87%2C266&lumis=1%2C1144&lumis=1%2C862&lumis=81%2C705&lumis=70%2C780&lumis=53%2C521&lumis=1%2C32&lumis=63%2C96&lumis=1%2C110&lumis=60%2C63&lumis=1%2C49&lumis=1%2C139&lumis=1%2C320&lumis=1%2C371&lumis=1%2C140&lumis=1%2C358&lumis=1%2C415&lumis=422%2C629&lumis=1%2C588%2C593%2C976&lumis=1%2C300&lumis=57%2C152&lumis=1%2C127&lumis=1%2C756%2C770%2C2642%2C2667%2C3007&lumis=1%2C497&lumis=53%2C84&lumis=1%2C1095&lumis=1%2C1298&lumis=1%2C1112&lumis=78%2C165&lumis=1%2C251%2C253%2C691%2C709%2C1233&lumis=1%2C1440&lumis=1%2C745&lumis=1%2C22&lumis=1%2C503&lumis=1%2C33%2C35%2C75&lumis=1%2C62&lumis=1%2C108&lumis=9%2C126&lumis=1%2C333&lumis=1%2C339&lumis=13%2C101&lumis=1%2C11&lumis=1%2C237%2C239%2C787&lumis=1%2C31&lumis=1%2C17%2C20%2C35%2C37%2C41%2C43%2C47%2C49%2C53%2C56%2C60%2C62%2C66%2C68%2C72%2C74%2C77%2C79%2C83%2C85%2C89%2C93%2C102%2C104%2C108%2C110%2C114%2C116%2C120%2C122%2C126%2C129%2C139%2C141%2C145%2C147%2C151%2C153%2C166%2C169%2C173%2C175%2C179%2C181%2C185%2C187%2C191%2C193%2C197%2C200%2C210%2C212%2C216%2C218%2C222%2C225%2C229%2C231%2C235%2C237%2C241%2C243%2C247%2C249%2C249%2C252%2C256%2C258%2C268&lumis=1%2C512%2C514%2C2275&lumis=1%2C73
DEBUG 2022-02-16 01:05:41.486 UTC: 	 Executing command :
 curl -v -X PUT -H "User-Agent: CRABClient/v3.211130" -H "Accept: */*" --data @/tmp/curlDataC48MXZ --cert "/tmp/x509up_u5587" --key "/tmp/x509up_u5587" --capath "/etc/grid-security/certificates/" "https://cmsweb.cern.ch:8443/crabserver/prod/workflow" | tee /dev/stderr 
DEBUG 2022-02-16 01:05:43.963 UTC: 	 output : {"result": [
 {"RequestName": "220216_010543:youngwan_crab_UL2017_Run2017F"}
]}

 error:   % Total    % Received % Xferd  Average Speed   Time    Time     Time  Current
                                 Dload  Upload   Total   Spent    Left  Speed
  0     0    0     0    0     0      0      0 --:--:-- --:--:-- --:--:--     0*   Trying 188.185.88.214...
* TCP_NODELAY set
* Connected to cmsweb.cern.ch (188.185.88.214) port 8443 (#0)
* ALPN, offering http/1.1
* Cipher selection: ALL:!EXPORT:!EXPORT40:!EXPORT56:!aNULL:!LOW:!RC4:@STRENGTH
* successfully set certificate verify locations:
  CAfile: /etc/pki/tls/certs/ca-bundle.crt
  CApath: /etc/grid-security/certificates/
* TLSv1.2 (OUT), TLS header, Certificate Status (22):
} [5 bytes data]
* TLSv1.2 (OUT), TLS handshake, Client hello (1):
} [512 bytes data]
* TLSv1.2 (IN), TLS handshake, Server hello (2):
{ [109 bytes data]
  0     0    0     0    0     0      0      0 --:--:-- --:--:-- --:--:--     0* TLSv1.2 (IN), TLS handshake, Certificate (11):
{ [6224 bytes data]
* TLSv1.2 (IN), TLS handshake, Server key exchange (12):
{ [333 bytes data]
* TLSv1.2 (IN), TLS handshake, Request CERT (13):
{ [13495 bytes data]
* TLSv1.2 (IN), TLS handshake, Server finished (14):
{ [4 bytes data]
* TLSv1.2 (OUT), TLS handshake, Certificate (11):
} [6578 bytes data]
* TLSv1.2 (OUT), TLS handshake, Client key exchange (16):
} [70 bytes data]
* TLSv1.2 (OUT), TLS handshake, CERT verify (15):
} [136 bytes data]
* TLSv1.2 (OUT), TLS change cipher, Client hello (1):
} [1 bytes data]
* TLSv1.2 (OUT), TLS handshake, Finished (20):
} [16 bytes data]
* TLSv1.2 (IN), TLS change cipher, Client hello (1):
{ [1 bytes data]
* TLSv1.2 (IN), TLS handshake, Finished (20):
{ [16 bytes data]
* SSL connection using TLSv1.2 / ECDHE-RSA-AES128-GCM-SHA256
* ALPN, server accepted to use http/1.1
* Server certificate:
*  subject: DC=ch; DC=cern; OU=computers; CN=cmsweb.cern.ch
*  start date: Feb  2 08:08:53 2021 GMT
*  expire date: Mar  9 08:08:53 2022 GMT
*  subjectAltName: host "cmsweb.cern.ch" matched cert's "cmsweb.cern.ch"
*  issuer: DC=ch; DC=cern; CN=CERN Grid Certification Authority
*  SSL certificate verify ok.
} [5 bytes data]
> PUT /crabserver/prod/workflow HTTP/1.1
> Host: cmsweb.cern.ch:8443
> User-Agent: CRABClient/v3.211130
> Accept: */*
> Content-Length: 17114
> Content-Type: application/x-www-form-urlencoded
> Expect: 100-continue
> 
{ [5 bytes data]
< HTTP/1.1 100 Continue
} [5 bytes data]
* We are completely uploaded and fine
100 17114    0     0  100 17114      0   7650  0:00:02  0:00:02 --:--:--  7650{ [5 bytes data]
< HTTP/1.1 200 OK
< Date: Wed, 16 Feb 2022 01:05:43 GMT
< Server: nginx/1.17.10
< Content-Type: application/json
< Content-Length: 80
< Vary: Accept
< X-Rest-Status: 100
< Etag: "0f0a8475ec5f0a384c3c36c06b1b5a74a3c379be"
< X-Rest-Time: 623247.385 us
< CMS-Server-Time: D=918761 t=1644973542894470
< 
{ [5 bytes data]
100 17194  100    80  100 17114     32   7013  0:00:02  0:00:02 --:--:--  7046
* Connection #0 to host cmsweb.cern.ch left intact
{"result": [
 {"RequestName": "220216_010543:youngwan_crab_UL2017_Run2017F"}
]}

 retcode : 0
DEBUG 2022-02-16 01:05:43.965 UTC: 	 Result: {u'result': [{u'RequestName': u'220216_010543:youngwan_crab_UL2017_Run2017F'}]}
INFO 2022-02-16 01:05:43.994 UTC: 	 Success: Your task has been delivered to the prod CRAB3 server.
INFO 2022-02-16 01:05:43.994 UTC: 	 Task name: 220216_010543:youngwan_crab_UL2017_Run2017F
INFO 2022-02-16 01:05:43.995 UTC: 	 Project dir: crab_ElectronTnP_HNtypeI_UL/crab_UL2017_Run2017F
INFO 2022-02-16 01:05:43.995 UTC: 	 Please use ' crab status -d crab_ElectronTnP_HNtypeI_UL/crab_UL2017_Run2017F ' to check how the submission process proceeds.
DEBUG 2022-02-16 01:05:43.995 UTC: 	 About to return
