DEBUG 2022-02-16 01:06:17.529 UTC: 	 CRAB Client version: v3.211130
DEBUG 2022-02-16 01:06:17.530 UTC: 	 Running on: Linux tamsa2 3.10.0-1160.15.2.el7.x86_64 #1 SMP Wed Feb 3 15:06:38 UTC 2021 x86_64 x86_64 x86_64 GNU/Linux - CentOS Linux 7 (Core)
DEBUG 2022-02-16 01:06:17.530 UTC: 	 Executing command: 'submit'
DEBUG 2022-02-16 01:06:17.530 UTC: 	 Found CRAB cache file /home/youngwan/.crab3
DEBUG 2022-02-16 01:06:17.532 UTC: 	 Will use CRAB Analysis plugin (i.e. will run an analysis job type).
DEBUG 2022-02-16 01:06:17.777 UTC: 	 Checking credentials
DEBUG 2022-02-16 01:06:17.777 UTC: 	 Found proxy file /tmp/x509up_u5587
DEBUG 2022-02-16 01:06:17.777 UTC: 	 Getting proxy life time left
DEBUG 2022-02-16 01:06:17.777 UTC: 	 Executing command :
 voms-proxy-info --actimeleft --timeleft --file /tmp/x509up_u5587
DEBUG 2022-02-16 01:06:17.865 UTC: 	 output : 689858
689858

 error: 
 retcode : 0
DEBUG 2022-02-16 01:06:17.866 UTC: 	 Proxy valid for 191:37:38 hours
DEBUG 2022-02-16 01:06:17.997 UTC: 	 Encoded data for curl request: subresource=delegatedn
DEBUG 2022-02-16 01:06:17.999 UTC: 	 Executing command :
 curl -v -X GET -H "User-Agent: CRABClient/v3.211130" -H "Accept: */*" --data @/tmp/curlData9EiZMf --cert "/tmp/x509up_u5587" --key "/tmp/x509up_u5587" --capath "/etc/grid-security/certificates/" "https://cmsweb.cern.ch:8443/crabserver/prod/info?subresource=delegatedn" | tee /dev/stderr 
DEBUG 2022-02-16 01:06:19.513 UTC: 	 output : {"result": [
 {"services": ["/DC=ch/DC=cern/OU=computers/CN=crab-(preprod|prod|dev)-tw(02|01).cern.ch|/DC=ch/DC=cern/OU=computers/CN=stefanov(m|m2).cern.ch|/DC=ch/DC=cern/OU=computers/CN=dciangot-tw.cern.ch"]}
]}

 error:   % Total    % Received % Xferd  Average Speed   Time    Time     Time  Current
                                 Dload  Upload   Total   Spent    Left  Speed
  0     0    0     0    0     0      0      0 --:--:-- --:--:-- --:--:--     0*   Trying 188.184.97.219...
* TCP_NODELAY set
  0     0    0     0    0     0      0      0 --:--:-- --:--:-- --:--:--     0* Connected to cmsweb.cern.ch (188.184.97.219) port 8443 (#0)
* ALPN, offering http/1.1
* Cipher selection: ALL:!EXPORT:!EXPORT40:!EXPORT56:!aNULL:!LOW:!RC4:@STRENGTH
* successfully set certificate verify locations:
  CAfile: /etc/pki/tls/certs/ca-bundle.crt
  CApath: /etc/grid-security/certificates/
* TLSv1.2 (OUT), TLS header, Certificate Status (22):
} [5 bytes data]
* TLSv1.2 (OUT), TLS handshake, Client hello (1):
} [512 bytes data]
* TLSv1.2 (IN), TLS handshake, Server hello (2):
{ [109 bytes data]
* TLSv1.2 (IN), TLS handshake, Certificate (11):
{ [6224 bytes data]
* TLSv1.2 (IN), TLS handshake, Server key exchange (12):
{ [333 bytes data]
* TLSv1.2 (IN), TLS handshake, Request CERT (13):
{ [13495 bytes data]
* TLSv1.2 (IN), TLS handshake, Server finished (14):
{ [4 bytes data]
* TLSv1.2 (OUT), TLS handshake, Certificate (11):
} [6578 bytes data]
* TLSv1.2 (OUT), TLS handshake, Client key exchange (16):
} [70 bytes data]
* TLSv1.2 (OUT), TLS handshake, CERT verify (15):
} [136 bytes data]
* TLSv1.2 (OUT), TLS change cipher, Client hello (1):
} [1 bytes data]
* TLSv1.2 (OUT), TLS handshake, Finished (20):
} [16 bytes data]
* TLSv1.2 (IN), TLS change cipher, Client hello (1):
{ [1 bytes data]
* TLSv1.2 (IN), TLS handshake, Finished (20):
{ [16 bytes data]
* SSL connection using TLSv1.2 / ECDHE-RSA-AES128-GCM-SHA256
* ALPN, server accepted to use http/1.1
* Server certificate:
*  subject: DC=ch; DC=cern; OU=computers; CN=cmsweb.cern.ch
*  start date: Feb  2 08:08:53 2021 GMT
*  expire date: Mar  9 08:08:53 2022 GMT
*  subjectAltName: host "cmsweb.cern.ch" matched cert's "cmsweb.cern.ch"
*  issuer: DC=ch; DC=cern; CN=CERN Grid Certification Authority
*  SSL certificate verify ok.
  0     0    0     0    0     0      0      0 --:--:--  0:00:01 --:--:--     0} [5 bytes data]
> GET /crabserver/prod/info?subresource=delegatedn HTTP/1.1
> Host: cmsweb.cern.ch:8443
> User-Agent: CRABClient/v3.211130
> Accept: */*
> Content-Length: 22
> Content-Type: application/x-www-form-urlencoded
> 
} [22 bytes data]
* upload completely sent off: 22 out of 22 bytes
{ [5 bytes data]
< HTTP/1.1 200 OK
< Date: Wed, 16 Feb 2022 01:06:19 GMT
< Server: nginx/1.17.10
< Content-Type: application/json
< Content-Length: 213
< Vary: Accept
< Cache-Control: max-age=3600
< X-Rest-Status: 100
< Etag: "de92dcb56f87dabbe30965e60a433c3f1b873eab"
< X-Rest-Time: 2871.513 us
< CMS-Server-Time: D=12577 t=1644973579351070
< 
{ [5 bytes data]
100   235  100   213  100    22    144     14  0:00:01  0:00:01 --:--:--   158
* Connection #0 to host cmsweb.cern.ch left intact
{"result": [
 {"services": ["/DC=ch/DC=cern/OU=computers/CN=crab-(preprod|prod|dev)-tw(02|01).cern.ch|/DC=ch/DC=cern/OU=computers/CN=stefanov(m|m2).cern.ch|/DC=ch/DC=cern/OU=computers/CN=dciangot-tw.cern.ch"]}
]}

 retcode : 0
DEBUG 2022-02-16 01:06:19.516 UTC: 	 Registering user credentials on myproxy for /DC=ch/DC=cern/OU=computers/CN=crab-(preprod|prod|dev)-tw(02|01).cern.ch|/DC=ch/DC=cern/OU=computers/CN=stefanov(m|m2).cern.ch|/DC=ch/DC=cern/OU=computers/CN=dciangot-tw.cern.ch
DEBUG 2022-02-16 01:06:19.516 UTC: 	 Executing command :
 voms-proxy-info --identity --file /tmp/x509up_u5587
DEBUG 2022-02-16 01:06:19.600 UTC: 	 output : /DC=ch/DC=cern/OU=Organic Units/OU=Users/CN=youngwan/CN=848372/CN=Youngwan Kim

 error: 
 retcode : 0
DEBUG 2022-02-16 01:06:19.601 UTC: 	 Getting myproxy life time left for 28ee36cca2c7520b5a2cacb662bf2ed5cc017f9c
DEBUG 2022-02-16 01:06:19.601 UTC: 	 Executing command :
 myproxy-info -s myproxy.cern.ch -l 28ee36cca2c7520b5a2cacb662bf2ed5cc017f9c
DEBUG 2022-02-16 01:06:21.728 UTC: 	 output : username: 28ee36cca2c7520b5a2cacb662bf2ed5cc017f9c
owner: /DC=ch/DC=cern/OU=Organic Units/OU=Users/CN=youngwan/CN=848372/CN=Youngwan Kim
  renewal policy: /DC=ch/DC=cern/OU=computers/CN=crab-(preprod|prod|dev)-tw(02|01).cern.ch|/DC=ch/DC=cern/OU=computers/CN=stefanov(m|m2).cern.ch|/DC=ch/DC=cern/OU=computers/CN=dciangot-tw.cern.ch
  trusted retrieval policy: /DC=ch/DC=cern/OU=computers/CN=crab-(preprod|prod|dev)-tw(02|01).cern.ch|/DC=ch/DC=cern/OU=computers/CN=stefanov(m|m2).cern.ch|/DC=ch/DC=cern/OU=computers/CN=dciangot-tw.cern.ch
  timeleft: 719:38:13  (30.0 days)

 error: 
 retcode : 0
DEBUG 2022-02-16 01:06:21.728 UTC: 	 Myproxy is valid: 2590680
DEBUG 2022-02-16 01:06:21.729 UTC: 	 Result of myproxy credential check:
  Credential exists on myproxy: username: 28ee36cca2c7520b5a2cacb662bf2ed5cc017f9c  - validity: 29 days, 23:38:00
DEBUG 2022-02-16 01:06:21.729 UTC: 	 Command use: submit
DEBUG 2022-02-16 01:06:21.729 UTC: 	 Options use: ['--config', <WMCore.Configuration.Configuration object at 0x7f5ea5d2cdd0>]
DEBUG 2022-02-16 01:06:21.729 UTC: 	 Encoded data for curl request: subresource=version
DEBUG 2022-02-16 01:06:21.730 UTC: 	 Executing command :
 curl -v -X GET -H "User-Agent: CRABClient/v3.211130" -H "Accept: */*" --data @/tmp/curlDatal8yn36 --cert "/tmp/x509up_u5587" --key "/tmp/x509up_u5587" --capath "/etc/grid-security/certificates/" "https://cmsweb.cern.ch:8443/crabserver/prod/info?subresource=version" | tee /dev/stderr 
DEBUG 2022-02-16 01:06:23.271 UTC: 	 output : {"result": [
 ["3.3.19", "3.3.20", "v3", "development", "py3.220124"]
]}

 error:   % Total    % Received % Xferd  Average Speed   Time    Time     Time  Current
                                 Dload  Upload   Total   Spent    Left  Speed
  0     0    0     0    0     0      0      0 --:--:-- --:--:-- --:--:--     0*   Trying 188.184.97.219...
* TCP_NODELAY set
* Connected to cmsweb.cern.ch (188.184.97.219) port 8443 (#0)
* ALPN, offering http/1.1
* Cipher selection: ALL:!EXPORT:!EXPORT40:!EXPORT56:!aNULL:!LOW:!RC4:@STRENGTH
* successfully set certificate verify locations:
  CAfile: /etc/pki/tls/certs/ca-bundle.crt
  CApath: /etc/grid-security/certificates/
* TLSv1.2 (OUT), TLS header, Certificate Status (22):
} [5 bytes data]
* TLSv1.2 (OUT), TLS handshake, Client hello (1):
} [512 bytes data]
* TLSv1.2 (IN), TLS handshake, Server hello (2):
{ [109 bytes data]
  0     0    0     0    0     0      0      0 --:--:-- --:--:-- --:--:--     0* TLSv1.2 (IN), TLS handshake, Certificate (11):
{ [6224 bytes data]
* TLSv1.2 (IN), TLS handshake, Server key exchange (12):
{ [333 bytes data]
* TLSv1.2 (IN), TLS handshake, Request CERT (13):
{ [13495 bytes data]
* TLSv1.2 (IN), TLS handshake, Server finished (14):
{ [4 bytes data]
* TLSv1.2 (OUT), TLS handshake, Certificate (11):
} [6578 bytes data]
* TLSv1.2 (OUT), TLS handshake, Client key exchange (16):
} [70 bytes data]
* TLSv1.2 (OUT), TLS handshake, CERT verify (15):
} [136 bytes data]
* TLSv1.2 (OUT), TLS change cipher, Client hello (1):
} [1 bytes data]
* TLSv1.2 (OUT), TLS handshake, Finished (20):
} [16 bytes data]
* TLSv1.2 (IN), TLS change cipher, Client hello (1):
{ [1 bytes data]
* TLSv1.2 (IN), TLS handshake, Finished (20):
{ [16 bytes data]
* SSL connection using TLSv1.2 / ECDHE-RSA-AES128-GCM-SHA256
* ALPN, server accepted to use http/1.1
* Server certificate:
*  subject: DC=ch; DC=cern; OU=computers; CN=cmsweb.cern.ch
*  start date: Feb  2 08:08:53 2021 GMT
*  expire date: Mar  9 08:08:53 2022 GMT
*  subjectAltName: host "cmsweb.cern.ch" matched cert's "cmsweb.cern.ch"
*  issuer: DC=ch; DC=cern; CN=CERN Grid Certification Authority
*  SSL certificate verify ok.
} [5 bytes data]
> GET /crabserver/prod/info?subresource=version HTTP/1.1
> Host: cmsweb.cern.ch:8443
> User-Agent: CRABClient/v3.211130
> Accept: */*
> Content-Length: 19
> Content-Type: application/x-www-form-urlencoded
> 
} [19 bytes data]
* upload completely sent off: 19 out of 19 bytes
{ [5 bytes data]
< HTTP/1.1 200 OK
< Date: Wed, 16 Feb 2022 01:06:23 GMT
< Server: nginx/1.17.10
< Content-Type: application/json
< Content-Length: 73
< Vary: Accept
< Cache-Control: max-age=3600
< X-Rest-Status: 100
< Etag: "3309a93c90cdb00bd297a532c9c67f645a0b4b24"
< X-Rest-Time: 2829.313 us
< CMS-Server-Time: D=11994 t=1644973583104782
< 
 20    92    0     0  100    19      0     12  0:00:01  0:00:01 --:--:--    12{ [5 bytes data]
100    92  100    73  100    19     48     12  0:00:01  0:00:01 --:--:--    61
* Connection #0 to host cmsweb.cern.ch left intact
{"result": [
 ["3.3.19", "3.3.20", "v3", "development", "py3.220124"]
]}

 retcode : 0
DEBUG 2022-02-16 01:06:23.273 UTC: 	 CRABClient version: v3.211130
DEBUG 2022-02-16 01:06:23.273 UTC: 	 Instance is prod
DEBUG 2022-02-16 01:06:23.273 UTC: 	 Server base url is cmsweb.cern.ch
DEBUG 2022-02-16 01:06:23.273 UTC: 	 Command api workflow
DEBUG 2022-02-16 01:06:23.273 UTC: 	 Started submission
DEBUG 2022-02-16 01:06:23.273 UTC: 	 Working on /data9/Users/youngwan/work/HNTypeI_TnP/CMSSW_10_6_13/src/EgammaAnalysis/TnPTreeProducer/crab/crab_ElectronTnP_HNtypeI_UL/crab_UL2017_DY_LO
DEBUG 2022-02-16 01:06:23.274 UTC: 	 Encoded data for curl request: subresource=backendurls
DEBUG 2022-02-16 01:06:23.275 UTC: 	 Executing command :
 curl -v -X GET -H "User-Agent: CRABClient/v3.211130" -H "Accept: */*" --data @/tmp/curlDatalsL3Ad --cert "/tmp/x509up_u5587" --key "/tmp/x509up_u5587" --capath "/etc/grid-security/certificates/" "https://cmsweb.cern.ch:8443/crabserver/prod/info?subresource=backendurls" | tee /dev/stderr 
DEBUG 2022-02-16 01:06:24.855 UTC: 	 output : {"result": [
 {"cacheSSL": "https://cmsweb.cern.ch/S3/crabcache_prod", "htcondorSchedds": {"crab3@vocms059.cern.ch": {"proxiedurl": "https://cmsweb.cern.ch:8443/scheddmon/059", "weightfactor": 0}, "crab3@vocms068.cern.ch": {"proxiedurl": "https://cmsweb.cern.ch:8443/scheddmon/068", "weightfactor": 1}, "crab3@vocms069.cern.ch": {"proxiedurl": "https://cmsweb.cern.ch:8443/scheddmon/069", "weightfactor": 1}, "crab3@vocms0106.cern.ch": {"proxiedurl": "https://cmsweb.cern.ch:8443/scheddmon/0106", "weightfactor": 1}, "crab3@vocms0107.cern.ch": {"proxiedurl": "https://cmsweb.cern.ch:8443/scheddmon/0107", "weightfactor": 1}, "crab3@vocms0119.cern.ch": {"proxiedurl": "https://cmsweb.cern.ch:8443/scheddmon/0119", "weightfactor": 1}, "crab3@vocms0120.cern.ch": {"proxiedurl": "https://cmsweb.cern.ch:8443/scheddmon/0120", "weightfactor": 1}, "crab3@vocms0121.cern.ch": {"proxiedurl": "https://cmsweb.cern.ch:8443/scheddmon/0121", "weightfactor": 1}, "crab3@vocms0122.cern.ch": {"proxiedurl": "https://cmsweb.cern.ch:8443/scheddmon/0122", "weightfactor": 1}, "crab3@vocms0137.cern.ch": {"proxiedurl": "https://cmsweb.cern.ch:8443/scheddmon/0137", "weightfactor": 1}, "crab3@vocms0144.cern.ch": {"proxiedurl": "https://cmsweb.cern.ch:8443/scheddmon/0144", "weightfactor": 1}, "crab3@vocms0155.cern.ch": {"proxiedurl": "https://cmsweb.cern.ch:8443/scheddmon/0155", "weightfactor": 1}, "crab3@vocms0194.cern.ch": {"proxiedurl": "https://cmsweb.cern.ch:8443/scheddmon/0194", "weightfactor": 1}, "crab3@vocms0195.cern.ch": {"proxiedurl": "https://cmsweb.cern.ch:8443/scheddmon/0195", "weightfactor": 1}, "crab3@vocms0196.cern.ch": {"proxiedurl": "https://cmsweb.cern.ch:8443/scheddmon/0196", "weightfactor": 1}, "crab3@vocms0197.cern.ch": {"proxiedurl": "https://cmsweb.cern.ch:8443/scheddmon/0197", "weightfactor": 1}, "crab3@vocms0198.cern.ch": {"proxiedurl": "https://cmsweb.cern.ch:8443/scheddmon/0198", "weightfactor": 1}, "crab3@vocms0199.cern.ch": {"proxiedurl": "https://cmsweb.cern.ch:8443/scheddmon/0199", "weightfactor": 1}}, "asoConfig": [{"couchURL": "https://cmsweb.cern.ch/crabserver/prod", "couchDBName": "filetransfers"}], "htcondorPool": "cmsgwms-collector-global.cern.ch:9620,cmsgwms-collector-global.fnal.gov:9620"}
]}

 error:   % Total    % Received % Xferd  Average Speed   Time    Time     Time  Current
                                 Dload  Upload   Total   Spent    Left  Speed
  0     0    0     0    0     0      0      0 --:--:-- --:--:-- --:--:--     0*   Trying 188.184.75.95...
* TCP_NODELAY set
* Connected to cmsweb.cern.ch (188.184.75.95) port 8443 (#0)
* ALPN, offering http/1.1
* Cipher selection: ALL:!EXPORT:!EXPORT40:!EXPORT56:!aNULL:!LOW:!RC4:@STRENGTH
* successfully set certificate verify locations:
  CAfile: /etc/pki/tls/certs/ca-bundle.crt
  CApath: /etc/grid-security/certificates/
* TLSv1.2 (OUT), TLS header, Certificate Status (22):
} [5 bytes data]
* TLSv1.2 (OUT), TLS handshake, Client hello (1):
} [512 bytes data]
* TLSv1.2 (IN), TLS handshake, Server hello (2):
{ [109 bytes data]
* TLSv1.2 (IN), TLS handshake, Certificate (11):
{ [6224 bytes data]
* TLSv1.2 (IN), TLS handshake, Server key exchange (12):
{ [333 bytes data]
* TLSv1.2 (IN), TLS handshake, Request CERT (13):
{ [13495 bytes data]
* TLSv1.2 (IN), TLS handshake, Server finished (14):
{ [4 bytes data]
* TLSv1.2 (OUT), TLS handshake, Certificate (11):
} [6578 bytes data]
* TLSv1.2 (OUT), TLS handshake, Client key exchange (16):
} [70 bytes data]
* TLSv1.2 (OUT), TLS handshake, CERT verify (15):
} [136 bytes data]
* TLSv1.2 (OUT), TLS change cipher, Client hello (1):
} [1 bytes data]
* TLSv1.2 (OUT), TLS handshake, Finished (20):
} [16 bytes data]
  0     0    0     0    0     0      0      0 --:--:-- --:--:-- --:--:--     0* TLSv1.2 (IN), TLS change cipher, Client hello (1):
{ [1 bytes data]
* TLSv1.2 (IN), TLS handshake, Finished (20):
{ [16 bytes data]
* SSL connection using TLSv1.2 / ECDHE-RSA-AES128-GCM-SHA256
* ALPN, server accepted to use http/1.1
* Server certificate:
*  subject: DC=ch; DC=cern; OU=computers; CN=cmsweb.cern.ch
*  start date: Feb  2 08:08:53 2021 GMT
*  expire date: Mar  9 08:08:53 2022 GMT
*  subjectAltName: host "cmsweb.cern.ch" matched cert's "cmsweb.cern.ch"
*  issuer: DC=ch; DC=cern; CN=CERN Grid Certification Authority
*  SSL certificate verify ok.
} [5 bytes data]
> GET /crabserver/prod/info?subresource=backendurls HTTP/1.1
> Host: cmsweb.cern.ch:8443
> User-Agent: CRABClient/v3.211130
> Accept: */*
> Content-Length: 23
> Content-Type: application/x-www-form-urlencoded
> 
} [23 bytes data]
* upload completely sent off: 23 out of 23 bytes
{ [5 bytes data]
< HTTP/1.1 200 OK
< Date: Wed, 16 Feb 2022 01:06:24 GMT
< Server: nginx/1.17.10
< Content-Type: application/json
< Content-Length: 2232
< Vary: Accept-Encoding,Accept
< Cache-Control: max-age=3600
< X-Rest-Status: 100
< Etag: "33581c872b594825cd6b153efac3e8632410185f"
< X-Rest-Time: 2655.268 us
< CMS-Server-Time: D=11719 t=1644973584692752
< 
{ [5 bytes data]
100  2255  100  2232  100    23   1446     14  0:00:01  0:00:01 --:--:--  1461
* Connection #0 to host cmsweb.cern.ch left intact
{"result": [
 {"cacheSSL": "https://cmsweb.cern.ch/S3/crabcache_prod", "htcondorSchedds": {"crab3@vocms059.cern.ch": {"proxiedurl": "https://cmsweb.cern.ch:8443/scheddmon/059", "weightfactor": 0}, "crab3@vocms068.cern.ch": {"proxiedurl": "https://cmsweb.cern.ch:8443/scheddmon/068", "weightfactor": 1}, "crab3@vocms069.cern.ch": {"proxiedurl": "https://cmsweb.cern.ch:8443/scheddmon/069", "weightfactor": 1}, "crab3@vocms0106.cern.ch": {"proxiedurl": "https://cmsweb.cern.ch:8443/scheddmon/0106", "weightfactor": 1}, "crab3@vocms0107.cern.ch": {"proxiedurl": "https://cmsweb.cern.ch:8443/scheddmon/0107", "weightfactor": 1}, "crab3@vocms0119.cern.ch": {"proxiedurl": "https://cmsweb.cern.ch:8443/scheddmon/0119", "weightfactor": 1}, "crab3@vocms0120.cern.ch": {"proxiedurl": "https://cmsweb.cern.ch:8443/scheddmon/0120", "weightfactor": 1}, "crab3@vocms0121.cern.ch": {"proxiedurl": "https://cmsweb.cern.ch:8443/scheddmon/0121", "weightfactor": 1}, "crab3@vocms0122.cern.ch": {"proxiedurl": "https://cmsweb.cern.ch:8443/scheddmon/0122", "weightfactor": 1}, "crab3@vocms0137.cern.ch": {"proxiedurl": "https://cmsweb.cern.ch:8443/scheddmon/0137", "weightfactor": 1}, "crab3@vocms0144.cern.ch": {"proxiedurl": "https://cmsweb.cern.ch:8443/scheddmon/0144", "weightfactor": 1}, "crab3@vocms0155.cern.ch": {"proxiedurl": "https://cmsweb.cern.ch:8443/scheddmon/0155", "weightfactor": 1}, "crab3@vocms0194.cern.ch": {"proxiedurl": "https://cmsweb.cern.ch:8443/scheddmon/0194", "weightfactor": 1}, "crab3@vocms0195.cern.ch": {"proxiedurl": "https://cmsweb.cern.ch:8443/scheddmon/0195", "weightfactor": 1}, "crab3@vocms0196.cern.ch": {"proxiedurl": "https://cmsweb.cern.ch:8443/scheddmon/0196", "weightfactor": 1}, "crab3@vocms0197.cern.ch": {"proxiedurl": "https://cmsweb.cern.ch:8443/scheddmon/0197", "weightfactor": 1}, "crab3@vocms0198.cern.ch": {"proxiedurl": "https://cmsweb.cern.ch:8443/scheddmon/0198", "weightfactor": 1}, "crab3@vocms0199.cern.ch": {"proxiedurl": "https://cmsweb.cern.ch:8443/scheddmon/0199", "weightfactor": 1}}, "asoConfig": [{"couchURL": "https://cmsweb.cern.ch/crabserver/prod", "couchDBName": "filetransfers"}], "htcondorPool": "cmsgwms-collector-global.cern.ch:9620,cmsgwms-collector-global.fnal.gov:9620"}
]}

 retcode : 0
DEBUG 2022-02-16 01:06:24.932 UTC: 	 Loading required information from the environment
DEBUG 2022-02-16 01:06:24.933 UTC: 	 Found CMSSW_10_6_13 for slc7_amd64_gcc820 with base /data9/Users/youngwan/work/HNTypeI_TnP/CMSSW_10_6_13
DEBUG 2022-02-16 01:06:24.933 UTC: 	 Loading required information from the environment
DEBUG 2022-02-16 01:06:24.933 UTC: 	 Found CMSSW_10_6_13 for slc7_amd64_gcc820 with base /data9/Users/youngwan/work/HNTypeI_TnP/CMSSW_10_6_13
DEBUG 2022-02-16 01:06:24.933 UTC: 	 UNIQUE NAME: tarUUID ca24c83f-4f41-4fab-86ab-f82d92fa8650 
DEBUG 2022-02-16 01:06:24.934 UTC: 	 self.config: from WMCore.Configuration import Configuration
config = Configuration()
config.section_('General')
config.General.workArea = 'crab_ElectronTnP_HNtypeI_UL'
config.General.transferLogs = False
config.General.requestName = 'UL2017_DY_LO'
config.section_('JobType')
config.JobType.psetName = '../python/TnPTreeProducer_cfg.py'
config.JobType.pluginName = 'Analysis'
config.JobType.pyCfgParams = ['doEleID=True', 'doPhoID=False', 'doTrigger=True', 'isMC=True', 'era=UL2017']
config.JobType.sendExternalFolder = True
config.JobType.allowUndistributedCMSSW = True
config.section_('Data')
config.Data.inputDataset = '/DYJetsToLL_M-50_TuneCP5_13TeV-madgraphMLM-pythia8/RunIISummer19UL17MiniAOD-106X_mc2017_realistic_v6-v2/MINIAODSIM'
config.Data.allowNonValidInputDataset = True
config.Data.publication = False
config.Data.unitsPerJob = 5
config.Data.splitting = 'FileBased'
config.Data.inputDBS = 'global'
config.Data.outLFNDirBase = '/store/user/youngwan/ElectronTnP_HNtypeI_UL/UL2017/mc/'
config.Data.lumiMask = None
config.section_('Site')
config.Site.storageSite = 'T3_KR_KISTI'
config.section_('User')
config.section_('Debug')

DEBUG 2022-02-16 01:06:24.934 UTC: 	 self.config.JobType.psetName: ../python/TnPTreeProducer_cfg.py
INFO 2022-02-16 01:06:24.934 UTC: 	 Importing CMSSW configuration ../python/TnPTreeProducer_cfg.py
DEBUG 2022-02-16 01:06:24.934 UTC: 	 Additional parameters for the CMSSW configuration are: ['doEleID=True', 'doPhoID=False', 'doTrigger=True', 'isMC=True', 'era=UL2017']
INFO 2022-02-16 01:06:28.118 UTC: 	 Finished importing CMSSW configuration ../python/TnPTreeProducer_cfg.py
DEBUG 2022-02-16 01:06:28.119 UTC: 	 Writing CMSSW configuration to /data9/Users/youngwan/work/HNTypeI_TnP/CMSSW_10_6_13/src/EgammaAnalysis/TnPTreeProducer/crab/crab_ElectronTnP_HNtypeI_UL/crab_UL2017_DY_LO/inputs/PSet.py
DEBUG 2022-02-16 01:06:29.066 UTC: 	 The following EDM output files will be collected: []
DEBUG 2022-02-16 01:06:29.066 UTC: 	 The following TFile output files will be collected: ['TnPTree_mc.root']
DEBUG 2022-02-16 01:06:29.067 UTC: 	 The following user output files (not listed as PoolOuputModule or TFileService in the CMSSW PSet) will be collected: 
DEBUG 2022-02-16 01:06:29.067 UTC: 	 Loading required information from the environment
DEBUG 2022-02-16 01:06:29.067 UTC: 	 Found CMSSW_10_6_13 for slc7_amd64_gcc820 with base /data9/Users/youngwan/work/HNTypeI_TnP/CMSSW_10_6_13
DEBUG 2022-02-16 01:06:29.067 UTC: 	 Making tarball in /data9/Users/youngwan/work/HNTypeI_TnP/CMSSW_10_6_13/src/EgammaAnalysis/TnPTreeProducer/crab/crab_ElectronTnP_HNtypeI_UL/crab_UL2017_DY_LO/inputs/ca24c83f-4f41-4fab-86ab-f82d92fa8650default.tgz
DEBUG 2022-02-16 01:06:29.067 UTC: 	 Checking directory /data9/Users/youngwan/work/HNTypeI_TnP/CMSSW_10_6_13/lib
DEBUG 2022-02-16 01:06:29.067 UTC: 	 Adding directory /data9/Users/youngwan/work/HNTypeI_TnP/CMSSW_10_6_13/lib to tarball
DEBUG 2022-02-16 01:06:29.193 UTC: 	 Checking directory /data9/Users/youngwan/work/HNTypeI_TnP/CMSSW_10_6_13/biglib
DEBUG 2022-02-16 01:06:29.193 UTC: 	 Adding directory /data9/Users/youngwan/work/HNTypeI_TnP/CMSSW_10_6_13/biglib to tarball
DEBUG 2022-02-16 01:06:29.194 UTC: 	 Checking directory /data9/Users/youngwan/work/HNTypeI_TnP/CMSSW_10_6_13/module
DEBUG 2022-02-16 01:06:29.194 UTC: 	 Checking directory /data9/Users/youngwan/work/HNTypeI_TnP/CMSSW_10_6_13/external
DEBUG 2022-02-16 01:06:29.194 UTC: 	 Adding directory /data9/Users/youngwan/work/HNTypeI_TnP/CMSSW_10_6_13/external to tarball
DEBUG 2022-02-16 01:06:30.302 UTC: 	 Adding data directory /data9/Users/youngwan/work/HNTypeI_TnP/CMSSW_10_6_13/src/EgammaAnalysis/TnPTreeProducer/data to tarball
DEBUG 2022-02-16 01:06:35.685 UTC: 	 Uploading archive /data9/Users/youngwan/work/HNTypeI_TnP/CMSSW_10_6_13/src/EgammaAnalysis/TnPTreeProducer/crab/crab_ElectronTnP_HNtypeI_UL/crab_UL2017_DY_LO/inputs/ca24c83f-4f41-4fab-86ab-f82d92fa8650default.tgz (6.648438.1 MB) to the CRAB cache. Using URI https://cmsweb.cern.ch/S3/crabcache_prod
DEBUG 2022-02-16 01:06:39.283 UTC: 	 Encoded data for curl request: tarballname=9610d091ad05f3677cdb4b874477397f45c81abfa5dc563a41a98cbf815d1958.tar.gz&subresource=upload&objecttype=sandbox
DEBUG 2022-02-16 01:06:39.283 UTC: 	 Executing command :
 curl -v -X GET -H "User-Agent: CRABClient/v3.211130" -H "Accept: */*" --data @/tmp/curlDatac44aZn --cert "/tmp/x509up_u5587" --key "/tmp/x509up_u5587" --capath "/etc/grid-security/certificates/" "https://cmsweb.cern.ch:8443/crabserver/prod/cache?tarballname=9610d091ad05f3677cdb4b874477397f45c81abfa5dc563a41a98cbf815d1958.tar.gz&subresource=upload&objecttype=sandbox" | tee /dev/stderr 
DEBUG 2022-02-16 01:06:40.829 UTC: 	 output : {"result": [
 ""
,{}
]}

 error:   % Total    % Received % Xferd  Average Speed   Time    Time     Time  Current
                                 Dload  Upload   Total   Spent    Left  Speed
  0     0    0     0    0     0      0      0 --:--:-- --:--:-- --:--:--     0*   Trying 188.184.98.213...
* TCP_NODELAY set
* Connected to cmsweb.cern.ch (188.184.98.213) port 8443 (#0)
* ALPN, offering http/1.1
* Cipher selection: ALL:!EXPORT:!EXPORT40:!EXPORT56:!aNULL:!LOW:!RC4:@STRENGTH
* successfully set certificate verify locations:
  CAfile: /etc/pki/tls/certs/ca-bundle.crt
  CApath: /etc/grid-security/certificates/
* TLSv1.2 (OUT), TLS header, Certificate Status (22):
} [5 bytes data]
* TLSv1.2 (OUT), TLS handshake, Client hello (1):
} [512 bytes data]
* TLSv1.2 (IN), TLS handshake, Server hello (2):
{ [109 bytes data]
* TLSv1.2 (IN), TLS handshake, Certificate (11):
{ [6224 bytes data]
* TLSv1.2 (IN), TLS handshake, Server key exchange (12):
{ [333 bytes data]
* TLSv1.2 (IN), TLS handshake, Request CERT (13):
{ [13495 bytes data]
* TLSv1.2 (IN), TLS handshake, Server finished (14):
{ [4 bytes data]
* TLSv1.2 (OUT), TLS handshake, Certificate (11):
} [6578 bytes data]
* TLSv1.2 (OUT), TLS handshake, Client key exchange (16):
} [70 bytes data]
* TLSv1.2 (OUT), TLS handshake, CERT verify (15):
} [136 bytes data]
* TLSv1.2 (OUT), TLS change cipher, Client hello (1):
} [1 bytes data]
* TLSv1.2 (OUT), TLS handshake, Finished (20):
} [16 bytes data]
  0     0    0     0    0     0      0      0 --:--:-- --:--:-- --:--:--     0* TLSv1.2 (IN), TLS change cipher, Client hello (1):
{ [1 bytes data]
* TLSv1.2 (IN), TLS handshake, Finished (20):
{ [16 bytes data]
* SSL connection using TLSv1.2 / ECDHE-RSA-AES128-GCM-SHA256
* ALPN, server accepted to use http/1.1
* Server certificate:
*  subject: DC=ch; DC=cern; OU=computers; CN=cmsweb.cern.ch
*  start date: Feb  2 08:08:53 2021 GMT
*  expire date: Mar  9 08:08:53 2022 GMT
*  subjectAltName: host "cmsweb.cern.ch" matched cert's "cmsweb.cern.ch"
*  issuer: DC=ch; DC=cern; CN=CERN Grid Certification Authority
*  SSL certificate verify ok.
} [5 bytes data]
> GET /crabserver/prod/cache?tarballname=9610d091ad05f3677cdb4b874477397f45c81abfa5dc563a41a98cbf815d1958.tar.gz&subresource=upload&objecttype=sandbox HTTP/1.1
> Host: cmsweb.cern.ch:8443
> User-Agent: CRABClient/v3.211130
> Accept: */*
> Content-Length: 121
> Content-Type: application/x-www-form-urlencoded
> 
} [121 bytes data]
* upload completely sent off: 121 out of 121 bytes
{ [5 bytes data]
< HTTP/1.1 200 OK
< Date: Wed, 16 Feb 2022 01:06:40 GMT
< Server: nginx/1.17.10
< Content-Type: application/json
< Content-Length: 24
< Vary: Accept
< Cache-Control: max-age=3600
< X-Rest-Status: 100
< Etag: "556ce43763b116622238c65d89d24dd485f20666"
< X-Rest-Time: 27067.900 us
< CMS-Server-Time: D=38031 t=1644973600641125
< 
{ [5 bytes data]
100   145  100    24  100   121     15     79  0:00:01  0:00:01 --:--:--    95
* Connection #0 to host cmsweb.cern.ch left intact
{"result": [
 ""
,{}
]}

 retcode : 0
DEBUG 2022-02-16 01:06:40.830 UTC: 	 sandbox 9610d091ad05f3677cdb4b874477397f45c81abfa5dc563a41a98cbf815d1958.tar.gz is already in the S3 store, will not upload again
DEBUG 2022-02-16 01:06:40.830 UTC: 	 Loading required information from the environment
DEBUG 2022-02-16 01:06:40.831 UTC: 	 Found CMSSW_10_6_13 for slc7_amd64_gcc820 with base /data9/Users/youngwan/work/HNTypeI_TnP/CMSSW_10_6_13
DEBUG 2022-02-16 01:06:40.831 UTC: 	 Making tarball in /data9/Users/youngwan/work/HNTypeI_TnP/CMSSW_10_6_13/src/EgammaAnalysis/TnPTreeProducer/crab/crab_ElectronTnP_HNtypeI_UL/crab_UL2017_DY_LO/inputs/debugFiles.tgz
DEBUG 2022-02-16 01:06:40.841 UTC: 	 Uploading archive /data9/Users/youngwan/work/HNTypeI_TnP/CMSSW_10_6_13/src/EgammaAnalysis/TnPTreeProducer/crab/crab_ElectronTnP_HNtypeI_UL/crab_UL2017_DY_LO/inputs/debugFiles.tgz (4 KB) to the CRAB cache. Using URI https://cmsweb.cern.ch/S3/crabcache_prod
DEBUG 2022-02-16 01:06:40.848 UTC: 	 Encoded data for curl request: tarballname=5360398cfb2c17fc2479be5306b3d9d0a5bcb0634601e907d7628ae6e29e83cc.tar.gz&subresource=upload&objecttype=sandbox
DEBUG 2022-02-16 01:06:40.848 UTC: 	 Executing command :
 curl -v -X GET -H "User-Agent: CRABClient/v3.211130" -H "Accept: */*" --data @/tmp/curlDataZxJDQO --cert "/tmp/x509up_u5587" --key "/tmp/x509up_u5587" --capath "/etc/grid-security/certificates/" "https://cmsweb.cern.ch:8443/crabserver/prod/cache?tarballname=5360398cfb2c17fc2479be5306b3d9d0a5bcb0634601e907d7628ae6e29e83cc.tar.gz&subresource=upload&objecttype=sandbox" | tee /dev/stderr 
DEBUG 2022-02-16 01:06:42.421 UTC: 	 output : {"result": [
 "https://s3.cern.ch/crabcache_prod"
,{"key": "youngwan/sandboxes/5360398cfb2c17fc2479be5306b3d9d0a5bcb0634601e907d7628ae6e29e83cc.tar.gz", "AWSAccessKeyId": "d542228b5cc74605885bd10e80fe3e8f", "policy": "eyJleHBpcmF0aW9uIjogIjIwMjItMDItMTZUMDI6MDY6NDJaIiwgImNvbmRpdGlvbnMiOiBbeyJidWNrZXQiOiAiY3JhYmNhY2hlX3Byb2QifSwgeyJrZXkiOiAieW91bmd3YW4vc2FuZGJveGVzLzUzNjAzOThjZmIyYzE3ZmMyNDc5YmU1MzA2YjNkOWQwYTViY2IwNjM0NjAxZTkwN2Q3NjI4YWU2ZTI5ZTgzY2MudGFyLmd6In1dfQ==", "signature": "lpnmi5dIphOr062iQ8ndVNpyymU="}
]}

 error:   % Total    % Received % Xferd  Average Speed   Time    Time     Time  Current
                                 Dload  Upload   Total   Spent    Left  Speed
  0     0    0     0    0     0      0      0 --:--:-- --:--:-- --:--:--     0*   Trying 188.184.97.219...
* TCP_NODELAY set
* Connected to cmsweb.cern.ch (188.184.97.219) port 8443 (#0)
  0     0    0     0    0     0      0      0 --:--:-- --:--:-- --:--:--     0* ALPN, offering http/1.1
* Cipher selection: ALL:!EXPORT:!EXPORT40:!EXPORT56:!aNULL:!LOW:!RC4:@STRENGTH
* successfully set certificate verify locations:
  CAfile: /etc/pki/tls/certs/ca-bundle.crt
  CApath: /etc/grid-security/certificates/
* TLSv1.2 (OUT), TLS header, Certificate Status (22):
} [5 bytes data]
* TLSv1.2 (OUT), TLS handshake, Client hello (1):
} [512 bytes data]
* TLSv1.2 (IN), TLS handshake, Server hello (2):
{ [109 bytes data]
* TLSv1.2 (IN), TLS handshake, Certificate (11):
{ [6224 bytes data]
* TLSv1.2 (IN), TLS handshake, Server key exchange (12):
{ [333 bytes data]
* TLSv1.2 (IN), TLS handshake, Request CERT (13):
{ [13495 bytes data]
* TLSv1.2 (IN), TLS handshake, Server finished (14):
{ [4 bytes data]
* TLSv1.2 (OUT), TLS handshake, Certificate (11):
} [6578 bytes data]
* TLSv1.2 (OUT), TLS handshake, Client key exchange (16):
} [70 bytes data]
* TLSv1.2 (OUT), TLS handshake, CERT verify (15):
} [136 bytes data]
* TLSv1.2 (OUT), TLS change cipher, Client hello (1):
} [1 bytes data]
* TLSv1.2 (OUT), TLS handshake, Finished (20):
} [16 bytes data]
* TLSv1.2 (IN), TLS change cipher, Client hello (1):
{ [1 bytes data]
* TLSv1.2 (IN), TLS handshake, Finished (20):
{ [16 bytes data]
* SSL connection using TLSv1.2 / ECDHE-RSA-AES128-GCM-SHA256
* ALPN, server accepted to use http/1.1
* Server certificate:
*  subject: DC=ch; DC=cern; OU=computers; CN=cmsweb.cern.ch
*  start date: Feb  2 08:08:53 2021 GMT
*  expire date: Mar  9 08:08:53 2022 GMT
*  subjectAltName: host "cmsweb.cern.ch" matched cert's "cmsweb.cern.ch"
*  issuer: DC=ch; DC=cern; CN=CERN Grid Certification Authority
*  SSL certificate verify ok.
} [5 bytes data]
> GET /crabserver/prod/cache?tarballname=5360398cfb2c17fc2479be5306b3d9d0a5bcb0634601e907d7628ae6e29e83cc.tar.gz&subresource=upload&objecttype=sandbox HTTP/1.1
> Host: cmsweb.cern.ch:8443
> User-Agent: CRABClient/v3.211130
> Accept: */*
> Content-Length: 121
> Content-Type: application/x-www-form-urlencoded
> 
} [121 bytes data]
* upload completely sent off: 121 out of 121 bytes
{ [5 bytes data]
< HTTP/1.1 200 OK
< Date: Wed, 16 Feb 2022 01:06:42 GMT
< Server: nginx/1.17.10
< Content-Type: application/json
< Content-Length: 521
< Vary: Accept-Encoding,Accept
< Cache-Control: max-age=3600
< X-Rest-Status: 100
< Etag: "3fda39351c495074d6ac516ee444474d384b92fc"
< X-Rest-Time: 34181.833 us
< CMS-Server-Time: D=43513 t=1644973602227667
< 
 18   642    0     0  100   121      0     78  0:00:01  0:00:01 --:--:--    78{ [5 bytes data]
100   642  100   521  100   121    339     78  0:00:01  0:00:01 --:--:--   418
* Connection #0 to host cmsweb.cern.ch left intact
{"result": [
 "https://s3.cern.ch/crabcache_prod"
,{"key": "youngwan/sandboxes/5360398cfb2c17fc2479be5306b3d9d0a5bcb0634601e907d7628ae6e29e83cc.tar.gz", "AWSAccessKeyId": "d542228b5cc74605885bd10e80fe3e8f", "policy": "eyJleHBpcmF0aW9uIjogIjIwMjItMDItMTZUMDI6MDY6NDJaIiwgImNvbmRpdGlvbnMiOiBbeyJidWNrZXQiOiAiY3JhYmNhY2hlX3Byb2QifSwgeyJrZXkiOiAieW91bmd3YW4vc2FuZGJveGVzLzUzNjAzOThjZmIyYzE3ZmMyNDc5YmU1MzA2YjNkOWQwYTViY2IwNjM0NjAxZTkwN2Q3NjI4YWU2ZTI5ZTgzY2MudGFyLmd6In1dfQ==", "signature": "lpnmi5dIphOr062iQ8ndVNpyymU="}
]}

 retcode : 0
DEBUG 2022-02-16 01:06:42.422 UTC: 	 Will execute:
curl -f -v -X POST  -H "User-Agent: CRAB" -F "key=youngwan/sandboxes/5360398cfb2c17fc2479be5306b3d9d0a5bcb0634601e907d7628ae6e29e83cc.tar.gz" -F "AWSAccessKeyId=d542228b5cc74605885bd10e80fe3e8f" -F "policy=eyJleHBpcmF0aW9uIjogIjIwMjItMDItMTZUMDI6MDY6NDJaIiwgImNvbmRpdGlvbnMiOiBbeyJidWNrZXQiOiAiY3JhYmNhY2hlX3Byb2QifSwgeyJrZXkiOiAieW91bmd3YW4vc2FuZGJveGVzLzUzNjAzOThjZmIyYzE3ZmMyNDc5YmU1MzA2YjNkOWQwYTViY2IwNjM0NjAxZTkwN2Q3NjI4YWU2ZTI5ZTgzY2MudGFyLmd6In1dfQ==" -F "signature=lpnmi5dIphOr062iQ8ndVNpyymU=" -F "file=@/data9/Users/youngwan/work/HNTypeI_TnP/CMSSW_10_6_13/src/EgammaAnalysis/TnPTreeProducer/crab/crab_ElectronTnP_HNtypeI_UL/crab_UL2017_DY_LO/inputs/debugFiles.tgz" "https://s3.cern.ch/crabcache_prod"
DEBUG 2022-02-16 01:06:46.149 UTC: 	 exitcode: 0
stdout: 
DEBUG 2022-02-16 01:06:46.150 UTC: 	 sandbox /data9/Users/youngwan/work/HNTypeI_TnP/CMSSW_10_6_13/src/EgammaAnalysis/TnPTreeProducer/crab/crab_ElectronTnP_HNtypeI_UL/crab_UL2017_DY_LO/inputs/debugFiles.tgz successully uploaded to S3
DEBUG 2022-02-16 01:06:46.150 UTC: 	 Result uploading input files: 9610d091ad05f3677cdb4b874477397f45c81abfa5dc563a41a98cbf815d1958.tar.gz 
INFO 2022-02-16 01:06:46.151 UTC: 	 Sending the request to the server at cmsweb.cern.ch
DEBUG 2022-02-16 01:06:46.151 UTC: 	 Submitting {'maxjobruntime': 1250, 'extrajdl': [], 'ignorelocality': 0, 'savelogsflag': 0, 'useparent': 0, 'asyncdest': 'T3_KR_KISTI', 'algoargs': 5, 'cachefilename': '9610d091ad05f3677cdb4b874477397f45c81abfa5dc563a41a98cbf815d1958.tar.gz', 'numcores': 1, 'addoutputfiles': [], 'generator': 'pythia', 'maxmemory': 2000, 'publishdbsurl': 'https://cmsweb.cern.ch/dbs/prod/phys03/DBSWriter', 'priority': 10, 'jobsw': 'CMSSW_10_6_13', 'edmoutfiles': [], 'userfiles': [], 'primarydataset': '', 'inputdata': '/DYJetsToLL_M-50_TuneCP5_13TeV-madgraphMLM-pythia8/RunIISummer19UL17MiniAOD-106X_mc2017_realistic_v6-v2/MINIAODSIM', 'lfn': '/store/user/youngwan/ElectronTnP_HNtypeI_UL/UL2017/mc/', 'dryrun': 0, 'workflow': 'crab_UL2017_DY_LO', 'cacheurl': u'https://cmsweb.cern.ch/S3/crabcache_prod', 'nonprodsw': 1, 'tfileoutfiles': ['TnPTree_mc.root'], 'oneEventMode': 0, 'debugfilename': '5360398cfb2c17fc2479be5306b3d9d0a5bcb0634601e907d7628ae6e29e83cc.tar.gz', 'saveoutput': 1, 'publication': 0, 'jobarch': 'slc7_amd64_gcc820', 'totalunits': 0, 'splitalgo': 'FileBased', 'ignoreglobalblacklist': 0, 'nonvaliddata': 1, 'dbsurl': 'https://cmsweb.cern.ch/dbs/prod/global/DBSReader', 'publishgroupname': 0, 'jobtype': 'Analysis', 'publishname2': ''} 
DEBUG 2022-02-16 01:06:46.152 UTC: 	 Encoded submit request: maxjobruntime=1250&ignorelocality=0&savelogsflag=0&useparent=0&asyncdest=T3_KR_KISTI&algoargs=5&cachefilename=9610d091ad05f3677cdb4b874477397f45c81abfa5dc563a41a98cbf815d1958.tar.gz&numcores=1&generator=pythia&maxmemory=2000&publishdbsurl=https%3A%2F%2Fcmsweb.cern.ch%2Fdbs%2Fprod%2Fphys03%2FDBSWriter&priority=10&jobsw=CMSSW_10_6_13&primarydataset=&inputdata=%2FDYJetsToLL_M-50_TuneCP5_13TeV-madgraphMLM-pythia8%2FRunIISummer19UL17MiniAOD-106X_mc2017_realistic_v6-v2%2FMINIAODSIM&lfn=%2Fstore%2Fuser%2Fyoungwan%2FElectronTnP_HNtypeI_UL%2FUL2017%2Fmc%2F&dryrun=0&workflow=crab_UL2017_DY_LO&cacheurl=https%3A%2F%2Fcmsweb.cern.ch%2FS3%2Fcrabcache_prod&nonprodsw=1&oneEventMode=0&debugfilename=5360398cfb2c17fc2479be5306b3d9d0a5bcb0634601e907d7628ae6e29e83cc.tar.gz&saveoutput=1&publication=0&jobarch=slc7_amd64_gcc820&totalunits=0&splitalgo=FileBased&ignoreglobalblacklist=0&nonvaliddata=1&dbsurl=https%3A%2F%2Fcmsweb.cern.ch%2Fdbs%2Fprod%2Fglobal%2FDBSReader&publishgroupname=0&jobtype=Analysis&publishname2=&tfileoutfiles=TnPTree_mc.root
DEBUG 2022-02-16 01:06:46.152 UTC: 	 Encoded data for curl request: maxjobruntime=1250&ignorelocality=0&savelogsflag=0&useparent=0&asyncdest=T3_KR_KISTI&algoargs=5&cachefilename=9610d091ad05f3677cdb4b874477397f45c81abfa5dc563a41a98cbf815d1958.tar.gz&numcores=1&generator=pythia&maxmemory=2000&publishdbsurl=https%3A%2F%2Fcmsweb.cern.ch%2Fdbs%2Fprod%2Fphys03%2FDBSWriter&priority=10&jobsw=CMSSW_10_6_13&primarydataset=&inputdata=%2FDYJetsToLL_M-50_TuneCP5_13TeV-madgraphMLM-pythia8%2FRunIISummer19UL17MiniAOD-106X_mc2017_realistic_v6-v2%2FMINIAODSIM&lfn=%2Fstore%2Fuser%2Fyoungwan%2FElectronTnP_HNtypeI_UL%2FUL2017%2Fmc%2F&dryrun=0&workflow=crab_UL2017_DY_LO&cacheurl=https%3A%2F%2Fcmsweb.cern.ch%2FS3%2Fcrabcache_prod&nonprodsw=1&oneEventMode=0&debugfilename=5360398cfb2c17fc2479be5306b3d9d0a5bcb0634601e907d7628ae6e29e83cc.tar.gz&saveoutput=1&publication=0&jobarch=slc7_amd64_gcc820&totalunits=0&splitalgo=FileBased&ignoreglobalblacklist=0&nonvaliddata=1&dbsurl=https%3A%2F%2Fcmsweb.cern.ch%2Fdbs%2Fprod%2Fglobal%2FDBSReader&publishgroupname=0&jobtype=Analysis&publishname2=&tfileoutfiles=TnPTree_mc.root
DEBUG 2022-02-16 01:06:46.153 UTC: 	 Executing command :
 curl -v -X PUT -H "User-Agent: CRABClient/v3.211130" -H "Accept: */*" --data @/tmp/curlDataFlSn8f --cert "/tmp/x509up_u5587" --key "/tmp/x509up_u5587" --capath "/etc/grid-security/certificates/" "https://cmsweb.cern.ch:8443/crabserver/prod/workflow" | tee /dev/stderr 
DEBUG 2022-02-16 01:06:48.578 UTC: 	 output : {"result": [
 {"RequestName": "220216_010648:youngwan_crab_UL2017_DY_LO"}
]}

 error:   % Total    % Received % Xferd  Average Speed   Time    Time     Time  Current
                                 Dload  Upload   Total   Spent    Left  Speed
  0     0    0     0    0     0      0      0 --:--:-- --:--:-- --:--:--     0*   Trying 188.185.88.214...
* TCP_NODELAY set
* Connected to cmsweb.cern.ch (188.185.88.214) port 8443 (#0)
* ALPN, offering http/1.1
* Cipher selection: ALL:!EXPORT:!EXPORT40:!EXPORT56:!aNULL:!LOW:!RC4:@STRENGTH
* successfully set certificate verify locations:
  CAfile: /etc/pki/tls/certs/ca-bundle.crt
  CApath: /etc/grid-security/certificates/
* TLSv1.2 (OUT), TLS header, Certificate Status (22):
} [5 bytes data]
* TLSv1.2 (OUT), TLS handshake, Client hello (1):
} [512 bytes data]
* TLSv1.2 (IN), TLS handshake, Server hello (2):
{ [109 bytes data]
* TLSv1.2 (IN), TLS handshake, Certificate (11):
{ [6224 bytes data]
* TLSv1.2 (IN), TLS handshake, Server key exchange (12):
{ [333 bytes data]
* TLSv1.2 (IN), TLS handshake, Request CERT (13):
{ [13495 bytes data]
* TLSv1.2 (IN), TLS handshake, Server finished (14):
{ [4 bytes data]
* TLSv1.2 (OUT), TLS handshake, Certificate (11):
} [6578 bytes data]
* TLSv1.2 (OUT), TLS handshake, Client key exchange (16):
} [70 bytes data]
* TLSv1.2 (OUT), TLS handshake, CERT verify (15):
} [136 bytes data]
* TLSv1.2 (OUT), TLS change cipher, Client hello (1):
} [1 bytes data]
* TLSv1.2 (OUT), TLS handshake, Finished (20):
} [16 bytes data]
* TLSv1.2 (IN), TLS change cipher, Client hello (1):
{ [1 bytes data]
* TLSv1.2 (IN), TLS handshake, Finished (20):
{ [16 bytes data]
* SSL connection using TLSv1.2 / ECDHE-RSA-AES128-GCM-SHA256
* ALPN, server accepted to use http/1.1
* Server certificate:
*  subject: DC=ch; DC=cern; OU=computers; CN=cmsweb.cern.ch
*  start date: Feb  2 08:08:53 2021 GMT
*  expire date: Mar  9 08:08:53 2022 GMT
*  subjectAltName: host "cmsweb.cern.ch" matched cert's "cmsweb.cern.ch"
*  issuer: DC=ch; DC=cern; CN=CERN Grid Certification Authority
*  SSL certificate verify ok.
  0     0    0     0    0     0      0      0 --:--:--  0:00:01 --:--:--     0} [5 bytes data]
> PUT /crabserver/prod/workflow HTTP/1.1
> Host: cmsweb.cern.ch:8443
> User-Agent: CRABClient/v3.211130
> Accept: */*
> Content-Length: 1037
> Content-Type: application/x-www-form-urlencoded
> Expect: 100-continue
> 
{ [5 bytes data]
< HTTP/1.1 100 Continue
} [5 bytes data]
* We are completely uploaded and fine
100  1037    0     0  100  1037      0    470  0:00:02  0:00:02 --:--:--   470{ [5 bytes data]
< HTTP/1.1 200 OK
< Date: Wed, 16 Feb 2022 01:06:48 GMT
< Server: nginx/1.17.10
< Content-Type: application/json
< Content-Length: 77
< Vary: Accept
< X-Rest-Status: 100
< Etag: "b57b7c9f0c7a387a53a4f03233e28a49ee6cb17d"
< X-Rest-Time: 601814.747 us
< CMS-Server-Time: D=898018 t=1644973607529638
< 
{ [5 bytes data]
100  1114  100    77  100  1037     32    434  0:00:02  0:00:02 --:--:--   466
* Connection #0 to host cmsweb.cern.ch left intact
{"result": [
 {"RequestName": "220216_010648:youngwan_crab_UL2017_DY_LO"}
]}

 retcode : 0
DEBUG 2022-02-16 01:06:48.579 UTC: 	 Result: {u'result': [{u'RequestName': u'220216_010648:youngwan_crab_UL2017_DY_LO'}]}
INFO 2022-02-16 01:06:48.585 UTC: 	 Success: Your task has been delivered to the prod CRAB3 server.
INFO 2022-02-16 01:06:48.585 UTC: 	 Task name: 220216_010648:youngwan_crab_UL2017_DY_LO
INFO 2022-02-16 01:06:48.585 UTC: 	 Project dir: crab_ElectronTnP_HNtypeI_UL/crab_UL2017_DY_LO
INFO 2022-02-16 01:06:48.585 UTC: 	 Please use ' crab status -d crab_ElectronTnP_HNtypeI_UL/crab_UL2017_DY_LO ' to check how the submission process proceeds.
DEBUG 2022-02-16 01:06:48.585 UTC: 	 About to return
