DEBUG 2022-02-16 01:09:25.674 UTC: 	 CRAB Client version: v3.211130
DEBUG 2022-02-16 01:09:25.674 UTC: 	 Running on: Linux tamsa2 3.10.0-1160.15.2.el7.x86_64 #1 SMP Wed Feb 3 15:06:38 UTC 2021 x86_64 x86_64 x86_64 GNU/Linux - CentOS Linux 7 (Core)
DEBUG 2022-02-16 01:09:25.675 UTC: 	 Executing command: 'submit'
DEBUG 2022-02-16 01:09:25.675 UTC: 	 Found CRAB cache file /home/youngwan/.crab3
DEBUG 2022-02-16 01:09:25.677 UTC: 	 Will use CRAB Analysis plugin (i.e. will run an analysis job type).
DEBUG 2022-02-16 01:09:26.044 UTC: 	 Checking credentials
DEBUG 2022-02-16 01:09:26.045 UTC: 	 Found proxy file /tmp/x509up_u5587
DEBUG 2022-02-16 01:09:26.045 UTC: 	 Getting proxy life time left
DEBUG 2022-02-16 01:09:26.045 UTC: 	 Executing command :
 voms-proxy-info --actimeleft --timeleft --file /tmp/x509up_u5587
DEBUG 2022-02-16 01:09:26.137 UTC: 	 output : 689669
689669

 error: 
 retcode : 0
DEBUG 2022-02-16 01:09:26.138 UTC: 	 Proxy valid for 191:34:29 hours
DEBUG 2022-02-16 01:09:26.212 UTC: 	 Encoded data for curl request: subresource=delegatedn
DEBUG 2022-02-16 01:09:26.214 UTC: 	 Executing command :
 curl -v -X GET -H "User-Agent: CRABClient/v3.211130" -H "Accept: */*" --data @/tmp/curlDatagfRKY6 --cert "/tmp/x509up_u5587" --key "/tmp/x509up_u5587" --capath "/etc/grid-security/certificates/" "https://cmsweb.cern.ch:8443/crabserver/prod/info?subresource=delegatedn" | tee /dev/stderr 
DEBUG 2022-02-16 01:09:27.725 UTC: 	 output : {"result": [
 {"services": ["/DC=ch/DC=cern/OU=computers/CN=crab-(preprod|prod|dev)-tw(02|01).cern.ch|/DC=ch/DC=cern/OU=computers/CN=stefanov(m|m2).cern.ch|/DC=ch/DC=cern/OU=computers/CN=dciangot-tw.cern.ch"]}
]}

 error:   % Total    % Received % Xferd  Average Speed   Time    Time     Time  Current
                                 Dload  Upload   Total   Spent    Left  Speed
  0     0    0     0    0     0      0      0 --:--:-- --:--:-- --:--:--     0*   Trying 137.138.120.6...
* TCP_NODELAY set
* Connected to cmsweb.cern.ch (137.138.120.6) port 8443 (#0)
* ALPN, offering http/1.1
* Cipher selection: ALL:!EXPORT:!EXPORT40:!EXPORT56:!aNULL:!LOW:!RC4:@STRENGTH
* successfully set certificate verify locations:
  CAfile: /etc/pki/tls/certs/ca-bundle.crt
  CApath: /etc/grid-security/certificates/
* TLSv1.2 (OUT), TLS header, Certificate Status (22):
} [5 bytes data]
* TLSv1.2 (OUT), TLS handshake, Client hello (1):
} [512 bytes data]
* TLSv1.2 (IN), TLS handshake, Server hello (2):
{ [109 bytes data]
* TLSv1.2 (IN), TLS handshake, Certificate (11):
{ [6224 bytes data]
* TLSv1.2 (IN), TLS handshake, Server key exchange (12):
{ [333 bytes data]
* TLSv1.2 (IN), TLS handshake, Request CERT (13):
{ [13495 bytes data]
* TLSv1.2 (IN), TLS handshake, Server finished (14):
{ [4 bytes data]
* TLSv1.2 (OUT), TLS handshake, Certificate (11):
} [6578 bytes data]
* TLSv1.2 (OUT), TLS handshake, Client key exchange (16):
} [70 bytes data]
* TLSv1.2 (OUT), TLS handshake, CERT verify (15):
} [136 bytes data]
* TLSv1.2 (OUT), TLS change cipher, Client hello (1):
} [1 bytes data]
* TLSv1.2 (OUT), TLS handshake, Finished (20):
} [16 bytes data]
* TLSv1.2 (IN), TLS change cipher, Client hello (1):
{ [1 bytes data]
* TLSv1.2 (IN), TLS handshake, Finished (20):
{ [16 bytes data]
* SSL connection using TLSv1.2 / ECDHE-RSA-AES128-GCM-SHA256
* ALPN, server accepted to use http/1.1
* Server certificate:
*  subject: DC=ch; DC=cern; OU=computers; CN=cmsweb.cern.ch
*  start date: Feb  2 08:08:53 2021 GMT
*  expire date: Mar  9 08:08:53 2022 GMT
*  subjectAltName: host "cmsweb.cern.ch" matched cert's "cmsweb.cern.ch"
*  issuer: DC=ch; DC=cern; CN=CERN Grid Certification Authority
*  SSL certificate verify ok.
  0     0    0     0    0     0      0      0 --:--:--  0:00:01 --:--:--     0} [5 bytes data]
> GET /crabserver/prod/info?subresource=delegatedn HTTP/1.1
> Host: cmsweb.cern.ch:8443
> User-Agent: CRABClient/v3.211130
> Accept: */*
> Content-Length: 22
> Content-Type: application/x-www-form-urlencoded
> 
} [22 bytes data]
* upload completely sent off: 22 out of 22 bytes
{ [5 bytes data]
< HTTP/1.1 200 OK
< Date: Wed, 16 Feb 2022 01:09:27 GMT
< Server: nginx/1.17.10
< Content-Type: application/json
< Content-Length: 213
< Vary: Accept
< Cache-Control: max-age=3600
< X-Rest-Status: 100
< Etag: "de92dcb56f87dabbe30965e60a433c3f1b873eab"
< X-Rest-Time: 1943.827 us
< CMS-Server-Time: D=10813 t=1644973767564911
< 
{ [5 bytes data]
100   235  100   213  100    22    144     14  0:00:01  0:00:01 --:--:--   159
* Connection #0 to host cmsweb.cern.ch left intact
{"result": [
 {"services": ["/DC=ch/DC=cern/OU=computers/CN=crab-(preprod|prod|dev)-tw(02|01).cern.ch|/DC=ch/DC=cern/OU=computers/CN=stefanov(m|m2).cern.ch|/DC=ch/DC=cern/OU=computers/CN=dciangot-tw.cern.ch"]}
]}

 retcode : 0
DEBUG 2022-02-16 01:09:27.728 UTC: 	 Registering user credentials on myproxy for /DC=ch/DC=cern/OU=computers/CN=crab-(preprod|prod|dev)-tw(02|01).cern.ch|/DC=ch/DC=cern/OU=computers/CN=stefanov(m|m2).cern.ch|/DC=ch/DC=cern/OU=computers/CN=dciangot-tw.cern.ch
DEBUG 2022-02-16 01:09:27.728 UTC: 	 Executing command :
 voms-proxy-info --identity --file /tmp/x509up_u5587
DEBUG 2022-02-16 01:09:27.813 UTC: 	 output : /DC=ch/DC=cern/OU=Organic Units/OU=Users/CN=youngwan/CN=848372/CN=Youngwan Kim

 error: 
 retcode : 0
DEBUG 2022-02-16 01:09:27.813 UTC: 	 Getting myproxy life time left for 28ee36cca2c7520b5a2cacb662bf2ed5cc017f9c
DEBUG 2022-02-16 01:09:27.814 UTC: 	 Executing command :
 myproxy-info -s myproxy.cern.ch -l 28ee36cca2c7520b5a2cacb662bf2ed5cc017f9c
DEBUG 2022-02-16 01:09:30.173 UTC: 	 output : username: 28ee36cca2c7520b5a2cacb662bf2ed5cc017f9c
owner: /DC=ch/DC=cern/OU=Organic Units/OU=Users/CN=youngwan/CN=848372/CN=Youngwan Kim
  renewal policy: /DC=ch/DC=cern/OU=computers/CN=crab-(preprod|prod|dev)-tw(02|01).cern.ch|/DC=ch/DC=cern/OU=computers/CN=stefanov(m|m2).cern.ch|/DC=ch/DC=cern/OU=computers/CN=dciangot-tw.cern.ch
  trusted retrieval policy: /DC=ch/DC=cern/OU=computers/CN=crab-(preprod|prod|dev)-tw(02|01).cern.ch|/DC=ch/DC=cern/OU=computers/CN=stefanov(m|m2).cern.ch|/DC=ch/DC=cern/OU=computers/CN=dciangot-tw.cern.ch
  timeleft: 719:35:04  (30.0 days)

 error: 
 retcode : 0
DEBUG 2022-02-16 01:09:30.173 UTC: 	 Myproxy is valid: 2590500
DEBUG 2022-02-16 01:09:30.173 UTC: 	 Result of myproxy credential check:
  Credential exists on myproxy: username: 28ee36cca2c7520b5a2cacb662bf2ed5cc017f9c  - validity: 29 days, 23:35:00
DEBUG 2022-02-16 01:09:30.174 UTC: 	 Command use: submit
DEBUG 2022-02-16 01:09:30.174 UTC: 	 Options use: ['--config', <WMCore.Configuration.Configuration object at 0x7f5ea5d2cdd0>]
DEBUG 2022-02-16 01:09:30.174 UTC: 	 Encoded data for curl request: subresource=version
DEBUG 2022-02-16 01:09:30.175 UTC: 	 Executing command :
 curl -v -X GET -H "User-Agent: CRABClient/v3.211130" -H "Accept: */*" --data @/tmp/curlDatahDegUD --cert "/tmp/x509up_u5587" --key "/tmp/x509up_u5587" --capath "/etc/grid-security/certificates/" "https://cmsweb.cern.ch:8443/crabserver/prod/info?subresource=version" | tee /dev/stderr 
DEBUG 2022-02-16 01:09:31.746 UTC: 	 output : {"result": [
 ["3.3.19", "3.3.20", "v3", "development", "py3.220124"]
]}

 error:   % Total    % Received % Xferd  Average Speed   Time    Time     Time  Current
                                 Dload  Upload   Total   Spent    Left  Speed
  0     0    0     0    0     0      0      0 --:--:-- --:--:-- --:--:--     0*   Trying 188.184.97.219...
* TCP_NODELAY set
* Connected to cmsweb.cern.ch (188.184.97.219) port 8443 (#0)
* ALPN, offering http/1.1
* Cipher selection: ALL:!EXPORT:!EXPORT40:!EXPORT56:!aNULL:!LOW:!RC4:@STRENGTH
* successfully set certificate verify locations:
  CAfile: /etc/pki/tls/certs/ca-bundle.crt
  CApath: /etc/grid-security/certificates/
* TLSv1.2 (OUT), TLS header, Certificate Status (22):
} [5 bytes data]
* TLSv1.2 (OUT), TLS handshake, Client hello (1):
} [512 bytes data]
* TLSv1.2 (IN), TLS handshake, Server hello (2):
{ [109 bytes data]
* TLSv1.2 (IN), TLS handshake, Certificate (11):
{ [6224 bytes data]
* TLSv1.2 (IN), TLS handshake, Server key exchange (12):
{ [333 bytes data]
* TLSv1.2 (IN), TLS handshake, Request CERT (13):
{ [13495 bytes data]
* TLSv1.2 (IN), TLS handshake, Server finished (14):
{ [4 bytes data]
* TLSv1.2 (OUT), TLS handshake, Certificate (11):
} [6578 bytes data]
* TLSv1.2 (OUT), TLS handshake, Client key exchange (16):
} [70 bytes data]
* TLSv1.2 (OUT), TLS handshake, CERT verify (15):
} [136 bytes data]
* TLSv1.2 (OUT), TLS change cipher, Client hello (1):
} [1 bytes data]
* TLSv1.2 (OUT), TLS handshake, Finished (20):
} [16 bytes data]
* TLSv1.2 (IN), TLS change cipher, Client hello (1):
{ [1 bytes data]
* TLSv1.2 (IN), TLS handshake, Finished (20):
{ [16 bytes data]
* SSL connection using TLSv1.2 / ECDHE-RSA-AES128-GCM-SHA256
* ALPN, server accepted to use http/1.1
* Server certificate:
*  subject: DC=ch; DC=cern; OU=computers; CN=cmsweb.cern.ch
*  start date: Feb  2 08:08:53 2021 GMT
*  expire date: Mar  9 08:08:53 2022 GMT
*  subjectAltName: host "cmsweb.cern.ch" matched cert's "cmsweb.cern.ch"
*  issuer: DC=ch; DC=cern; CN=CERN Grid Certification Authority
*  SSL certificate verify ok.
  0     0    0     0    0     0      0      0 --:--:--  0:00:01 --:--:--     0} [5 bytes data]
> GET /crabserver/prod/info?subresource=version HTTP/1.1
> Host: cmsweb.cern.ch:8443
> User-Agent: CRABClient/v3.211130
> Accept: */*
> Content-Length: 19
> Content-Type: application/x-www-form-urlencoded
> 
} [19 bytes data]
* upload completely sent off: 19 out of 19 bytes
{ [5 bytes data]
< HTTP/1.1 200 OK
< Date: Wed, 16 Feb 2022 01:09:31 GMT
< Server: nginx/1.17.10
< Content-Type: application/json
< Content-Length: 73
< Vary: Accept
< Cache-Control: max-age=3600
< X-Rest-Status: 100
< Etag: "3309a93c90cdb00bd297a532c9c67f645a0b4b24"
< X-Rest-Time: 3445.387 us
< CMS-Server-Time: D=12716 t=1644973771583575
< 
{ [5 bytes data]
100    92  100    73  100    19     47     12  0:00:01  0:00:01 --:--:--    59
* Connection #0 to host cmsweb.cern.ch left intact
{"result": [
 ["3.3.19", "3.3.20", "v3", "development", "py3.220124"]
]}

 retcode : 0
DEBUG 2022-02-16 01:09:31.748 UTC: 	 CRABClient version: v3.211130
DEBUG 2022-02-16 01:09:31.748 UTC: 	 Instance is prod
DEBUG 2022-02-16 01:09:31.748 UTC: 	 Server base url is cmsweb.cern.ch
DEBUG 2022-02-16 01:09:31.748 UTC: 	 Command api workflow
DEBUG 2022-02-16 01:09:31.748 UTC: 	 Started submission
DEBUG 2022-02-16 01:09:31.748 UTC: 	 Working on /data9/Users/youngwan/work/HNTypeI_TnP/CMSSW_10_6_13/src/EgammaAnalysis/TnPTreeProducer/crab/crab_ElectronTnP_HNtypeI_UL/crab_UL2018_DY_LO
DEBUG 2022-02-16 01:09:31.749 UTC: 	 Encoded data for curl request: subresource=backendurls
DEBUG 2022-02-16 01:09:31.750 UTC: 	 Executing command :
 curl -v -X GET -H "User-Agent: CRABClient/v3.211130" -H "Accept: */*" --data @/tmp/curlDatauSdu0M --cert "/tmp/x509up_u5587" --key "/tmp/x509up_u5587" --capath "/etc/grid-security/certificates/" "https://cmsweb.cern.ch:8443/crabserver/prod/info?subresource=backendurls" | tee /dev/stderr 
DEBUG 2022-02-16 01:09:33.286 UTC: 	 output : {"result": [
 {"cacheSSL": "https://cmsweb.cern.ch/S3/crabcache_prod", "htcondorSchedds": {"crab3@vocms059.cern.ch": {"proxiedurl": "https://cmsweb.cern.ch:8443/scheddmon/059", "weightfactor": 0}, "crab3@vocms068.cern.ch": {"proxiedurl": "https://cmsweb.cern.ch:8443/scheddmon/068", "weightfactor": 1}, "crab3@vocms069.cern.ch": {"proxiedurl": "https://cmsweb.cern.ch:8443/scheddmon/069", "weightfactor": 1}, "crab3@vocms0106.cern.ch": {"proxiedurl": "https://cmsweb.cern.ch:8443/scheddmon/0106", "weightfactor": 1}, "crab3@vocms0107.cern.ch": {"proxiedurl": "https://cmsweb.cern.ch:8443/scheddmon/0107", "weightfactor": 1}, "crab3@vocms0119.cern.ch": {"proxiedurl": "https://cmsweb.cern.ch:8443/scheddmon/0119", "weightfactor": 1}, "crab3@vocms0120.cern.ch": {"proxiedurl": "https://cmsweb.cern.ch:8443/scheddmon/0120", "weightfactor": 1}, "crab3@vocms0121.cern.ch": {"proxiedurl": "https://cmsweb.cern.ch:8443/scheddmon/0121", "weightfactor": 1}, "crab3@vocms0122.cern.ch": {"proxiedurl": "https://cmsweb.cern.ch:8443/scheddmon/0122", "weightfactor": 1}, "crab3@vocms0137.cern.ch": {"proxiedurl": "https://cmsweb.cern.ch:8443/scheddmon/0137", "weightfactor": 1}, "crab3@vocms0144.cern.ch": {"proxiedurl": "https://cmsweb.cern.ch:8443/scheddmon/0144", "weightfactor": 1}, "crab3@vocms0155.cern.ch": {"proxiedurl": "https://cmsweb.cern.ch:8443/scheddmon/0155", "weightfactor": 1}, "crab3@vocms0194.cern.ch": {"proxiedurl": "https://cmsweb.cern.ch:8443/scheddmon/0194", "weightfactor": 1}, "crab3@vocms0195.cern.ch": {"proxiedurl": "https://cmsweb.cern.ch:8443/scheddmon/0195", "weightfactor": 1}, "crab3@vocms0196.cern.ch": {"proxiedurl": "https://cmsweb.cern.ch:8443/scheddmon/0196", "weightfactor": 1}, "crab3@vocms0197.cern.ch": {"proxiedurl": "https://cmsweb.cern.ch:8443/scheddmon/0197", "weightfactor": 1}, "crab3@vocms0198.cern.ch": {"proxiedurl": "https://cmsweb.cern.ch:8443/scheddmon/0198", "weightfactor": 1}, "crab3@vocms0199.cern.ch": {"proxiedurl": "https://cmsweb.cern.ch:8443/scheddmon/0199", "weightfactor": 1}}, "asoConfig": [{"couchURL": "https://cmsweb.cern.ch/crabserver/prod", "couchDBName": "filetransfers"}], "htcondorPool": "cmsgwms-collector-global.cern.ch:9620,cmsgwms-collector-global.fnal.gov:9620"}
]}

 error:   % Total    % Received % Xferd  Average Speed   Time    Time     Time  Current
                                 Dload  Upload   Total   Spent    Left  Speed
  0     0    0     0    0     0      0      0 --:--:-- --:--:-- --:--:--     0*   Trying 188.184.97.219...
* TCP_NODELAY set
* Connected to cmsweb.cern.ch (188.184.97.219) port 8443 (#0)
* ALPN, offering http/1.1
* Cipher selection: ALL:!EXPORT:!EXPORT40:!EXPORT56:!aNULL:!LOW:!RC4:@STRENGTH
* successfully set certificate verify locations:
  CAfile: /etc/pki/tls/certs/ca-bundle.crt
  CApath: /etc/grid-security/certificates/
* TLSv1.2 (OUT), TLS header, Certificate Status (22):
} [5 bytes data]
* TLSv1.2 (OUT), TLS handshake, Client hello (1):
} [512 bytes data]
* TLSv1.2 (IN), TLS handshake, Server hello (2):
{ [109 bytes data]
  0     0    0     0    0     0      0      0 --:--:-- --:--:-- --:--:--     0* TLSv1.2 (IN), TLS handshake, Certificate (11):
{ [6224 bytes data]
* TLSv1.2 (IN), TLS handshake, Server key exchange (12):
{ [333 bytes data]
* TLSv1.2 (IN), TLS handshake, Request CERT (13):
{ [13495 bytes data]
* TLSv1.2 (IN), TLS handshake, Server finished (14):
{ [4 bytes data]
* TLSv1.2 (OUT), TLS handshake, Certificate (11):
} [6578 bytes data]
* TLSv1.2 (OUT), TLS handshake, Client key exchange (16):
} [70 bytes data]
* TLSv1.2 (OUT), TLS handshake, CERT verify (15):
} [136 bytes data]
* TLSv1.2 (OUT), TLS change cipher, Client hello (1):
} [1 bytes data]
* TLSv1.2 (OUT), TLS handshake, Finished (20):
} [16 bytes data]
* TLSv1.2 (IN), TLS change cipher, Client hello (1):
{ [1 bytes data]
* TLSv1.2 (IN), TLS handshake, Finished (20):
{ [16 bytes data]
* SSL connection using TLSv1.2 / ECDHE-RSA-AES128-GCM-SHA256
* ALPN, server accepted to use http/1.1
* Server certificate:
*  subject: DC=ch; DC=cern; OU=computers; CN=cmsweb.cern.ch
*  start date: Feb  2 08:08:53 2021 GMT
*  expire date: Mar  9 08:08:53 2022 GMT
*  subjectAltName: host "cmsweb.cern.ch" matched cert's "cmsweb.cern.ch"
*  issuer: DC=ch; DC=cern; CN=CERN Grid Certification Authority
*  SSL certificate verify ok.
} [5 bytes data]
> GET /crabserver/prod/info?subresource=backendurls HTTP/1.1
> Host: cmsweb.cern.ch:8443
> User-Agent: CRABClient/v3.211130
> Accept: */*
> Content-Length: 23
> Content-Type: application/x-www-form-urlencoded
> 
} [23 bytes data]
* upload completely sent off: 23 out of 23 bytes
{ [5 bytes data]
< HTTP/1.1 200 OK
< Date: Wed, 16 Feb 2022 01:09:33 GMT
< Server: nginx/1.17.10
< Content-Type: application/json
< Content-Length: 2232
< Vary: Accept-Encoding,Accept
< Cache-Control: max-age=3600
< X-Rest-Status: 100
< Etag: "33581c872b594825cd6b153efac3e8632410185f"
< X-Rest-Time: 2588.749 us
< CMS-Server-Time: D=12236 t=1644973773123470
< 
  1  2255    0     0  100    23      0     15  0:00:01  0:00:01 --:--:--    15{ [5 bytes data]
100  2255  100  2232  100    23   1488     15  0:00:01  0:00:01 --:--:--  1502
* Connection #0 to host cmsweb.cern.ch left intact
{"result": [
 {"cacheSSL": "https://cmsweb.cern.ch/S3/crabcache_prod", "htcondorSchedds": {"crab3@vocms059.cern.ch": {"proxiedurl": "https://cmsweb.cern.ch:8443/scheddmon/059", "weightfactor": 0}, "crab3@vocms068.cern.ch": {"proxiedurl": "https://cmsweb.cern.ch:8443/scheddmon/068", "weightfactor": 1}, "crab3@vocms069.cern.ch": {"proxiedurl": "https://cmsweb.cern.ch:8443/scheddmon/069", "weightfactor": 1}, "crab3@vocms0106.cern.ch": {"proxiedurl": "https://cmsweb.cern.ch:8443/scheddmon/0106", "weightfactor": 1}, "crab3@vocms0107.cern.ch": {"proxiedurl": "https://cmsweb.cern.ch:8443/scheddmon/0107", "weightfactor": 1}, "crab3@vocms0119.cern.ch": {"proxiedurl": "https://cmsweb.cern.ch:8443/scheddmon/0119", "weightfactor": 1}, "crab3@vocms0120.cern.ch": {"proxiedurl": "https://cmsweb.cern.ch:8443/scheddmon/0120", "weightfactor": 1}, "crab3@vocms0121.cern.ch": {"proxiedurl": "https://cmsweb.cern.ch:8443/scheddmon/0121", "weightfactor": 1}, "crab3@vocms0122.cern.ch": {"proxiedurl": "https://cmsweb.cern.ch:8443/scheddmon/0122", "weightfactor": 1}, "crab3@vocms0137.cern.ch": {"proxiedurl": "https://cmsweb.cern.ch:8443/scheddmon/0137", "weightfactor": 1}, "crab3@vocms0144.cern.ch": {"proxiedurl": "https://cmsweb.cern.ch:8443/scheddmon/0144", "weightfactor": 1}, "crab3@vocms0155.cern.ch": {"proxiedurl": "https://cmsweb.cern.ch:8443/scheddmon/0155", "weightfactor": 1}, "crab3@vocms0194.cern.ch": {"proxiedurl": "https://cmsweb.cern.ch:8443/scheddmon/0194", "weightfactor": 1}, "crab3@vocms0195.cern.ch": {"proxiedurl": "https://cmsweb.cern.ch:8443/scheddmon/0195", "weightfactor": 1}, "crab3@vocms0196.cern.ch": {"proxiedurl": "https://cmsweb.cern.ch:8443/scheddmon/0196", "weightfactor": 1}, "crab3@vocms0197.cern.ch": {"proxiedurl": "https://cmsweb.cern.ch:8443/scheddmon/0197", "weightfactor": 1}, "crab3@vocms0198.cern.ch": {"proxiedurl": "https://cmsweb.cern.ch:8443/scheddmon/0198", "weightfactor": 1}, "crab3@vocms0199.cern.ch": {"proxiedurl": "https://cmsweb.cern.ch:8443/scheddmon/0199", "weightfactor": 1}}, "asoConfig": [{"couchURL": "https://cmsweb.cern.ch/crabserver/prod", "couchDBName": "filetransfers"}], "htcondorPool": "cmsgwms-collector-global.cern.ch:9620,cmsgwms-collector-global.fnal.gov:9620"}
]}

 retcode : 0
DEBUG 2022-02-16 01:09:33.342 UTC: 	 Loading required information from the environment
DEBUG 2022-02-16 01:09:33.343 UTC: 	 Found CMSSW_10_6_13 for slc7_amd64_gcc820 with base /data9/Users/youngwan/work/HNTypeI_TnP/CMSSW_10_6_13
DEBUG 2022-02-16 01:09:33.343 UTC: 	 Loading required information from the environment
DEBUG 2022-02-16 01:09:33.343 UTC: 	 Found CMSSW_10_6_13 for slc7_amd64_gcc820 with base /data9/Users/youngwan/work/HNTypeI_TnP/CMSSW_10_6_13
DEBUG 2022-02-16 01:09:33.343 UTC: 	 UNIQUE NAME: tarUUID d046bba2-3493-424c-abab-d50b6c1f0378 
DEBUG 2022-02-16 01:09:33.344 UTC: 	 self.config: from WMCore.Configuration import Configuration
config = Configuration()
config.section_('General')
config.General.workArea = 'crab_ElectronTnP_HNtypeI_UL'
config.General.transferLogs = False
config.General.requestName = 'UL2018_DY_LO'
config.section_('JobType')
config.JobType.psetName = '../python/TnPTreeProducer_cfg.py'
config.JobType.pluginName = 'Analysis'
config.JobType.pyCfgParams = ['doEleID=True', 'doPhoID=False', 'doTrigger=True', 'isMC=True', 'era=UL2018']
config.JobType.sendExternalFolder = True
config.JobType.allowUndistributedCMSSW = True
config.section_('Data')
config.Data.inputDataset = '/DYJetsToLL_M-50_TuneCP5_13TeV-madgraphMLM-pythia8/RunIISummer19UL18MiniAOD-106X_upgrade2018_realistic_v11_L1v1-v1/MINIAODSIM'
config.Data.allowNonValidInputDataset = True
config.Data.publication = False
config.Data.unitsPerJob = 5
config.Data.splitting = 'FileBased'
config.Data.inputDBS = 'global'
config.Data.outLFNDirBase = '/store/user/youngwan/ElectronTnP_HNtypeI_UL/UL2018/mc/'
config.Data.lumiMask = None
config.section_('Site')
config.Site.storageSite = 'T3_KR_KISTI'
config.section_('User')
config.section_('Debug')

DEBUG 2022-02-16 01:09:33.344 UTC: 	 self.config.JobType.psetName: ../python/TnPTreeProducer_cfg.py
INFO 2022-02-16 01:09:33.344 UTC: 	 Importing CMSSW configuration ../python/TnPTreeProducer_cfg.py
DEBUG 2022-02-16 01:09:33.344 UTC: 	 Additional parameters for the CMSSW configuration are: ['doEleID=True', 'doPhoID=False', 'doTrigger=True', 'isMC=True', 'era=UL2018']
INFO 2022-02-16 01:09:36.045 UTC: 	 Finished importing CMSSW configuration ../python/TnPTreeProducer_cfg.py
DEBUG 2022-02-16 01:09:36.046 UTC: 	 Writing CMSSW configuration to /data9/Users/youngwan/work/HNTypeI_TnP/CMSSW_10_6_13/src/EgammaAnalysis/TnPTreeProducer/crab/crab_ElectronTnP_HNtypeI_UL/crab_UL2018_DY_LO/inputs/PSet.py
DEBUG 2022-02-16 01:09:37.032 UTC: 	 The following EDM output files will be collected: []
DEBUG 2022-02-16 01:09:37.033 UTC: 	 The following TFile output files will be collected: ['TnPTree_mc.root']
DEBUG 2022-02-16 01:09:37.033 UTC: 	 The following user output files (not listed as PoolOuputModule or TFileService in the CMSSW PSet) will be collected: 
DEBUG 2022-02-16 01:09:37.033 UTC: 	 Loading required information from the environment
DEBUG 2022-02-16 01:09:37.033 UTC: 	 Found CMSSW_10_6_13 for slc7_amd64_gcc820 with base /data9/Users/youngwan/work/HNTypeI_TnP/CMSSW_10_6_13
DEBUG 2022-02-16 01:09:37.033 UTC: 	 Making tarball in /data9/Users/youngwan/work/HNTypeI_TnP/CMSSW_10_6_13/src/EgammaAnalysis/TnPTreeProducer/crab/crab_ElectronTnP_HNtypeI_UL/crab_UL2018_DY_LO/inputs/d046bba2-3493-424c-abab-d50b6c1f0378default.tgz
DEBUG 2022-02-16 01:09:37.034 UTC: 	 Checking directory /data9/Users/youngwan/work/HNTypeI_TnP/CMSSW_10_6_13/lib
DEBUG 2022-02-16 01:09:37.034 UTC: 	 Adding directory /data9/Users/youngwan/work/HNTypeI_TnP/CMSSW_10_6_13/lib to tarball
DEBUG 2022-02-16 01:09:37.160 UTC: 	 Checking directory /data9/Users/youngwan/work/HNTypeI_TnP/CMSSW_10_6_13/biglib
DEBUG 2022-02-16 01:09:37.160 UTC: 	 Adding directory /data9/Users/youngwan/work/HNTypeI_TnP/CMSSW_10_6_13/biglib to tarball
DEBUG 2022-02-16 01:09:37.161 UTC: 	 Checking directory /data9/Users/youngwan/work/HNTypeI_TnP/CMSSW_10_6_13/module
DEBUG 2022-02-16 01:09:37.161 UTC: 	 Checking directory /data9/Users/youngwan/work/HNTypeI_TnP/CMSSW_10_6_13/external
DEBUG 2022-02-16 01:09:37.161 UTC: 	 Adding directory /data9/Users/youngwan/work/HNTypeI_TnP/CMSSW_10_6_13/external to tarball
DEBUG 2022-02-16 01:09:38.526 UTC: 	 Adding data directory /data9/Users/youngwan/work/HNTypeI_TnP/CMSSW_10_6_13/src/EgammaAnalysis/TnPTreeProducer/data to tarball
DEBUG 2022-02-16 01:09:44.160 UTC: 	 Uploading archive /data9/Users/youngwan/work/HNTypeI_TnP/CMSSW_10_6_13/src/EgammaAnalysis/TnPTreeProducer/crab/crab_ElectronTnP_HNtypeI_UL/crab_UL2018_DY_LO/inputs/d046bba2-3493-424c-abab-d50b6c1f0378default.tgz (6.648438.1 MB) to the CRAB cache. Using URI https://cmsweb.cern.ch/S3/crabcache_prod
DEBUG 2022-02-16 01:09:48.021 UTC: 	 Encoded data for curl request: tarballname=d0f326b1830e78f42b21b6ffde85c02bf8d984e65efe346f30c75cc45e61266a.tar.gz&subresource=upload&objecttype=sandbox
DEBUG 2022-02-16 01:09:48.021 UTC: 	 Executing command :
 curl -v -X GET -H "User-Agent: CRABClient/v3.211130" -H "Accept: */*" --data @/tmp/curlDataVGbLbt --cert "/tmp/x509up_u5587" --key "/tmp/x509up_u5587" --capath "/etc/grid-security/certificates/" "https://cmsweb.cern.ch:8443/crabserver/prod/cache?tarballname=d0f326b1830e78f42b21b6ffde85c02bf8d984e65efe346f30c75cc45e61266a.tar.gz&subresource=upload&objecttype=sandbox" | tee /dev/stderr 
DEBUG 2022-02-16 01:09:49.572 UTC: 	 output : {"result": [
 ""
,{}
]}

 error:   % Total    % Received % Xferd  Average Speed   Time    Time     Time  Current
                                 Dload  Upload   Total   Spent    Left  Speed
  0     0    0     0    0     0      0      0 --:--:-- --:--:-- --:--:--     0*   Trying 188.185.88.214...
* TCP_NODELAY set
  0     0    0     0    0     0      0      0 --:--:-- --:--:-- --:--:--     0* Connected to cmsweb.cern.ch (188.185.88.214) port 8443 (#0)
* ALPN, offering http/1.1
* Cipher selection: ALL:!EXPORT:!EXPORT40:!EXPORT56:!aNULL:!LOW:!RC4:@STRENGTH
* successfully set certificate verify locations:
  CAfile: /etc/pki/tls/certs/ca-bundle.crt
  CApath: /etc/grid-security/certificates/
* TLSv1.2 (OUT), TLS header, Certificate Status (22):
} [5 bytes data]
* TLSv1.2 (OUT), TLS handshake, Client hello (1):
} [512 bytes data]
* TLSv1.2 (IN), TLS handshake, Server hello (2):
{ [109 bytes data]
* TLSv1.2 (IN), TLS handshake, Certificate (11):
{ [6224 bytes data]
* TLSv1.2 (IN), TLS handshake, Server key exchange (12):
{ [333 bytes data]
* TLSv1.2 (IN), TLS handshake, Request CERT (13):
{ [13495 bytes data]
* TLSv1.2 (IN), TLS handshake, Server finished (14):
{ [4 bytes data]
* TLSv1.2 (OUT), TLS handshake, Certificate (11):
} [6578 bytes data]
* TLSv1.2 (OUT), TLS handshake, Client key exchange (16):
} [70 bytes data]
* TLSv1.2 (OUT), TLS handshake, CERT verify (15):
} [136 bytes data]
* TLSv1.2 (OUT), TLS change cipher, Client hello (1):
} [1 bytes data]
* TLSv1.2 (OUT), TLS handshake, Finished (20):
} [16 bytes data]
* TLSv1.2 (IN), TLS change cipher, Client hello (1):
{ [1 bytes data]
* TLSv1.2 (IN), TLS handshake, Finished (20):
{ [16 bytes data]
* SSL connection using TLSv1.2 / ECDHE-RSA-AES128-GCM-SHA256
* ALPN, server accepted to use http/1.1
* Server certificate:
*  subject: DC=ch; DC=cern; OU=computers; CN=cmsweb.cern.ch
*  start date: Feb  2 08:08:53 2021 GMT
*  expire date: Mar  9 08:08:53 2022 GMT
*  subjectAltName: host "cmsweb.cern.ch" matched cert's "cmsweb.cern.ch"
*  issuer: DC=ch; DC=cern; CN=CERN Grid Certification Authority
*  SSL certificate verify ok.
  0     0    0     0    0     0      0      0 --:--:--  0:00:01 --:--:--     0} [5 bytes data]
> GET /crabserver/prod/cache?tarballname=d0f326b1830e78f42b21b6ffde85c02bf8d984e65efe346f30c75cc45e61266a.tar.gz&subresource=upload&objecttype=sandbox HTTP/1.1
> Host: cmsweb.cern.ch:8443
> User-Agent: CRABClient/v3.211130
> Accept: */*
> Content-Length: 121
> Content-Type: application/x-www-form-urlencoded
> 
} [121 bytes data]
* upload completely sent off: 121 out of 121 bytes
{ [5 bytes data]
< HTTP/1.1 200 OK
< Date: Wed, 16 Feb 2022 01:09:49 GMT
< Server: nginx/1.17.10
< Content-Type: application/json
< Content-Length: 24
< Vary: Accept
< Cache-Control: max-age=3600
< X-Rest-Status: 100
< Etag: "556ce43763b116622238c65d89d24dd485f20666"
< X-Rest-Time: 10697.365 us
< CMS-Server-Time: D=21466 t=1644973789400593
< 
{ [5 bytes data]
100   145  100    24  100   121     15     80  0:00:01  0:00:01 --:--:--    95
* Connection #0 to host cmsweb.cern.ch left intact
{"result": [
 ""
,{}
]}

 retcode : 0
DEBUG 2022-02-16 01:09:49.575 UTC: 	 sandbox d0f326b1830e78f42b21b6ffde85c02bf8d984e65efe346f30c75cc45e61266a.tar.gz is already in the S3 store, will not upload again
DEBUG 2022-02-16 01:09:49.576 UTC: 	 Loading required information from the environment
DEBUG 2022-02-16 01:09:49.576 UTC: 	 Found CMSSW_10_6_13 for slc7_amd64_gcc820 with base /data9/Users/youngwan/work/HNTypeI_TnP/CMSSW_10_6_13
DEBUG 2022-02-16 01:09:49.576 UTC: 	 Making tarball in /data9/Users/youngwan/work/HNTypeI_TnP/CMSSW_10_6_13/src/EgammaAnalysis/TnPTreeProducer/crab/crab_ElectronTnP_HNtypeI_UL/crab_UL2018_DY_LO/inputs/debugFiles.tgz
DEBUG 2022-02-16 01:09:49.590 UTC: 	 Uploading archive /data9/Users/youngwan/work/HNTypeI_TnP/CMSSW_10_6_13/src/EgammaAnalysis/TnPTreeProducer/crab/crab_ElectronTnP_HNtypeI_UL/crab_UL2018_DY_LO/inputs/debugFiles.tgz (4 KB) to the CRAB cache. Using URI https://cmsweb.cern.ch/S3/crabcache_prod
DEBUG 2022-02-16 01:09:49.597 UTC: 	 Encoded data for curl request: tarballname=164dbeda196362518c9eeaf3ab022c4d8d734a1796e502a60cf84f07c58a641d.tar.gz&subresource=upload&objecttype=sandbox
DEBUG 2022-02-16 01:09:49.598 UTC: 	 Executing command :
 curl -v -X GET -H "User-Agent: CRABClient/v3.211130" -H "Accept: */*" --data @/tmp/curlDataVjaUgi --cert "/tmp/x509up_u5587" --key "/tmp/x509up_u5587" --capath "/etc/grid-security/certificates/" "https://cmsweb.cern.ch:8443/crabserver/prod/cache?tarballname=164dbeda196362518c9eeaf3ab022c4d8d734a1796e502a60cf84f07c58a641d.tar.gz&subresource=upload&objecttype=sandbox" | tee /dev/stderr 
DEBUG 2022-02-16 01:09:51.172 UTC: 	 output : {"result": [
 "https://s3.cern.ch/crabcache_prod"
,{"key": "youngwan/sandboxes/164dbeda196362518c9eeaf3ab022c4d8d734a1796e502a60cf84f07c58a641d.tar.gz", "AWSAccessKeyId": "d542228b5cc74605885bd10e80fe3e8f", "policy": "eyJleHBpcmF0aW9uIjogIjIwMjItMDItMTZUMDI6MDk6NTFaIiwgImNvbmRpdGlvbnMiOiBbeyJidWNrZXQiOiAiY3JhYmNhY2hlX3Byb2QifSwgeyJrZXkiOiAieW91bmd3YW4vc2FuZGJveGVzLzE2NGRiZWRhMTk2MzYyNTE4YzllZWFmM2FiMDIyYzRkOGQ3MzRhMTc5NmU1MDJhNjBjZjg0ZjA3YzU4YTY0MWQudGFyLmd6In1dfQ==", "signature": "BApmMePeZ4yk4B1/3jZe71rEHIw="}
]}

 error:   % Total    % Received % Xferd  Average Speed   Time    Time     Time  Current
                                 Dload  Upload   Total   Spent    Left  Speed
  0     0    0     0    0     0      0      0 --:--:-- --:--:-- --:--:--     0*   Trying 188.185.120.166...
* TCP_NODELAY set
* Connected to cmsweb.cern.ch (188.185.120.166) port 8443 (#0)
* ALPN, offering http/1.1
* Cipher selection: ALL:!EXPORT:!EXPORT40:!EXPORT56:!aNULL:!LOW:!RC4:@STRENGTH
* successfully set certificate verify locations:
  CAfile: /etc/pki/tls/certs/ca-bundle.crt
  CApath: /etc/grid-security/certificates/
* TLSv1.2 (OUT), TLS header, Certificate Status (22):
} [5 bytes data]
* TLSv1.2 (OUT), TLS handshake, Client hello (1):
} [512 bytes data]
* TLSv1.2 (IN), TLS handshake, Server hello (2):
{ [109 bytes data]
  0     0    0     0    0     0      0      0 --:--:-- --:--:-- --:--:--     0* TLSv1.2 (IN), TLS handshake, Certificate (11):
{ [6224 bytes data]
* TLSv1.2 (IN), TLS handshake, Server key exchange (12):
{ [333 bytes data]
* TLSv1.2 (IN), TLS handshake, Request CERT (13):
{ [13495 bytes data]
* TLSv1.2 (IN), TLS handshake, Server finished (14):
{ [4 bytes data]
* TLSv1.2 (OUT), TLS handshake, Certificate (11):
} [6578 bytes data]
* TLSv1.2 (OUT), TLS handshake, Client key exchange (16):
} [70 bytes data]
* TLSv1.2 (OUT), TLS handshake, CERT verify (15):
} [136 bytes data]
* TLSv1.2 (OUT), TLS change cipher, Client hello (1):
} [1 bytes data]
* TLSv1.2 (OUT), TLS handshake, Finished (20):
} [16 bytes data]
* TLSv1.2 (IN), TLS change cipher, Client hello (1):
{ [1 bytes data]
* TLSv1.2 (IN), TLS handshake, Finished (20):
{ [16 bytes data]
* SSL connection using TLSv1.2 / ECDHE-RSA-AES128-GCM-SHA256
* ALPN, server accepted to use http/1.1
* Server certificate:
*  subject: DC=ch; DC=cern; OU=computers; CN=cmsweb.cern.ch
*  start date: Feb  2 08:08:53 2021 GMT
*  expire date: Mar  9 08:08:53 2022 GMT
*  subjectAltName: host "cmsweb.cern.ch" matched cert's "cmsweb.cern.ch"
*  issuer: DC=ch; DC=cern; CN=CERN Grid Certification Authority
*  SSL certificate verify ok.
} [5 bytes data]
> GET /crabserver/prod/cache?tarballname=164dbeda196362518c9eeaf3ab022c4d8d734a1796e502a60cf84f07c58a641d.tar.gz&subresource=upload&objecttype=sandbox HTTP/1.1
> Host: cmsweb.cern.ch:8443
> User-Agent: CRABClient/v3.211130
> Accept: */*
> Content-Length: 121
> Content-Type: application/x-www-form-urlencoded
> 
} [121 bytes data]
* upload completely sent off: 121 out of 121 bytes
{ [5 bytes data]
< HTTP/1.1 200 OK
< Date: Wed, 16 Feb 2022 01:09:51 GMT
< Server: nginx/1.17.10
< Content-Type: application/json
< Content-Length: 521
< Vary: Accept-Encoding,Accept
< Cache-Control: max-age=3600
< X-Rest-Status: 100
< Etag: "b4645fca9d88a1b7dd8f37d867e7e91725032948"
< X-Rest-Time: 9156.227 us
< CMS-Server-Time: D=18295 t=1644973791002799
< 
 18   642    0     0  100   121      0     78  0:00:01  0:00:01 --:--:--    78{ [5 bytes data]
100   642  100   521  100   121    338     78  0:00:01  0:00:01 --:--:--   417
* Connection #0 to host cmsweb.cern.ch left intact
{"result": [
 "https://s3.cern.ch/crabcache_prod"
,{"key": "youngwan/sandboxes/164dbeda196362518c9eeaf3ab022c4d8d734a1796e502a60cf84f07c58a641d.tar.gz", "AWSAccessKeyId": "d542228b5cc74605885bd10e80fe3e8f", "policy": "eyJleHBpcmF0aW9uIjogIjIwMjItMDItMTZUMDI6MDk6NTFaIiwgImNvbmRpdGlvbnMiOiBbeyJidWNrZXQiOiAiY3JhYmNhY2hlX3Byb2QifSwgeyJrZXkiOiAieW91bmd3YW4vc2FuZGJveGVzLzE2NGRiZWRhMTk2MzYyNTE4YzllZWFmM2FiMDIyYzRkOGQ3MzRhMTc5NmU1MDJhNjBjZjg0ZjA3YzU4YTY0MWQudGFyLmd6In1dfQ==", "signature": "BApmMePeZ4yk4B1/3jZe71rEHIw="}
]}

 retcode : 0
DEBUG 2022-02-16 01:09:51.173 UTC: 	 Will execute:
curl -f -v -X POST  -H "User-Agent: CRAB" -F "key=youngwan/sandboxes/164dbeda196362518c9eeaf3ab022c4d8d734a1796e502a60cf84f07c58a641d.tar.gz" -F "AWSAccessKeyId=d542228b5cc74605885bd10e80fe3e8f" -F "policy=eyJleHBpcmF0aW9uIjogIjIwMjItMDItMTZUMDI6MDk6NTFaIiwgImNvbmRpdGlvbnMiOiBbeyJidWNrZXQiOiAiY3JhYmNhY2hlX3Byb2QifSwgeyJrZXkiOiAieW91bmd3YW4vc2FuZGJveGVzLzE2NGRiZWRhMTk2MzYyNTE4YzllZWFmM2FiMDIyYzRkOGQ3MzRhMTc5NmU1MDJhNjBjZjg0ZjA3YzU4YTY0MWQudGFyLmd6In1dfQ==" -F "signature=BApmMePeZ4yk4B1/3jZe71rEHIw=" -F "file=@/data9/Users/youngwan/work/HNTypeI_TnP/CMSSW_10_6_13/src/EgammaAnalysis/TnPTreeProducer/crab/crab_ElectronTnP_HNtypeI_UL/crab_UL2018_DY_LO/inputs/debugFiles.tgz" "https://s3.cern.ch/crabcache_prod"
DEBUG 2022-02-16 01:09:53.903 UTC: 	 exitcode: 0
stdout: 
DEBUG 2022-02-16 01:09:53.903 UTC: 	 sandbox /data9/Users/youngwan/work/HNTypeI_TnP/CMSSW_10_6_13/src/EgammaAnalysis/TnPTreeProducer/crab/crab_ElectronTnP_HNtypeI_UL/crab_UL2018_DY_LO/inputs/debugFiles.tgz successully uploaded to S3
DEBUG 2022-02-16 01:09:53.904 UTC: 	 Result uploading input files: d0f326b1830e78f42b21b6ffde85c02bf8d984e65efe346f30c75cc45e61266a.tar.gz 
INFO 2022-02-16 01:09:53.905 UTC: 	 Sending the request to the server at cmsweb.cern.ch
DEBUG 2022-02-16 01:09:53.905 UTC: 	 Submitting {'maxjobruntime': 1250, 'extrajdl': [], 'ignorelocality': 0, 'savelogsflag': 0, 'useparent': 0, 'asyncdest': 'T3_KR_KISTI', 'algoargs': 5, 'cachefilename': 'd0f326b1830e78f42b21b6ffde85c02bf8d984e65efe346f30c75cc45e61266a.tar.gz', 'numcores': 1, 'addoutputfiles': [], 'generator': 'pythia', 'maxmemory': 2000, 'publishdbsurl': 'https://cmsweb.cern.ch/dbs/prod/phys03/DBSWriter', 'priority': 10, 'jobsw': 'CMSSW_10_6_13', 'edmoutfiles': [], 'userfiles': [], 'primarydataset': '', 'inputdata': '/DYJetsToLL_M-50_TuneCP5_13TeV-madgraphMLM-pythia8/RunIISummer19UL18MiniAOD-106X_upgrade2018_realistic_v11_L1v1-v1/MINIAODSIM', 'lfn': '/store/user/youngwan/ElectronTnP_HNtypeI_UL/UL2018/mc/', 'dryrun': 0, 'workflow': 'crab_UL2018_DY_LO', 'cacheurl': u'https://cmsweb.cern.ch/S3/crabcache_prod', 'nonprodsw': 1, 'tfileoutfiles': ['TnPTree_mc.root'], 'oneEventMode': 0, 'debugfilename': '164dbeda196362518c9eeaf3ab022c4d8d734a1796e502a60cf84f07c58a641d.tar.gz', 'saveoutput': 1, 'publication': 0, 'jobarch': 'slc7_amd64_gcc820', 'totalunits': 0, 'splitalgo': 'FileBased', 'ignoreglobalblacklist': 0, 'nonvaliddata': 1, 'dbsurl': 'https://cmsweb.cern.ch/dbs/prod/global/DBSReader', 'publishgroupname': 0, 'jobtype': 'Analysis', 'publishname2': ''} 
DEBUG 2022-02-16 01:09:53.906 UTC: 	 Encoded submit request: maxjobruntime=1250&ignorelocality=0&savelogsflag=0&useparent=0&asyncdest=T3_KR_KISTI&algoargs=5&cachefilename=d0f326b1830e78f42b21b6ffde85c02bf8d984e65efe346f30c75cc45e61266a.tar.gz&numcores=1&generator=pythia&maxmemory=2000&publishdbsurl=https%3A%2F%2Fcmsweb.cern.ch%2Fdbs%2Fprod%2Fphys03%2FDBSWriter&priority=10&jobsw=CMSSW_10_6_13&primarydataset=&inputdata=%2FDYJetsToLL_M-50_TuneCP5_13TeV-madgraphMLM-pythia8%2FRunIISummer19UL18MiniAOD-106X_upgrade2018_realistic_v11_L1v1-v1%2FMINIAODSIM&lfn=%2Fstore%2Fuser%2Fyoungwan%2FElectronTnP_HNtypeI_UL%2FUL2018%2Fmc%2F&dryrun=0&workflow=crab_UL2018_DY_LO&cacheurl=https%3A%2F%2Fcmsweb.cern.ch%2FS3%2Fcrabcache_prod&nonprodsw=1&oneEventMode=0&debugfilename=164dbeda196362518c9eeaf3ab022c4d8d734a1796e502a60cf84f07c58a641d.tar.gz&saveoutput=1&publication=0&jobarch=slc7_amd64_gcc820&totalunits=0&splitalgo=FileBased&ignoreglobalblacklist=0&nonvaliddata=1&dbsurl=https%3A%2F%2Fcmsweb.cern.ch%2Fdbs%2Fprod%2Fglobal%2FDBSReader&publishgroupname=0&jobtype=Analysis&publishname2=&tfileoutfiles=TnPTree_mc.root
DEBUG 2022-02-16 01:09:53.906 UTC: 	 Encoded data for curl request: maxjobruntime=1250&ignorelocality=0&savelogsflag=0&useparent=0&asyncdest=T3_KR_KISTI&algoargs=5&cachefilename=d0f326b1830e78f42b21b6ffde85c02bf8d984e65efe346f30c75cc45e61266a.tar.gz&numcores=1&generator=pythia&maxmemory=2000&publishdbsurl=https%3A%2F%2Fcmsweb.cern.ch%2Fdbs%2Fprod%2Fphys03%2FDBSWriter&priority=10&jobsw=CMSSW_10_6_13&primarydataset=&inputdata=%2FDYJetsToLL_M-50_TuneCP5_13TeV-madgraphMLM-pythia8%2FRunIISummer19UL18MiniAOD-106X_upgrade2018_realistic_v11_L1v1-v1%2FMINIAODSIM&lfn=%2Fstore%2Fuser%2Fyoungwan%2FElectronTnP_HNtypeI_UL%2FUL2018%2Fmc%2F&dryrun=0&workflow=crab_UL2018_DY_LO&cacheurl=https%3A%2F%2Fcmsweb.cern.ch%2FS3%2Fcrabcache_prod&nonprodsw=1&oneEventMode=0&debugfilename=164dbeda196362518c9eeaf3ab022c4d8d734a1796e502a60cf84f07c58a641d.tar.gz&saveoutput=1&publication=0&jobarch=slc7_amd64_gcc820&totalunits=0&splitalgo=FileBased&ignoreglobalblacklist=0&nonvaliddata=1&dbsurl=https%3A%2F%2Fcmsweb.cern.ch%2Fdbs%2Fprod%2Fglobal%2FDBSReader&publishgroupname=0&jobtype=Analysis&publishname2=&tfileoutfiles=TnPTree_mc.root
DEBUG 2022-02-16 01:09:53.907 UTC: 	 Executing command :
 curl -v -X PUT -H "User-Agent: CRABClient/v3.211130" -H "Accept: */*" --data @/tmp/curlDataTWsIep --cert "/tmp/x509up_u5587" --key "/tmp/x509up_u5587" --capath "/etc/grid-security/certificates/" "https://cmsweb.cern.ch:8443/crabserver/prod/workflow" | tee /dev/stderr 
DEBUG 2022-02-16 01:09:55.928 UTC: 	 output : {"result": [
 {"RequestName": "220216_010955:youngwan_crab_UL2018_DY_LO"}
]}

 error:   % Total    % Received % Xferd  Average Speed   Time    Time     Time  Current
                                 Dload  Upload   Total   Spent    Left  Speed
  0     0    0     0    0     0      0      0 --:--:-- --:--:-- --:--:--     0*   Trying 188.185.120.166...
* TCP_NODELAY set
  0     0    0     0    0     0      0      0 --:--:-- --:--:-- --:--:--     0* Connected to cmsweb.cern.ch (188.185.120.166) port 8443 (#0)
* ALPN, offering http/1.1
* Cipher selection: ALL:!EXPORT:!EXPORT40:!EXPORT56:!aNULL:!LOW:!RC4:@STRENGTH
* successfully set certificate verify locations:
  CAfile: /etc/pki/tls/certs/ca-bundle.crt
  CApath: /etc/grid-security/certificates/
* TLSv1.2 (OUT), TLS header, Certificate Status (22):
} [5 bytes data]
* TLSv1.2 (OUT), TLS handshake, Client hello (1):
} [512 bytes data]
* TLSv1.2 (IN), TLS handshake, Server hello (2):
{ [109 bytes data]
* TLSv1.2 (IN), TLS handshake, Certificate (11):
{ [6224 bytes data]
* TLSv1.2 (IN), TLS handshake, Server key exchange (12):
{ [333 bytes data]
* TLSv1.2 (IN), TLS handshake, Request CERT (13):
{ [13495 bytes data]
* TLSv1.2 (IN), TLS handshake, Server finished (14):
{ [4 bytes data]
* TLSv1.2 (OUT), TLS handshake, Certificate (11):
} [6578 bytes data]
* TLSv1.2 (OUT), TLS handshake, Client key exchange (16):
} [70 bytes data]
* TLSv1.2 (OUT), TLS handshake, CERT verify (15):
} [136 bytes data]
* TLSv1.2 (OUT), TLS change cipher, Client hello (1):
} [1 bytes data]
* TLSv1.2 (OUT), TLS handshake, Finished (20):
} [16 bytes data]
* TLSv1.2 (IN), TLS change cipher, Client hello (1):
{ [1 bytes data]
* TLSv1.2 (IN), TLS handshake, Finished (20):
{ [16 bytes data]
* SSL connection using TLSv1.2 / ECDHE-RSA-AES128-GCM-SHA256
* ALPN, server accepted to use http/1.1
* Server certificate:
*  subject: DC=ch; DC=cern; OU=computers; CN=cmsweb.cern.ch
*  start date: Feb  2 08:08:53 2021 GMT
*  expire date: Mar  9 08:08:53 2022 GMT
*  subjectAltName: host "cmsweb.cern.ch" matched cert's "cmsweb.cern.ch"
*  issuer: DC=ch; DC=cern; CN=CERN Grid Certification Authority
*  SSL certificate verify ok.
  0     0    0     0    0     0      0      0 --:--:--  0:00:01 --:--:--     0} [5 bytes data]
> PUT /crabserver/prod/workflow HTTP/1.1
> Host: cmsweb.cern.ch:8443
> User-Agent: CRABClient/v3.211130
> Accept: */*
> Content-Length: 1048
> Content-Type: application/x-www-form-urlencoded
> Expect: 100-continue
> 
{ [5 bytes data]
< HTTP/1.1 100 Continue
} [5 bytes data]
* We are completely uploaded and fine
{ [5 bytes data]
< HTTP/1.1 200 OK
< Date: Wed, 16 Feb 2022 01:09:55 GMT
< Server: nginx/1.17.10
< Content-Type: application/json
< Content-Length: 77
< Vary: Accept
< X-Rest-Status: 100
< Etag: "21c9ee192f49bc40315000e83b21bf342594a4b9"
< X-Rest-Time: 154176.950 us
< CMS-Server-Time: D=459999 t=1644973795317200
< 
{ [5 bytes data]
100  1125  100    77  100  1048     38    529  0:00:02  0:00:01  0:00:01   567
* Connection #0 to host cmsweb.cern.ch left intact
{"result": [
 {"RequestName": "220216_010955:youngwan_crab_UL2018_DY_LO"}
]}

 retcode : 0
DEBUG 2022-02-16 01:09:55.929 UTC: 	 Result: {u'result': [{u'RequestName': u'220216_010955:youngwan_crab_UL2018_DY_LO'}]}
INFO 2022-02-16 01:09:55.935 UTC: 	 Success: Your task has been delivered to the prod CRAB3 server.
INFO 2022-02-16 01:09:55.935 UTC: 	 Task name: 220216_010955:youngwan_crab_UL2018_DY_LO
INFO 2022-02-16 01:09:55.936 UTC: 	 Project dir: crab_ElectronTnP_HNtypeI_UL/crab_UL2018_DY_LO
INFO 2022-02-16 01:09:55.936 UTC: 	 Please use ' crab status -d crab_ElectronTnP_HNtypeI_UL/crab_UL2018_DY_LO ' to check how the submission process proceeds.
DEBUG 2022-02-16 01:09:55.936 UTC: 	 About to return
