DEBUG 2022-02-16 01:08:51.404 UTC: 	 CRAB Client version: v3.211130
DEBUG 2022-02-16 01:08:51.405 UTC: 	 Running on: Linux tamsa2 3.10.0-1160.15.2.el7.x86_64 #1 SMP Wed Feb 3 15:06:38 UTC 2021 x86_64 x86_64 x86_64 GNU/Linux - CentOS Linux 7 (Core)
DEBUG 2022-02-16 01:08:51.405 UTC: 	 Executing command: 'submit'
DEBUG 2022-02-16 01:08:51.405 UTC: 	 Found CRAB cache file /home/youngwan/.crab3
DEBUG 2022-02-16 01:08:51.407 UTC: 	 Will use CRAB Analysis plugin (i.e. will run an analysis job type).
DEBUG 2022-02-16 01:08:51.624 UTC: 	 Checking credentials
DEBUG 2022-02-16 01:08:51.624 UTC: 	 Found proxy file /tmp/x509up_u5587
DEBUG 2022-02-16 01:08:51.624 UTC: 	 Getting proxy life time left
DEBUG 2022-02-16 01:08:51.624 UTC: 	 Executing command :
 voms-proxy-info --actimeleft --timeleft --file /tmp/x509up_u5587
DEBUG 2022-02-16 01:08:51.709 UTC: 	 output : 689704
689704

 error: 
 retcode : 0
DEBUG 2022-02-16 01:08:51.710 UTC: 	 Proxy valid for 191:35:04 hours
DEBUG 2022-02-16 01:08:51.797 UTC: 	 Encoded data for curl request: subresource=delegatedn
DEBUG 2022-02-16 01:08:51.799 UTC: 	 Executing command :
 curl -v -X GET -H "User-Agent: CRABClient/v3.211130" -H "Accept: */*" --data @/tmp/curlDataLShIUC --cert "/tmp/x509up_u5587" --key "/tmp/x509up_u5587" --capath "/etc/grid-security/certificates/" "https://cmsweb.cern.ch:8443/crabserver/prod/info?subresource=delegatedn" | tee /dev/stderr 
DEBUG 2022-02-16 01:08:53.408 UTC: 	 output : {"result": [
 {"services": ["/DC=ch/DC=cern/OU=computers/CN=crab-(preprod|prod|dev)-tw(02|01).cern.ch|/DC=ch/DC=cern/OU=computers/CN=stefanov(m|m2).cern.ch|/DC=ch/DC=cern/OU=computers/CN=dciangot-tw.cern.ch"]}
]}

 error:   % Total    % Received % Xferd  Average Speed   Time    Time     Time  Current
                                 Dload  Upload   Total   Spent    Left  Speed
  0     0    0     0    0     0      0      0 --:--:-- --:--:-- --:--:--     0*   Trying 188.185.88.214...
* TCP_NODELAY set
* Connected to cmsweb.cern.ch (188.185.88.214) port 8443 (#0)
  0     0    0     0    0     0      0      0 --:--:-- --:--:-- --:--:--     0* ALPN, offering http/1.1
* Cipher selection: ALL:!EXPORT:!EXPORT40:!EXPORT56:!aNULL:!LOW:!RC4:@STRENGTH
* successfully set certificate verify locations:
  CAfile: /etc/pki/tls/certs/ca-bundle.crt
  CApath: /etc/grid-security/certificates/
* TLSv1.2 (OUT), TLS header, Certificate Status (22):
} [5 bytes data]
* TLSv1.2 (OUT), TLS handshake, Client hello (1):
} [512 bytes data]
* TLSv1.2 (IN), TLS handshake, Server hello (2):
{ [109 bytes data]
* TLSv1.2 (IN), TLS handshake, Certificate (11):
{ [6224 bytes data]
* TLSv1.2 (IN), TLS handshake, Server key exchange (12):
{ [333 bytes data]
* TLSv1.2 (IN), TLS handshake, Request CERT (13):
{ [13495 bytes data]
* TLSv1.2 (IN), TLS handshake, Server finished (14):
{ [4 bytes data]
* TLSv1.2 (OUT), TLS handshake, Certificate (11):
} [6578 bytes data]
* TLSv1.2 (OUT), TLS handshake, Client key exchange (16):
} [70 bytes data]
* TLSv1.2 (OUT), TLS handshake, CERT verify (15):
} [136 bytes data]
* TLSv1.2 (OUT), TLS change cipher, Client hello (1):
} [1 bytes data]
* TLSv1.2 (OUT), TLS handshake, Finished (20):
} [16 bytes data]
* TLSv1.2 (IN), TLS change cipher, Client hello (1):
{ [1 bytes data]
* TLSv1.2 (IN), TLS handshake, Finished (20):
{ [16 bytes data]
* SSL connection using TLSv1.2 / ECDHE-RSA-AES128-GCM-SHA256
* ALPN, server accepted to use http/1.1
* Server certificate:
*  subject: DC=ch; DC=cern; OU=computers; CN=cmsweb.cern.ch
*  start date: Feb  2 08:08:53 2021 GMT
*  expire date: Mar  9 08:08:53 2022 GMT
*  subjectAltName: host "cmsweb.cern.ch" matched cert's "cmsweb.cern.ch"
*  issuer: DC=ch; DC=cern; CN=CERN Grid Certification Authority
*  SSL certificate verify ok.
} [5 bytes data]
> GET /crabserver/prod/info?subresource=delegatedn HTTP/1.1
> Host: cmsweb.cern.ch:8443
> User-Agent: CRABClient/v3.211130
> Accept: */*
> Content-Length: 22
> Content-Type: application/x-www-form-urlencoded
> 
} [22 bytes data]
* upload completely sent off: 22 out of 22 bytes
{ [5 bytes data]
< HTTP/1.1 200 OK
< Date: Wed, 16 Feb 2022 01:08:53 GMT
< Server: nginx/1.17.10
< Content-Type: application/json
< Content-Length: 213
< Vary: Accept
< Cache-Control: max-age=3600
< X-Rest-Status: 100
< Etag: "de92dcb56f87dabbe30965e60a433c3f1b873eab"
< X-Rest-Time: 2238.035 us
< CMS-Server-Time: D=53455 t=1644973733204187
< 
  9   235    0     0  100    22      0     13  0:00:01  0:00:01 --:--:--    13{ [5 bytes data]
100   235  100   213  100    22    135     13  0:00:01  0:00:01 --:--:--   149
* Connection #0 to host cmsweb.cern.ch left intact
{"result": [
 {"services": ["/DC=ch/DC=cern/OU=computers/CN=crab-(preprod|prod|dev)-tw(02|01).cern.ch|/DC=ch/DC=cern/OU=computers/CN=stefanov(m|m2).cern.ch|/DC=ch/DC=cern/OU=computers/CN=dciangot-tw.cern.ch"]}
]}

 retcode : 0
DEBUG 2022-02-16 01:08:53.410 UTC: 	 Registering user credentials on myproxy for /DC=ch/DC=cern/OU=computers/CN=crab-(preprod|prod|dev)-tw(02|01).cern.ch|/DC=ch/DC=cern/OU=computers/CN=stefanov(m|m2).cern.ch|/DC=ch/DC=cern/OU=computers/CN=dciangot-tw.cern.ch
DEBUG 2022-02-16 01:08:53.410 UTC: 	 Executing command :
 voms-proxy-info --identity --file /tmp/x509up_u5587
DEBUG 2022-02-16 01:08:53.493 UTC: 	 output : /DC=ch/DC=cern/OU=Organic Units/OU=Users/CN=youngwan/CN=848372/CN=Youngwan Kim

 error: 
 retcode : 0
DEBUG 2022-02-16 01:08:53.494 UTC: 	 Getting myproxy life time left for 28ee36cca2c7520b5a2cacb662bf2ed5cc017f9c
DEBUG 2022-02-16 01:08:53.494 UTC: 	 Executing command :
 myproxy-info -s myproxy.cern.ch -l 28ee36cca2c7520b5a2cacb662bf2ed5cc017f9c
DEBUG 2022-02-16 01:08:55.281 UTC: 	 output : username: 28ee36cca2c7520b5a2cacb662bf2ed5cc017f9c
owner: /DC=ch/DC=cern/OU=Organic Units/OU=Users/CN=youngwan/CN=848372/CN=Youngwan Kim
  renewal policy: /DC=ch/DC=cern/OU=computers/CN=crab-(preprod|prod|dev)-tw(02|01).cern.ch|/DC=ch/DC=cern/OU=computers/CN=stefanov(m|m2).cern.ch|/DC=ch/DC=cern/OU=computers/CN=dciangot-tw.cern.ch
  trusted retrieval policy: /DC=ch/DC=cern/OU=computers/CN=crab-(preprod|prod|dev)-tw(02|01).cern.ch|/DC=ch/DC=cern/OU=computers/CN=stefanov(m|m2).cern.ch|/DC=ch/DC=cern/OU=computers/CN=dciangot-tw.cern.ch
  timeleft: 719:35:39  (30.0 days)

 error: 
 retcode : 0
DEBUG 2022-02-16 01:08:55.281 UTC: 	 Myproxy is valid: 2590500
DEBUG 2022-02-16 01:08:55.282 UTC: 	 Result of myproxy credential check:
  Credential exists on myproxy: username: 28ee36cca2c7520b5a2cacb662bf2ed5cc017f9c  - validity: 29 days, 23:35:00
DEBUG 2022-02-16 01:08:55.282 UTC: 	 Command use: submit
DEBUG 2022-02-16 01:08:55.282 UTC: 	 Options use: ['--config', <WMCore.Configuration.Configuration object at 0x7f5ea5d2cdd0>]
DEBUG 2022-02-16 01:08:55.282 UTC: 	 Encoded data for curl request: subresource=version
DEBUG 2022-02-16 01:08:55.283 UTC: 	 Executing command :
 curl -v -X GET -H "User-Agent: CRABClient/v3.211130" -H "Accept: */*" --data @/tmp/curlDatawc67_s --cert "/tmp/x509up_u5587" --key "/tmp/x509up_u5587" --capath "/etc/grid-security/certificates/" "https://cmsweb.cern.ch:8443/crabserver/prod/info?subresource=version" | tee /dev/stderr 
DEBUG 2022-02-16 01:08:56.911 UTC: 	 output : {"result": [
 ["3.3.19", "3.3.20", "v3", "development", "py3.220124"]
]}

 error:   % Total    % Received % Xferd  Average Speed   Time    Time     Time  Current
                                 Dload  Upload   Total   Spent    Left  Speed
  0     0    0     0    0     0      0      0 --:--:-- --:--:-- --:--:--     0*   Trying 188.185.88.214...
* TCP_NODELAY set
* Connected to cmsweb.cern.ch (188.185.88.214) port 8443 (#0)
* ALPN, offering http/1.1
* Cipher selection: ALL:!EXPORT:!EXPORT40:!EXPORT56:!aNULL:!LOW:!RC4:@STRENGTH
* successfully set certificate verify locations:
  CAfile: /etc/pki/tls/certs/ca-bundle.crt
  CApath: /etc/grid-security/certificates/
* TLSv1.2 (OUT), TLS header, Certificate Status (22):
} [5 bytes data]
* TLSv1.2 (OUT), TLS handshake, Client hello (1):
} [512 bytes data]
* TLSv1.2 (IN), TLS handshake, Server hello (2):
{ [109 bytes data]
* TLSv1.2 (IN), TLS handshake, Certificate (11):
{ [6224 bytes data]
* TLSv1.2 (IN), TLS handshake, Server key exchange (12):
{ [333 bytes data]
* TLSv1.2 (IN), TLS handshake, Request CERT (13):
{ [13495 bytes data]
* TLSv1.2 (IN), TLS handshake, Server finished (14):
{ [4 bytes data]
* TLSv1.2 (OUT), TLS handshake, Certificate (11):
} [6578 bytes data]
* TLSv1.2 (OUT), TLS handshake, Client key exchange (16):
} [70 bytes data]
* TLSv1.2 (OUT), TLS handshake, CERT verify (15):
} [136 bytes data]
* TLSv1.2 (OUT), TLS change cipher, Client hello (1):
} [1 bytes data]
* TLSv1.2 (OUT), TLS handshake, Finished (20):
} [16 bytes data]
  0     0    0     0    0     0      0      0 --:--:-- --:--:-- --:--:--     0* TLSv1.2 (IN), TLS change cipher, Client hello (1):
{ [1 bytes data]
* TLSv1.2 (IN), TLS handshake, Finished (20):
{ [16 bytes data]
* SSL connection using TLSv1.2 / ECDHE-RSA-AES128-GCM-SHA256
* ALPN, server accepted to use http/1.1
* Server certificate:
*  subject: DC=ch; DC=cern; OU=computers; CN=cmsweb.cern.ch
*  start date: Feb  2 08:08:53 2021 GMT
*  expire date: Mar  9 08:08:53 2022 GMT
*  subjectAltName: host "cmsweb.cern.ch" matched cert's "cmsweb.cern.ch"
*  issuer: DC=ch; DC=cern; CN=CERN Grid Certification Authority
*  SSL certificate verify ok.
} [5 bytes data]
> GET /crabserver/prod/info?subresource=version HTTP/1.1
> Host: cmsweb.cern.ch:8443
> User-Agent: CRABClient/v3.211130
> Accept: */*
> Content-Length: 19
> Content-Type: application/x-www-form-urlencoded
> 
} [19 bytes data]
* upload completely sent off: 19 out of 19 bytes
{ [5 bytes data]
< HTTP/1.1 200 OK
< Date: Wed, 16 Feb 2022 01:08:56 GMT
< Server: nginx/1.17.10
< Content-Type: application/json
< Content-Length: 73
< Vary: Accept
< Cache-Control: max-age=3600
< X-Rest-Status: 100
< Etag: "3309a93c90cdb00bd297a532c9c67f645a0b4b24"
< X-Rest-Time: 2203.465 us
< CMS-Server-Time: D=70331 t=1644973736690036
< 
{ [5 bytes data]
100    92  100    73  100    19     45     11  0:00:01  0:00:01 --:--:--    57
* Connection #0 to host cmsweb.cern.ch left intact
{"result": [
 ["3.3.19", "3.3.20", "v3", "development", "py3.220124"]
]}

 retcode : 0
DEBUG 2022-02-16 01:08:56.913 UTC: 	 CRABClient version: v3.211130
DEBUG 2022-02-16 01:08:56.913 UTC: 	 Instance is prod
DEBUG 2022-02-16 01:08:56.913 UTC: 	 Server base url is cmsweb.cern.ch
DEBUG 2022-02-16 01:08:56.913 UTC: 	 Command api workflow
DEBUG 2022-02-16 01:08:56.913 UTC: 	 Started submission
DEBUG 2022-02-16 01:08:56.913 UTC: 	 Working on /data9/Users/youngwan/work/HNTypeI_TnP/CMSSW_10_6_13/src/EgammaAnalysis/TnPTreeProducer/crab/crab_ElectronTnP_HNtypeI_UL/crab_UL2018_DY_NLO
DEBUG 2022-02-16 01:08:56.914 UTC: 	 Encoded data for curl request: subresource=backendurls
DEBUG 2022-02-16 01:08:56.915 UTC: 	 Executing command :
 curl -v -X GET -H "User-Agent: CRABClient/v3.211130" -H "Accept: */*" --data @/tmp/curlDatavM5hgX --cert "/tmp/x509up_u5587" --key "/tmp/x509up_u5587" --capath "/etc/grid-security/certificates/" "https://cmsweb.cern.ch:8443/crabserver/prod/info?subresource=backendurls" | tee /dev/stderr 
DEBUG 2022-02-16 01:08:58.450 UTC: 	 output : {"result": [
 {"cacheSSL": "https://cmsweb.cern.ch/S3/crabcache_prod", "htcondorSchedds": {"crab3@vocms059.cern.ch": {"proxiedurl": "https://cmsweb.cern.ch:8443/scheddmon/059", "weightfactor": 0}, "crab3@vocms068.cern.ch": {"proxiedurl": "https://cmsweb.cern.ch:8443/scheddmon/068", "weightfactor": 1}, "crab3@vocms069.cern.ch": {"proxiedurl": "https://cmsweb.cern.ch:8443/scheddmon/069", "weightfactor": 1}, "crab3@vocms0106.cern.ch": {"proxiedurl": "https://cmsweb.cern.ch:8443/scheddmon/0106", "weightfactor": 1}, "crab3@vocms0107.cern.ch": {"proxiedurl": "https://cmsweb.cern.ch:8443/scheddmon/0107", "weightfactor": 1}, "crab3@vocms0119.cern.ch": {"proxiedurl": "https://cmsweb.cern.ch:8443/scheddmon/0119", "weightfactor": 1}, "crab3@vocms0120.cern.ch": {"proxiedurl": "https://cmsweb.cern.ch:8443/scheddmon/0120", "weightfactor": 1}, "crab3@vocms0121.cern.ch": {"proxiedurl": "https://cmsweb.cern.ch:8443/scheddmon/0121", "weightfactor": 1}, "crab3@vocms0122.cern.ch": {"proxiedurl": "https://cmsweb.cern.ch:8443/scheddmon/0122", "weightfactor": 1}, "crab3@vocms0137.cern.ch": {"proxiedurl": "https://cmsweb.cern.ch:8443/scheddmon/0137", "weightfactor": 1}, "crab3@vocms0144.cern.ch": {"proxiedurl": "https://cmsweb.cern.ch:8443/scheddmon/0144", "weightfactor": 1}, "crab3@vocms0155.cern.ch": {"proxiedurl": "https://cmsweb.cern.ch:8443/scheddmon/0155", "weightfactor": 1}, "crab3@vocms0194.cern.ch": {"proxiedurl": "https://cmsweb.cern.ch:8443/scheddmon/0194", "weightfactor": 1}, "crab3@vocms0195.cern.ch": {"proxiedurl": "https://cmsweb.cern.ch:8443/scheddmon/0195", "weightfactor": 1}, "crab3@vocms0196.cern.ch": {"proxiedurl": "https://cmsweb.cern.ch:8443/scheddmon/0196", "weightfactor": 1}, "crab3@vocms0197.cern.ch": {"proxiedurl": "https://cmsweb.cern.ch:8443/scheddmon/0197", "weightfactor": 1}, "crab3@vocms0198.cern.ch": {"proxiedurl": "https://cmsweb.cern.ch:8443/scheddmon/0198", "weightfactor": 1}, "crab3@vocms0199.cern.ch": {"proxiedurl": "https://cmsweb.cern.ch:8443/scheddmon/0199", "weightfactor": 1}}, "asoConfig": [{"couchURL": "https://cmsweb.cern.ch/crabserver/prod", "couchDBName": "filetransfers"}], "htcondorPool": "cmsgwms-collector-global.cern.ch:9620,cmsgwms-collector-global.fnal.gov:9620"}
]}

 error:   % Total    % Received % Xferd  Average Speed   Time    Time     Time  Current
                                 Dload  Upload   Total   Spent    Left  Speed
  0     0    0     0    0     0      0      0 --:--:-- --:--:-- --:--:--     0*   Trying 188.184.97.219...
* TCP_NODELAY set
  0     0    0     0    0     0      0      0 --:--:-- --:--:-- --:--:--     0* Connected to cmsweb.cern.ch (188.184.97.219) port 8443 (#0)
* ALPN, offering http/1.1
* Cipher selection: ALL:!EXPORT:!EXPORT40:!EXPORT56:!aNULL:!LOW:!RC4:@STRENGTH
* successfully set certificate verify locations:
  CAfile: /etc/pki/tls/certs/ca-bundle.crt
  CApath: /etc/grid-security/certificates/
* TLSv1.2 (OUT), TLS header, Certificate Status (22):
} [5 bytes data]
* TLSv1.2 (OUT), TLS handshake, Client hello (1):
} [512 bytes data]
* TLSv1.2 (IN), TLS handshake, Server hello (2):
{ [109 bytes data]
* TLSv1.2 (IN), TLS handshake, Certificate (11):
{ [6224 bytes data]
* TLSv1.2 (IN), TLS handshake, Server key exchange (12):
{ [333 bytes data]
* TLSv1.2 (IN), TLS handshake, Request CERT (13):
{ [13495 bytes data]
* TLSv1.2 (IN), TLS handshake, Server finished (14):
{ [4 bytes data]
* TLSv1.2 (OUT), TLS handshake, Certificate (11):
} [6578 bytes data]
* TLSv1.2 (OUT), TLS handshake, Client key exchange (16):
} [70 bytes data]
* TLSv1.2 (OUT), TLS handshake, CERT verify (15):
} [136 bytes data]
* TLSv1.2 (OUT), TLS change cipher, Client hello (1):
} [1 bytes data]
* TLSv1.2 (OUT), TLS handshake, Finished (20):
} [16 bytes data]
* TLSv1.2 (IN), TLS change cipher, Client hello (1):
{ [1 bytes data]
* TLSv1.2 (IN), TLS handshake, Finished (20):
{ [16 bytes data]
* SSL connection using TLSv1.2 / ECDHE-RSA-AES128-GCM-SHA256
* ALPN, server accepted to use http/1.1
* Server certificate:
*  subject: DC=ch; DC=cern; OU=computers; CN=cmsweb.cern.ch
*  start date: Feb  2 08:08:53 2021 GMT
*  expire date: Mar  9 08:08:53 2022 GMT
*  subjectAltName: host "cmsweb.cern.ch" matched cert's "cmsweb.cern.ch"
*  issuer: DC=ch; DC=cern; CN=CERN Grid Certification Authority
*  SSL certificate verify ok.
} [5 bytes data]
> GET /crabserver/prod/info?subresource=backendurls HTTP/1.1
> Host: cmsweb.cern.ch:8443
> User-Agent: CRABClient/v3.211130
> Accept: */*
> Content-Length: 23
> Content-Type: application/x-www-form-urlencoded
> 
} [23 bytes data]
* upload completely sent off: 23 out of 23 bytes
{ [5 bytes data]
< HTTP/1.1 200 OK
< Date: Wed, 16 Feb 2022 01:08:58 GMT
< Server: nginx/1.17.10
< Content-Type: application/json
< Content-Length: 2232
< Vary: Accept-Encoding,Accept
< Cache-Control: max-age=3600
< X-Rest-Status: 100
< Etag: "33581c872b594825cd6b153efac3e8632410185f"
< X-Rest-Time: 2041.817 us
< CMS-Server-Time: D=10288 t=1644973738289472
< 
  1  2255    0     0  100    23      0     15  0:00:01  0:00:01 --:--:--    15{ [5 bytes data]
100  2255  100  2232  100    23   1488     15  0:00:01  0:00:01 --:--:--  1503
* Connection #0 to host cmsweb.cern.ch left intact
{"result": [
 {"cacheSSL": "https://cmsweb.cern.ch/S3/crabcache_prod", "htcondorSchedds": {"crab3@vocms059.cern.ch": {"proxiedurl": "https://cmsweb.cern.ch:8443/scheddmon/059", "weightfactor": 0}, "crab3@vocms068.cern.ch": {"proxiedurl": "https://cmsweb.cern.ch:8443/scheddmon/068", "weightfactor": 1}, "crab3@vocms069.cern.ch": {"proxiedurl": "https://cmsweb.cern.ch:8443/scheddmon/069", "weightfactor": 1}, "crab3@vocms0106.cern.ch": {"proxiedurl": "https://cmsweb.cern.ch:8443/scheddmon/0106", "weightfactor": 1}, "crab3@vocms0107.cern.ch": {"proxiedurl": "https://cmsweb.cern.ch:8443/scheddmon/0107", "weightfactor": 1}, "crab3@vocms0119.cern.ch": {"proxiedurl": "https://cmsweb.cern.ch:8443/scheddmon/0119", "weightfactor": 1}, "crab3@vocms0120.cern.ch": {"proxiedurl": "https://cmsweb.cern.ch:8443/scheddmon/0120", "weightfactor": 1}, "crab3@vocms0121.cern.ch": {"proxiedurl": "https://cmsweb.cern.ch:8443/scheddmon/0121", "weightfactor": 1}, "crab3@vocms0122.cern.ch": {"proxiedurl": "https://cmsweb.cern.ch:8443/scheddmon/0122", "weightfactor": 1}, "crab3@vocms0137.cern.ch": {"proxiedurl": "https://cmsweb.cern.ch:8443/scheddmon/0137", "weightfactor": 1}, "crab3@vocms0144.cern.ch": {"proxiedurl": "https://cmsweb.cern.ch:8443/scheddmon/0144", "weightfactor": 1}, "crab3@vocms0155.cern.ch": {"proxiedurl": "https://cmsweb.cern.ch:8443/scheddmon/0155", "weightfactor": 1}, "crab3@vocms0194.cern.ch": {"proxiedurl": "https://cmsweb.cern.ch:8443/scheddmon/0194", "weightfactor": 1}, "crab3@vocms0195.cern.ch": {"proxiedurl": "https://cmsweb.cern.ch:8443/scheddmon/0195", "weightfactor": 1}, "crab3@vocms0196.cern.ch": {"proxiedurl": "https://cmsweb.cern.ch:8443/scheddmon/0196", "weightfactor": 1}, "crab3@vocms0197.cern.ch": {"proxiedurl": "https://cmsweb.cern.ch:8443/scheddmon/0197", "weightfactor": 1}, "crab3@vocms0198.cern.ch": {"proxiedurl": "https://cmsweb.cern.ch:8443/scheddmon/0198", "weightfactor": 1}, "crab3@vocms0199.cern.ch": {"proxiedurl": "https://cmsweb.cern.ch:8443/scheddmon/0199", "weightfactor": 1}}, "asoConfig": [{"couchURL": "https://cmsweb.cern.ch/crabserver/prod", "couchDBName": "filetransfers"}], "htcondorPool": "cmsgwms-collector-global.cern.ch:9620,cmsgwms-collector-global.fnal.gov:9620"}
]}

 retcode : 0
DEBUG 2022-02-16 01:08:58.532 UTC: 	 Loading required information from the environment
DEBUG 2022-02-16 01:08:58.533 UTC: 	 Found CMSSW_10_6_13 for slc7_amd64_gcc820 with base /data9/Users/youngwan/work/HNTypeI_TnP/CMSSW_10_6_13
DEBUG 2022-02-16 01:08:58.533 UTC: 	 Loading required information from the environment
DEBUG 2022-02-16 01:08:58.533 UTC: 	 Found CMSSW_10_6_13 for slc7_amd64_gcc820 with base /data9/Users/youngwan/work/HNTypeI_TnP/CMSSW_10_6_13
DEBUG 2022-02-16 01:08:58.533 UTC: 	 UNIQUE NAME: tarUUID 32591d81-c3d9-4a2f-940c-e39ea3a871c7 
DEBUG 2022-02-16 01:08:58.533 UTC: 	 self.config: from WMCore.Configuration import Configuration
config = Configuration()
config.section_('General')
config.General.workArea = 'crab_ElectronTnP_HNtypeI_UL'
config.General.transferLogs = False
config.General.requestName = 'UL2018_DY_NLO'
config.section_('JobType')
config.JobType.psetName = '../python/TnPTreeProducer_cfg.py'
config.JobType.pluginName = 'Analysis'
config.JobType.pyCfgParams = ['doEleID=True', 'doPhoID=False', 'doTrigger=True', 'isMC=True', 'era=UL2018']
config.JobType.sendExternalFolder = True
config.JobType.allowUndistributedCMSSW = True
config.section_('Data')
config.Data.inputDataset = '/DYJetsToLL_M-50_TuneCP5_13TeV-amcatnloFXFX-pythia8/RunIISummer19UL18MiniAOD-106X_upgrade2018_realistic_v11_L1v1-v2/MINIAODSIM'
config.Data.allowNonValidInputDataset = True
config.Data.publication = False
config.Data.unitsPerJob = 5
config.Data.splitting = 'FileBased'
config.Data.inputDBS = 'global'
config.Data.outLFNDirBase = '/store/user/youngwan/ElectronTnP_HNtypeI_UL/UL2018/mc/'
config.Data.lumiMask = None
config.section_('Site')
config.Site.storageSite = 'T3_KR_KISTI'
config.section_('User')
config.section_('Debug')

DEBUG 2022-02-16 01:08:58.534 UTC: 	 self.config.JobType.psetName: ../python/TnPTreeProducer_cfg.py
INFO 2022-02-16 01:08:58.534 UTC: 	 Importing CMSSW configuration ../python/TnPTreeProducer_cfg.py
DEBUG 2022-02-16 01:08:58.534 UTC: 	 Additional parameters for the CMSSW configuration are: ['doEleID=True', 'doPhoID=False', 'doTrigger=True', 'isMC=True', 'era=UL2018']
INFO 2022-02-16 01:09:01.721 UTC: 	 Finished importing CMSSW configuration ../python/TnPTreeProducer_cfg.py
DEBUG 2022-02-16 01:09:01.722 UTC: 	 Writing CMSSW configuration to /data9/Users/youngwan/work/HNTypeI_TnP/CMSSW_10_6_13/src/EgammaAnalysis/TnPTreeProducer/crab/crab_ElectronTnP_HNtypeI_UL/crab_UL2018_DY_NLO/inputs/PSet.py
DEBUG 2022-02-16 01:09:02.615 UTC: 	 The following EDM output files will be collected: []
DEBUG 2022-02-16 01:09:02.615 UTC: 	 The following TFile output files will be collected: ['TnPTree_mc.root']
DEBUG 2022-02-16 01:09:02.615 UTC: 	 The following user output files (not listed as PoolOuputModule or TFileService in the CMSSW PSet) will be collected: 
DEBUG 2022-02-16 01:09:02.615 UTC: 	 Loading required information from the environment
DEBUG 2022-02-16 01:09:02.615 UTC: 	 Found CMSSW_10_6_13 for slc7_amd64_gcc820 with base /data9/Users/youngwan/work/HNTypeI_TnP/CMSSW_10_6_13
DEBUG 2022-02-16 01:09:02.615 UTC: 	 Making tarball in /data9/Users/youngwan/work/HNTypeI_TnP/CMSSW_10_6_13/src/EgammaAnalysis/TnPTreeProducer/crab/crab_ElectronTnP_HNtypeI_UL/crab_UL2018_DY_NLO/inputs/32591d81-c3d9-4a2f-940c-e39ea3a871c7default.tgz
DEBUG 2022-02-16 01:09:02.643 UTC: 	 Checking directory /data9/Users/youngwan/work/HNTypeI_TnP/CMSSW_10_6_13/lib
DEBUG 2022-02-16 01:09:02.644 UTC: 	 Adding directory /data9/Users/youngwan/work/HNTypeI_TnP/CMSSW_10_6_13/lib to tarball
DEBUG 2022-02-16 01:09:02.883 UTC: 	 Checking directory /data9/Users/youngwan/work/HNTypeI_TnP/CMSSW_10_6_13/biglib
DEBUG 2022-02-16 01:09:02.883 UTC: 	 Adding directory /data9/Users/youngwan/work/HNTypeI_TnP/CMSSW_10_6_13/biglib to tarball
DEBUG 2022-02-16 01:09:02.884 UTC: 	 Checking directory /data9/Users/youngwan/work/HNTypeI_TnP/CMSSW_10_6_13/module
DEBUG 2022-02-16 01:09:02.884 UTC: 	 Checking directory /data9/Users/youngwan/work/HNTypeI_TnP/CMSSW_10_6_13/external
DEBUG 2022-02-16 01:09:02.884 UTC: 	 Adding directory /data9/Users/youngwan/work/HNTypeI_TnP/CMSSW_10_6_13/external to tarball
DEBUG 2022-02-16 01:09:04.398 UTC: 	 Adding data directory /data9/Users/youngwan/work/HNTypeI_TnP/CMSSW_10_6_13/src/EgammaAnalysis/TnPTreeProducer/data to tarball
DEBUG 2022-02-16 01:09:09.781 UTC: 	 Uploading archive /data9/Users/youngwan/work/HNTypeI_TnP/CMSSW_10_6_13/src/EgammaAnalysis/TnPTreeProducer/crab/crab_ElectronTnP_HNtypeI_UL/crab_UL2018_DY_NLO/inputs/32591d81-c3d9-4a2f-940c-e39ea3a871c7default.tgz (6.648438.1 MB) to the CRAB cache. Using URI https://cmsweb.cern.ch/S3/crabcache_prod
DEBUG 2022-02-16 01:09:13.395 UTC: 	 Encoded data for curl request: tarballname=d0f326b1830e78f42b21b6ffde85c02bf8d984e65efe346f30c75cc45e61266a.tar.gz&subresource=upload&objecttype=sandbox
DEBUG 2022-02-16 01:09:13.396 UTC: 	 Executing command :
 curl -v -X GET -H "User-Agent: CRABClient/v3.211130" -H "Accept: */*" --data @/tmp/curlDataPvQPq5 --cert "/tmp/x509up_u5587" --key "/tmp/x509up_u5587" --capath "/etc/grid-security/certificates/" "https://cmsweb.cern.ch:8443/crabserver/prod/cache?tarballname=d0f326b1830e78f42b21b6ffde85c02bf8d984e65efe346f30c75cc45e61266a.tar.gz&subresource=upload&objecttype=sandbox" | tee /dev/stderr 
DEBUG 2022-02-16 01:09:14.981 UTC: 	 output : {"result": [
 "https://s3.cern.ch/crabcache_prod"
,{"key": "youngwan/sandboxes/d0f326b1830e78f42b21b6ffde85c02bf8d984e65efe346f30c75cc45e61266a.tar.gz", "AWSAccessKeyId": "d542228b5cc74605885bd10e80fe3e8f", "policy": "eyJleHBpcmF0aW9uIjogIjIwMjItMDItMTZUMDI6MDk6MTRaIiwgImNvbmRpdGlvbnMiOiBbeyJidWNrZXQiOiAiY3JhYmNhY2hlX3Byb2QifSwgeyJrZXkiOiAieW91bmd3YW4vc2FuZGJveGVzL2QwZjMyNmIxODMwZTc4ZjQyYjIxYjZmZmRlODVjMDJiZjhkOTg0ZTY1ZWZlMzQ2ZjMwYzc1Y2M0NWU2MTI2NmEudGFyLmd6In1dfQ==", "signature": "uagzzUu/ZsjWRMUZ9eis6xCdpXM="}
]}

 error:   % Total    % Received % Xferd  Average Speed   Time    Time     Time  Current
                                 Dload  Upload   Total   Spent    Left  Speed
  0     0    0     0    0     0      0      0 --:--:-- --:--:-- --:--:--     0*   Trying 188.185.88.214...
* TCP_NODELAY set
* Connected to cmsweb.cern.ch (188.185.88.214) port 8443 (#0)
* ALPN, offering http/1.1
* Cipher selection: ALL:!EXPORT:!EXPORT40:!EXPORT56:!aNULL:!LOW:!RC4:@STRENGTH
* successfully set certificate verify locations:
  CAfile: /etc/pki/tls/certs/ca-bundle.crt
  CApath: /etc/grid-security/certificates/
* TLSv1.2 (OUT), TLS header, Certificate Status (22):
} [5 bytes data]
* TLSv1.2 (OUT), TLS handshake, Client hello (1):
} [512 bytes data]
* TLSv1.2 (IN), TLS handshake, Server hello (2):
{ [109 bytes data]
* TLSv1.2 (IN), TLS handshake, Certificate (11):
{ [6224 bytes data]
* TLSv1.2 (IN), TLS handshake, Server key exchange (12):
{ [333 bytes data]
* TLSv1.2 (IN), TLS handshake, Request CERT (13):
{ [13495 bytes data]
* TLSv1.2 (IN), TLS handshake, Server finished (14):
{ [4 bytes data]
* TLSv1.2 (OUT), TLS handshake, Certificate (11):
} [6578 bytes data]
* TLSv1.2 (OUT), TLS handshake, Client key exchange (16):
} [70 bytes data]
* TLSv1.2 (OUT), TLS handshake, CERT verify (15):
} [136 bytes data]
* TLSv1.2 (OUT), TLS change cipher, Client hello (1):
} [1 bytes data]
* TLSv1.2 (OUT), TLS handshake, Finished (20):
} [16 bytes data]
  0     0    0     0    0     0      0      0 --:--:-- --:--:-- --:--:--     0* TLSv1.2 (IN), TLS change cipher, Client hello (1):
{ [1 bytes data]
* TLSv1.2 (IN), TLS handshake, Finished (20):
{ [16 bytes data]
* SSL connection using TLSv1.2 / ECDHE-RSA-AES128-GCM-SHA256
* ALPN, server accepted to use http/1.1
* Server certificate:
*  subject: DC=ch; DC=cern; OU=computers; CN=cmsweb.cern.ch
*  start date: Feb  2 08:08:53 2021 GMT
*  expire date: Mar  9 08:08:53 2022 GMT
*  subjectAltName: host "cmsweb.cern.ch" matched cert's "cmsweb.cern.ch"
*  issuer: DC=ch; DC=cern; CN=CERN Grid Certification Authority
*  SSL certificate verify ok.
} [5 bytes data]
> GET /crabserver/prod/cache?tarballname=d0f326b1830e78f42b21b6ffde85c02bf8d984e65efe346f30c75cc45e61266a.tar.gz&subresource=upload&objecttype=sandbox HTTP/1.1
> Host: cmsweb.cern.ch:8443
> User-Agent: CRABClient/v3.211130
> Accept: */*
> Content-Length: 121
> Content-Type: application/x-www-form-urlencoded
> 
} [121 bytes data]
* upload completely sent off: 121 out of 121 bytes
{ [5 bytes data]
< HTTP/1.1 200 OK
< Date: Wed, 16 Feb 2022 01:09:14 GMT
< Server: nginx/1.17.10
< Content-Type: application/json
< Content-Length: 521
< Vary: Accept-Encoding,Accept
< Cache-Control: max-age=3600
< X-Rest-Status: 100
< Etag: "095589ca9a998d4e36759b12360ef704221de7a0"
< X-Rest-Time: 22577.286 us
< CMS-Server-Time: D=34735 t=1644973754796174
< 
{ [5 bytes data]
100   642  100   521  100   121    334     77  0:00:01  0:00:01 --:--:--   412
* Connection #0 to host cmsweb.cern.ch left intact
{"result": [
 "https://s3.cern.ch/crabcache_prod"
,{"key": "youngwan/sandboxes/d0f326b1830e78f42b21b6ffde85c02bf8d984e65efe346f30c75cc45e61266a.tar.gz", "AWSAccessKeyId": "d542228b5cc74605885bd10e80fe3e8f", "policy": "eyJleHBpcmF0aW9uIjogIjIwMjItMDItMTZUMDI6MDk6MTRaIiwgImNvbmRpdGlvbnMiOiBbeyJidWNrZXQiOiAiY3JhYmNhY2hlX3Byb2QifSwgeyJrZXkiOiAieW91bmd3YW4vc2FuZGJveGVzL2QwZjMyNmIxODMwZTc4ZjQyYjIxYjZmZmRlODVjMDJiZjhkOTg0ZTY1ZWZlMzQ2ZjMwYzc1Y2M0NWU2MTI2NmEudGFyLmd6In1dfQ==", "signature": "uagzzUu/ZsjWRMUZ9eis6xCdpXM="}
]}

 retcode : 0
DEBUG 2022-02-16 01:09:14.983 UTC: 	 Will execute:
curl -f -v -X POST  -H "User-Agent: CRAB" -F "key=youngwan/sandboxes/d0f326b1830e78f42b21b6ffde85c02bf8d984e65efe346f30c75cc45e61266a.tar.gz" -F "AWSAccessKeyId=d542228b5cc74605885bd10e80fe3e8f" -F "policy=eyJleHBpcmF0aW9uIjogIjIwMjItMDItMTZUMDI6MDk6MTRaIiwgImNvbmRpdGlvbnMiOiBbeyJidWNrZXQiOiAiY3JhYmNhY2hlX3Byb2QifSwgeyJrZXkiOiAieW91bmd3YW4vc2FuZGJveGVzL2QwZjMyNmIxODMwZTc4ZjQyYjIxYjZmZmRlODVjMDJiZjhkOTg0ZTY1ZWZlMzQ2ZjMwYzc1Y2M0NWU2MTI2NmEudGFyLmd6In1dfQ==" -F "signature=uagzzUu/ZsjWRMUZ9eis6xCdpXM=" -F "file=@/data9/Users/youngwan/work/HNTypeI_TnP/CMSSW_10_6_13/src/EgammaAnalysis/TnPTreeProducer/crab/crab_ElectronTnP_HNtypeI_UL/crab_UL2018_DY_NLO/inputs/32591d81-c3d9-4a2f-940c-e39ea3a871c7default.tgz" "https://s3.cern.ch/crabcache_prod"
DEBUG 2022-02-16 01:09:19.961 UTC: 	 exitcode: 0
stdout: 
DEBUG 2022-02-16 01:09:19.962 UTC: 	 sandbox /data9/Users/youngwan/work/HNTypeI_TnP/CMSSW_10_6_13/src/EgammaAnalysis/TnPTreeProducer/crab/crab_ElectronTnP_HNtypeI_UL/crab_UL2018_DY_NLO/inputs/32591d81-c3d9-4a2f-940c-e39ea3a871c7default.tgz successully uploaded to S3
DEBUG 2022-02-16 01:09:19.962 UTC: 	 Loading required information from the environment
DEBUG 2022-02-16 01:09:19.962 UTC: 	 Found CMSSW_10_6_13 for slc7_amd64_gcc820 with base /data9/Users/youngwan/work/HNTypeI_TnP/CMSSW_10_6_13
DEBUG 2022-02-16 01:09:19.962 UTC: 	 Making tarball in /data9/Users/youngwan/work/HNTypeI_TnP/CMSSW_10_6_13/src/EgammaAnalysis/TnPTreeProducer/crab/crab_ElectronTnP_HNtypeI_UL/crab_UL2018_DY_NLO/inputs/debugFiles.tgz
DEBUG 2022-02-16 01:09:19.996 UTC: 	 Uploading archive /data9/Users/youngwan/work/HNTypeI_TnP/CMSSW_10_6_13/src/EgammaAnalysis/TnPTreeProducer/crab/crab_ElectronTnP_HNtypeI_UL/crab_UL2018_DY_NLO/inputs/debugFiles.tgz (4 KB) to the CRAB cache. Using URI https://cmsweb.cern.ch/S3/crabcache_prod
DEBUG 2022-02-16 01:09:20.003 UTC: 	 Encoded data for curl request: tarballname=3fb84bd3e26a97704f86464d37095c03dd81e20fb94be105a8be162ce770e336.tar.gz&subresource=upload&objecttype=sandbox
DEBUG 2022-02-16 01:09:20.003 UTC: 	 Executing command :
 curl -v -X GET -H "User-Agent: CRABClient/v3.211130" -H "Accept: */*" --data @/tmp/curlDataBvQh9w --cert "/tmp/x509up_u5587" --key "/tmp/x509up_u5587" --capath "/etc/grid-security/certificates/" "https://cmsweb.cern.ch:8443/crabserver/prod/cache?tarballname=3fb84bd3e26a97704f86464d37095c03dd81e20fb94be105a8be162ce770e336.tar.gz&subresource=upload&objecttype=sandbox" | tee /dev/stderr 
DEBUG 2022-02-16 01:09:21.548 UTC: 	 output : {"result": [
 "https://s3.cern.ch/crabcache_prod"
,{"key": "youngwan/sandboxes/3fb84bd3e26a97704f86464d37095c03dd81e20fb94be105a8be162ce770e336.tar.gz", "AWSAccessKeyId": "d542228b5cc74605885bd10e80fe3e8f", "policy": "eyJleHBpcmF0aW9uIjogIjIwMjItMDItMTZUMDI6MDk6MjFaIiwgImNvbmRpdGlvbnMiOiBbeyJidWNrZXQiOiAiY3JhYmNhY2hlX3Byb2QifSwgeyJrZXkiOiAieW91bmd3YW4vc2FuZGJveGVzLzNmYjg0YmQzZTI2YTk3NzA0Zjg2NDY0ZDM3MDk1YzAzZGQ4MWUyMGZiOTRiZTEwNWE4YmUxNjJjZTc3MGUzMzYudGFyLmd6In1dfQ==", "signature": "Mce9faK1zeucfLX8L8SPetcHJBw="}
]}

 error:   % Total    % Received % Xferd  Average Speed   Time    Time     Time  Current
                                 Dload  Upload   Total   Spent    Left  Speed
  0     0    0     0    0     0      0      0 --:--:-- --:--:-- --:--:--     0*   Trying 188.184.97.219...
* TCP_NODELAY set
  0     0    0     0    0     0      0      0 --:--:-- --:--:-- --:--:--     0* Connected to cmsweb.cern.ch (188.184.97.219) port 8443 (#0)
* ALPN, offering http/1.1
* Cipher selection: ALL:!EXPORT:!EXPORT40:!EXPORT56:!aNULL:!LOW:!RC4:@STRENGTH
* successfully set certificate verify locations:
  CAfile: /etc/pki/tls/certs/ca-bundle.crt
  CApath: /etc/grid-security/certificates/
* TLSv1.2 (OUT), TLS header, Certificate Status (22):
} [5 bytes data]
* TLSv1.2 (OUT), TLS handshake, Client hello (1):
} [512 bytes data]
* TLSv1.2 (IN), TLS handshake, Server hello (2):
{ [109 bytes data]
* TLSv1.2 (IN), TLS handshake, Certificate (11):
{ [6224 bytes data]
* TLSv1.2 (IN), TLS handshake, Server key exchange (12):
{ [333 bytes data]
* TLSv1.2 (IN), TLS handshake, Request CERT (13):
{ [13495 bytes data]
* TLSv1.2 (IN), TLS handshake, Server finished (14):
{ [4 bytes data]
* TLSv1.2 (OUT), TLS handshake, Certificate (11):
} [6578 bytes data]
* TLSv1.2 (OUT), TLS handshake, Client key exchange (16):
} [70 bytes data]
* TLSv1.2 (OUT), TLS handshake, CERT verify (15):
} [136 bytes data]
* TLSv1.2 (OUT), TLS change cipher, Client hello (1):
} [1 bytes data]
* TLSv1.2 (OUT), TLS handshake, Finished (20):
} [16 bytes data]
* TLSv1.2 (IN), TLS change cipher, Client hello (1):
{ [1 bytes data]
* TLSv1.2 (IN), TLS handshake, Finished (20):
{ [16 bytes data]
* SSL connection using TLSv1.2 / ECDHE-RSA-AES128-GCM-SHA256
* ALPN, server accepted to use http/1.1
* Server certificate:
*  subject: DC=ch; DC=cern; OU=computers; CN=cmsweb.cern.ch
*  start date: Feb  2 08:08:53 2021 GMT
*  expire date: Mar  9 08:08:53 2022 GMT
*  subjectAltName: host "cmsweb.cern.ch" matched cert's "cmsweb.cern.ch"
*  issuer: DC=ch; DC=cern; CN=CERN Grid Certification Authority
*  SSL certificate verify ok.
  0     0    0     0    0     0      0      0 --:--:--  0:00:01 --:--:--     0} [5 bytes data]
> GET /crabserver/prod/cache?tarballname=3fb84bd3e26a97704f86464d37095c03dd81e20fb94be105a8be162ce770e336.tar.gz&subresource=upload&objecttype=sandbox HTTP/1.1
> Host: cmsweb.cern.ch:8443
> User-Agent: CRABClient/v3.211130
> Accept: */*
> Content-Length: 121
> Content-Type: application/x-www-form-urlencoded
> 
} [121 bytes data]
* upload completely sent off: 121 out of 121 bytes
{ [5 bytes data]
< HTTP/1.1 200 OK
< Date: Wed, 16 Feb 2022 01:09:21 GMT
< Server: nginx/1.17.10
< Content-Type: application/json
< Content-Length: 521
< Vary: Accept-Encoding,Accept
< Cache-Control: max-age=3600
< X-Rest-Status: 100
< Etag: "53c9268bb8037e5c3fb16511a7fee4b215123bf3"
< X-Rest-Time: 8215.427 us
< CMS-Server-Time: D=17464 t=1644973761381353
< 
{ [5 bytes data]
100   642  100   521  100   121    345     80  0:00:01  0:00:01 --:--:--   426
* Connection #0 to host cmsweb.cern.ch left intact
{"result": [
 "https://s3.cern.ch/crabcache_prod"
,{"key": "youngwan/sandboxes/3fb84bd3e26a97704f86464d37095c03dd81e20fb94be105a8be162ce770e336.tar.gz", "AWSAccessKeyId": "d542228b5cc74605885bd10e80fe3e8f", "policy": "eyJleHBpcmF0aW9uIjogIjIwMjItMDItMTZUMDI6MDk6MjFaIiwgImNvbmRpdGlvbnMiOiBbeyJidWNrZXQiOiAiY3JhYmNhY2hlX3Byb2QifSwgeyJrZXkiOiAieW91bmd3YW4vc2FuZGJveGVzLzNmYjg0YmQzZTI2YTk3NzA0Zjg2NDY0ZDM3MDk1YzAzZGQ4MWUyMGZiOTRiZTEwNWE4YmUxNjJjZTc3MGUzMzYudGFyLmd6In1dfQ==", "signature": "Mce9faK1zeucfLX8L8SPetcHJBw="}
]}

 retcode : 0
DEBUG 2022-02-16 01:09:21.550 UTC: 	 Will execute:
curl -f -v -X POST  -H "User-Agent: CRAB" -F "key=youngwan/sandboxes/3fb84bd3e26a97704f86464d37095c03dd81e20fb94be105a8be162ce770e336.tar.gz" -F "AWSAccessKeyId=d542228b5cc74605885bd10e80fe3e8f" -F "policy=eyJleHBpcmF0aW9uIjogIjIwMjItMDItMTZUMDI6MDk6MjFaIiwgImNvbmRpdGlvbnMiOiBbeyJidWNrZXQiOiAiY3JhYmNhY2hlX3Byb2QifSwgeyJrZXkiOiAieW91bmd3YW4vc2FuZGJveGVzLzNmYjg0YmQzZTI2YTk3NzA0Zjg2NDY0ZDM3MDk1YzAzZGQ4MWUyMGZiOTRiZTEwNWE4YmUxNjJjZTc3MGUzMzYudGFyLmd6In1dfQ==" -F "signature=Mce9faK1zeucfLX8L8SPetcHJBw=" -F "file=@/data9/Users/youngwan/work/HNTypeI_TnP/CMSSW_10_6_13/src/EgammaAnalysis/TnPTreeProducer/crab/crab_ElectronTnP_HNtypeI_UL/crab_UL2018_DY_NLO/inputs/debugFiles.tgz" "https://s3.cern.ch/crabcache_prod"
DEBUG 2022-02-16 01:09:23.795 UTC: 	 exitcode: 0
stdout: 
DEBUG 2022-02-16 01:09:23.796 UTC: 	 sandbox /data9/Users/youngwan/work/HNTypeI_TnP/CMSSW_10_6_13/src/EgammaAnalysis/TnPTreeProducer/crab/crab_ElectronTnP_HNtypeI_UL/crab_UL2018_DY_NLO/inputs/debugFiles.tgz successully uploaded to S3
DEBUG 2022-02-16 01:09:23.796 UTC: 	 Result uploading input files: d0f326b1830e78f42b21b6ffde85c02bf8d984e65efe346f30c75cc45e61266a.tar.gz 
INFO 2022-02-16 01:09:23.797 UTC: 	 Sending the request to the server at cmsweb.cern.ch
DEBUG 2022-02-16 01:09:23.797 UTC: 	 Submitting {'maxjobruntime': 1250, 'extrajdl': [], 'ignorelocality': 0, 'savelogsflag': 0, 'useparent': 0, 'asyncdest': 'T3_KR_KISTI', 'algoargs': 5, 'cachefilename': 'd0f326b1830e78f42b21b6ffde85c02bf8d984e65efe346f30c75cc45e61266a.tar.gz', 'numcores': 1, 'addoutputfiles': [], 'generator': 'pythia', 'maxmemory': 2000, 'publishdbsurl': 'https://cmsweb.cern.ch/dbs/prod/phys03/DBSWriter', 'priority': 10, 'jobsw': 'CMSSW_10_6_13', 'edmoutfiles': [], 'userfiles': [], 'primarydataset': '', 'inputdata': '/DYJetsToLL_M-50_TuneCP5_13TeV-amcatnloFXFX-pythia8/RunIISummer19UL18MiniAOD-106X_upgrade2018_realistic_v11_L1v1-v2/MINIAODSIM', 'lfn': '/store/user/youngwan/ElectronTnP_HNtypeI_UL/UL2018/mc/', 'dryrun': 0, 'workflow': 'crab_UL2018_DY_NLO', 'cacheurl': u'https://cmsweb.cern.ch/S3/crabcache_prod', 'nonprodsw': 1, 'tfileoutfiles': ['TnPTree_mc.root'], 'oneEventMode': 0, 'debugfilename': '3fb84bd3e26a97704f86464d37095c03dd81e20fb94be105a8be162ce770e336.tar.gz', 'saveoutput': 1, 'publication': 0, 'jobarch': 'slc7_amd64_gcc820', 'totalunits': 0, 'splitalgo': 'FileBased', 'ignoreglobalblacklist': 0, 'nonvaliddata': 1, 'dbsurl': 'https://cmsweb.cern.ch/dbs/prod/global/DBSReader', 'publishgroupname': 0, 'jobtype': 'Analysis', 'publishname2': ''} 
DEBUG 2022-02-16 01:09:23.798 UTC: 	 Encoded submit request: maxjobruntime=1250&ignorelocality=0&savelogsflag=0&useparent=0&asyncdest=T3_KR_KISTI&algoargs=5&cachefilename=d0f326b1830e78f42b21b6ffde85c02bf8d984e65efe346f30c75cc45e61266a.tar.gz&numcores=1&generator=pythia&maxmemory=2000&publishdbsurl=https%3A%2F%2Fcmsweb.cern.ch%2Fdbs%2Fprod%2Fphys03%2FDBSWriter&priority=10&jobsw=CMSSW_10_6_13&primarydataset=&inputdata=%2FDYJetsToLL_M-50_TuneCP5_13TeV-amcatnloFXFX-pythia8%2FRunIISummer19UL18MiniAOD-106X_upgrade2018_realistic_v11_L1v1-v2%2FMINIAODSIM&lfn=%2Fstore%2Fuser%2Fyoungwan%2FElectronTnP_HNtypeI_UL%2FUL2018%2Fmc%2F&dryrun=0&workflow=crab_UL2018_DY_NLO&cacheurl=https%3A%2F%2Fcmsweb.cern.ch%2FS3%2Fcrabcache_prod&nonprodsw=1&oneEventMode=0&debugfilename=3fb84bd3e26a97704f86464d37095c03dd81e20fb94be105a8be162ce770e336.tar.gz&saveoutput=1&publication=0&jobarch=slc7_amd64_gcc820&totalunits=0&splitalgo=FileBased&ignoreglobalblacklist=0&nonvaliddata=1&dbsurl=https%3A%2F%2Fcmsweb.cern.ch%2Fdbs%2Fprod%2Fglobal%2FDBSReader&publishgroupname=0&jobtype=Analysis&publishname2=&tfileoutfiles=TnPTree_mc.root
DEBUG 2022-02-16 01:09:23.798 UTC: 	 Encoded data for curl request: maxjobruntime=1250&ignorelocality=0&savelogsflag=0&useparent=0&asyncdest=T3_KR_KISTI&algoargs=5&cachefilename=d0f326b1830e78f42b21b6ffde85c02bf8d984e65efe346f30c75cc45e61266a.tar.gz&numcores=1&generator=pythia&maxmemory=2000&publishdbsurl=https%3A%2F%2Fcmsweb.cern.ch%2Fdbs%2Fprod%2Fphys03%2FDBSWriter&priority=10&jobsw=CMSSW_10_6_13&primarydataset=&inputdata=%2FDYJetsToLL_M-50_TuneCP5_13TeV-amcatnloFXFX-pythia8%2FRunIISummer19UL18MiniAOD-106X_upgrade2018_realistic_v11_L1v1-v2%2FMINIAODSIM&lfn=%2Fstore%2Fuser%2Fyoungwan%2FElectronTnP_HNtypeI_UL%2FUL2018%2Fmc%2F&dryrun=0&workflow=crab_UL2018_DY_NLO&cacheurl=https%3A%2F%2Fcmsweb.cern.ch%2FS3%2Fcrabcache_prod&nonprodsw=1&oneEventMode=0&debugfilename=3fb84bd3e26a97704f86464d37095c03dd81e20fb94be105a8be162ce770e336.tar.gz&saveoutput=1&publication=0&jobarch=slc7_amd64_gcc820&totalunits=0&splitalgo=FileBased&ignoreglobalblacklist=0&nonvaliddata=1&dbsurl=https%3A%2F%2Fcmsweb.cern.ch%2Fdbs%2Fprod%2Fglobal%2FDBSReader&publishgroupname=0&jobtype=Analysis&publishname2=&tfileoutfiles=TnPTree_mc.root
DEBUG 2022-02-16 01:09:23.799 UTC: 	 Executing command :
 curl -v -X PUT -H "User-Agent: CRABClient/v3.211130" -H "Accept: */*" --data @/tmp/curlData22q07Q --cert "/tmp/x509up_u5587" --key "/tmp/x509up_u5587" --capath "/etc/grid-security/certificates/" "https://cmsweb.cern.ch:8443/crabserver/prod/workflow" | tee /dev/stderr 
DEBUG 2022-02-16 01:09:25.617 UTC: 	 output : {"result": [
 {"RequestName": "220216_010925:youngwan_crab_UL2018_DY_NLO"}
]}

 error:   % Total    % Received % Xferd  Average Speed   Time    Time     Time  Current
                                 Dload  Upload   Total   Spent    Left  Speed
  0     0    0     0    0     0      0      0 --:--:-- --:--:-- --:--:--     0*   Trying 188.185.120.166...
* TCP_NODELAY set
* Connected to cmsweb.cern.ch (188.185.120.166) port 8443 (#0)
* ALPN, offering http/1.1
* Cipher selection: ALL:!EXPORT:!EXPORT40:!EXPORT56:!aNULL:!LOW:!RC4:@STRENGTH
* successfully set certificate verify locations:
  CAfile: /etc/pki/tls/certs/ca-bundle.crt
  CApath: /etc/grid-security/certificates/
* TLSv1.2 (OUT), TLS header, Certificate Status (22):
} [5 bytes data]
* TLSv1.2 (OUT), TLS handshake, Client hello (1):
} [512 bytes data]
* TLSv1.2 (IN), TLS handshake, Server hello (2):
{ [109 bytes data]
  0     0    0     0    0     0      0      0 --:--:-- --:--:-- --:--:--     0* TLSv1.2 (IN), TLS handshake, Certificate (11):
{ [6224 bytes data]
* TLSv1.2 (IN), TLS handshake, Server key exchange (12):
{ [333 bytes data]
* TLSv1.2 (IN), TLS handshake, Request CERT (13):
{ [13495 bytes data]
* TLSv1.2 (IN), TLS handshake, Server finished (14):
{ [4 bytes data]
* TLSv1.2 (OUT), TLS handshake, Certificate (11):
} [6578 bytes data]
* TLSv1.2 (OUT), TLS handshake, Client key exchange (16):
} [70 bytes data]
* TLSv1.2 (OUT), TLS handshake, CERT verify (15):
} [136 bytes data]
* TLSv1.2 (OUT), TLS change cipher, Client hello (1):
} [1 bytes data]
* TLSv1.2 (OUT), TLS handshake, Finished (20):
} [16 bytes data]
* TLSv1.2 (IN), TLS change cipher, Client hello (1):
{ [1 bytes data]
* TLSv1.2 (IN), TLS handshake, Finished (20):
{ [16 bytes data]
* SSL connection using TLSv1.2 / ECDHE-RSA-AES128-GCM-SHA256
* ALPN, server accepted to use http/1.1
* Server certificate:
*  subject: DC=ch; DC=cern; OU=computers; CN=cmsweb.cern.ch
*  start date: Feb  2 08:08:53 2021 GMT
*  expire date: Mar  9 08:08:53 2022 GMT
*  subjectAltName: host "cmsweb.cern.ch" matched cert's "cmsweb.cern.ch"
*  issuer: DC=ch; DC=cern; CN=CERN Grid Certification Authority
*  SSL certificate verify ok.
} [5 bytes data]
> PUT /crabserver/prod/workflow HTTP/1.1
> Host: cmsweb.cern.ch:8443
> User-Agent: CRABClient/v3.211130
> Accept: */*
> Content-Length: 1050
> Content-Type: application/x-www-form-urlencoded
> Expect: 100-continue
> 
{ [5 bytes data]
< HTTP/1.1 100 Continue
  0  1050    0     0    0     0      0      0 --:--:--  0:00:01 --:--:--     0} [5 bytes data]
* We are completely uploaded and fine
{ [5 bytes data]
< HTTP/1.1 200 OK
< Date: Wed, 16 Feb 2022 01:09:25 GMT
< Server: nginx/1.17.10
< Content-Type: application/json
< Content-Length: 78
< Vary: Accept
< X-Rest-Status: 100
< Etag: "f6973c7bbfe1b86b35646ba82e14feb64ed62d94"
< X-Rest-Time: 18757.582 us
< CMS-Server-Time: D=315188 t=1644973765151808
< 
{ [5 bytes data]
100  1128  100    78  100  1050     43    590  0:00:01  0:00:01 --:--:--   633
* Connection #0 to host cmsweb.cern.ch left intact
{"result": [
 {"RequestName": "220216_010925:youngwan_crab_UL2018_DY_NLO"}
]}

 retcode : 0
DEBUG 2022-02-16 01:09:25.619 UTC: 	 Result: {u'result': [{u'RequestName': u'220216_010925:youngwan_crab_UL2018_DY_NLO'}]}
INFO 2022-02-16 01:09:25.625 UTC: 	 Success: Your task has been delivered to the prod CRAB3 server.
INFO 2022-02-16 01:09:25.625 UTC: 	 Task name: 220216_010925:youngwan_crab_UL2018_DY_NLO
INFO 2022-02-16 01:09:25.625 UTC: 	 Project dir: crab_ElectronTnP_HNtypeI_UL/crab_UL2018_DY_NLO
INFO 2022-02-16 01:09:25.626 UTC: 	 Please use ' crab status -d crab_ElectronTnP_HNtypeI_UL/crab_UL2018_DY_NLO ' to check how the submission process proceeds.
DEBUG 2022-02-16 01:09:25.626 UTC: 	 About to return
